#
# There is insufficient memory for the Java Runtime Environment to continue.
# Native memory allocation (mmap) failed to map 193986560 bytes for G1 virtual space
# Possible reasons:
#   The system is out of physical RAM or swap space
#   The process is running with CompressedOops enabled, and the Java Heap may be blocking the growth of the native heap
# Possible solutions:
#   Reduce memory load on the system
#   Increase physical memory or swap space
#   Check if swap backing store is full
#   Decrease Java heap size (-Xmx/-Xms)
#   Decrease number of Java threads
#   Decrease Java thread stack sizes (-Xss)
#   Set larger code cache with -XX:ReservedCodeCacheSize=
#   JVM is running with Unscaled Compressed Oops mode in which the Java heap is
#     placed in the first 4GB address space. The Java Heap base address is the
#     maximum limit for the native heap growth. Please use -XX:HeapBaseMinAddress
#     to set the Java Heap base and to place the Java Heap above 4GB virtual address.
# This output file may be truncated or incomplete.
#
#  Out of Memory Error (os_windows.cpp:3548), pid=9976, tid=15036
#
# JRE version: Java(TM) SE Runtime Environment (17.0.11+7) (build 17.0.11+7-LTS-207)
# Java VM: Java HotSpot(TM) 64-Bit Server VM (17.0.11+7-LTS-207, mixed mode, sharing, tiered, compressed oops, compressed class ptrs, g1 gc, windows-amd64)
# No core dump will be written. Minidumps are not enabled by default on client versions of Windows
#

---------------  S U M M A R Y ------------

Command Line: -javaagent:C:\Program Files\JetBrains\IntelliJ IDEA Community Edition 2024.2.2\lib\idea_rt.jar=65227:C:\Program Files\JetBrains\IntelliJ IDEA Community Edition 2024.2.2\bin -Dfile.encoding=UTF-8 co.vinni.cqrs.CqrsQueryApplication

Host: Intel(R) Core(TM) i7-5500U CPU @ 2.40GHz, 4 cores, 3G,  Windows 10 , 64 bit Build 19041 (10.0.19041.4957)
Time: Sat Nov  9 17:18:27 2024 Hora est. Pacífico, Sudamérica elapsed time: 149.644154 seconds (0d 0h 2m 29s)

---------------  T H R E A D  ---------------

Current thread (0x0000025e58277380):  VMThread "VM Thread" [stack: 0x0000008443b00000,0x0000008443c00000] [id=15036]

Stack: [0x0000008443b00000,0x0000008443c00000]
Native frames: (J=compiled Java code, j=interpreted, Vv=VM code, C=native code)
V  [jvm.dll+0x679cca]
V  [jvm.dll+0x7da13d]
V  [jvm.dll+0x7dba83]
V  [jvm.dll+0x7dc0f3]
V  [jvm.dll+0x2449af]
V  [jvm.dll+0x676ce9]
V  [jvm.dll+0x66b852]
V  [jvm.dll+0x3018d6]
V  [jvm.dll+0x308e76]
V  [jvm.dll+0x3596ee]
V  [jvm.dll+0x35991f]
V  [jvm.dll+0x2d89a8]
V  [jvm.dll+0x2d6ddd]
V  [jvm.dll+0x2d642c]
V  [jvm.dll+0x319f8b]
V  [jvm.dll+0x7e09eb]
V  [jvm.dll+0x7e1724]
V  [jvm.dll+0x7e1c3d]
V  [jvm.dll+0x7e2014]
V  [jvm.dll+0x7e20e0]
V  [jvm.dll+0x78a85a]
V  [jvm.dll+0x678bb5]
C  [ucrtbase.dll+0x21bb2]
C  [KERNEL32.DLL+0x17374]
C  [ntdll.dll+0x4cc91]

VM_Operation (0x0000008446bfd790): G1CollectForAllocation, mode: safepoint, requested by thread 0x0000025e7c2f1f30


---------------  P R O C E S S  ---------------

Threads class SMR info:
_java_thread_list=0x0000025e7afafdc0, length=48, elements={
0x0000025e5827ef10, 0x0000025e5827fca0, 0x0000025e73320fb0, 0x0000025e73323890,
0x0000025e73324160, 0x0000025e733251d0, 0x0000025e73326570, 0x0000025e7332cb30,
0x0000025e7332ffa0, 0x0000025e7331c0d0, 0x0000025e7381e240, 0x0000025e7381eba0,
0x0000025e79a39cf0, 0x0000025e79647040, 0x0000025e78e83750, 0x0000025e7a1f1a90,
0x0000025e7a1f24b0, 0x0000025e7aca3d10, 0x0000025e7aca1490, 0x0000025e7aca2de0,
0x0000025e7aca23c0, 0x0000025e7aca28d0, 0x0000025e7aca1eb0, 0x0000025e7aca19a0,
0x0000025e7aca32f0, 0x0000025e7aca4220, 0x0000025e7aca4730, 0x0000025e7aca4c40,
0x0000025e7a1f29c0, 0x0000025e7c2f6100, 0x0000025e7c2f1a20, 0x0000025e7c2f3880,
0x0000025e7c2f2950, 0x0000025e7c2f0af0, 0x0000025e7c2f6610, 0x0000025e7c2f7a50,
0x0000025e7c2f7f60, 0x0000025e7c2f6b20, 0x0000025e7c2f42a0, 0x0000025e7c2f5bf0,
0x0000025e7c2f51d0, 0x0000025e7c2f1f30, 0x0000025e7c2f7030, 0x0000025e7c2f7540,
0x0000025e7c2f1510, 0x0000025e7c2f8470, 0x0000025e7c2f1000, 0x0000025e7c2f2440
}

Java Threads: ( => current thread )
  0x0000025e5827ef10 JavaThread "Reference Handler" daemon [_thread_blocked, id=14304, stack(0x0000008443c00000,0x0000008443d00000)]
  0x0000025e5827fca0 JavaThread "Finalizer" daemon [_thread_blocked, id=4600, stack(0x0000008443d00000,0x0000008443e00000)]
  0x0000025e73320fb0 JavaThread "Signal Dispatcher" daemon [_thread_blocked, id=15200, stack(0x0000008443f00000,0x0000008444000000)]
  0x0000025e73323890 JavaThread "Attach Listener" daemon [_thread_blocked, id=6048, stack(0x0000008444000000,0x0000008444100000)]
  0x0000025e73324160 JavaThread "Service Thread" daemon [_thread_blocked, id=2160, stack(0x0000008444100000,0x0000008444200000)]
  0x0000025e733251d0 JavaThread "Monitor Deflation Thread" daemon [_thread_blocked, id=9040, stack(0x0000008444200000,0x0000008444300000)]
  0x0000025e73326570 JavaThread "C2 CompilerThread0" daemon [_thread_blocked, id=8548, stack(0x0000008444300000,0x0000008444400000)]
  0x0000025e7332cb30 JavaThread "C1 CompilerThread0" daemon [_thread_blocked, id=11100, stack(0x0000008444400000,0x0000008444500000)]
  0x0000025e7332ffa0 JavaThread "Sweeper thread" daemon [_thread_blocked, id=14596, stack(0x0000008444500000,0x0000008444600000)]
  0x0000025e7331c0d0 JavaThread "Common-Cleaner" daemon [_thread_blocked, id=7436, stack(0x0000008444600000,0x0000008444700000)]
  0x0000025e7381e240 JavaThread "Monitor Ctrl-Break" daemon [_thread_in_native, id=1048, stack(0x0000008444700000,0x0000008444800000)]
  0x0000025e7381eba0 JavaThread "Notification Thread" daemon [_thread_blocked, id=268, stack(0x0000008444800000,0x0000008444900000)]
  0x0000025e79a39cf0 JavaThread "Catalina-utility-1" [_thread_blocked, id=11372, stack(0x0000008444d00000,0x0000008444e00000)]
  0x0000025e79647040 JavaThread "Catalina-utility-2" [_thread_blocked, id=8704, stack(0x0000008444e00000,0x0000008444f00000)]
  0x0000025e78e83750 JavaThread "container-0" [_thread_blocked, id=4852, stack(0x0000008444f00000,0x0000008445000000)]
  0x0000025e7a1f1a90 JavaThread "HikariPool-1 housekeeper" daemon [_thread_blocked, id=3496, stack(0x0000008445000000,0x0000008445100000)]
  0x0000025e7a1f24b0 JavaThread "BufferPoolPruner-1-thread-1" daemon [_thread_blocked, id=15260, stack(0x0000008445200000,0x0000008445300000)]
  0x0000025e7aca3d10 JavaThread "cluster-ClusterId{value='672fdf2bf2bc910b5ffaefb2', description='null'}-localhost:27017" daemon [_thread_in_native, id=2564, stack(0x0000008445300000,0x0000008445400000)]
  0x0000025e7aca1490 JavaThread "cluster-rtt-ClusterId{value='672fdf2bf2bc910b5ffaefb2', description='null'}-localhost:27017" daemon [_thread_blocked, id=14716, stack(0x0000008445400000,0x0000008445500000)]
  0x0000025e7aca2de0 JavaThread "MaintenanceTimer-2-thread-1" daemon [_thread_blocked, id=3812, stack(0x0000008445600000,0x0000008445700000)]
  0x0000025e7aca23c0 JavaThread "http-nio-8622-exec-1" daemon [_thread_blocked, id=10580, stack(0x0000008445700000,0x0000008445800000)]
  0x0000025e7aca28d0 JavaThread "http-nio-8622-exec-2" daemon [_thread_blocked, id=2060, stack(0x0000008445800000,0x0000008445900000)]
  0x0000025e7aca1eb0 JavaThread "http-nio-8622-exec-3" daemon [_thread_blocked, id=6780, stack(0x0000008445900000,0x0000008445a00000)]
  0x0000025e7aca19a0 JavaThread "http-nio-8622-exec-4" daemon [_thread_blocked, id=13040, stack(0x0000008445a00000,0x0000008445b00000)]
  0x0000025e7aca32f0 JavaThread "http-nio-8622-exec-5" daemon [_thread_blocked, id=15076, stack(0x0000008445b00000,0x0000008445c00000)]
  0x0000025e7aca4220 JavaThread "http-nio-8622-exec-6" daemon [_thread_blocked, id=11104, stack(0x0000008445c00000,0x0000008445d00000)]
  0x0000025e7aca4730 JavaThread "http-nio-8622-exec-7" daemon [_thread_blocked, id=13020, stack(0x0000008445d00000,0x0000008445e00000)]
  0x0000025e7aca4c40 JavaThread "http-nio-8622-exec-8" daemon [_thread_blocked, id=8104, stack(0x0000008445e00000,0x0000008445f00000)]
  0x0000025e7a1f29c0 JavaThread "http-nio-8622-exec-9" daemon [_thread_blocked, id=1460, stack(0x0000008445f00000,0x0000008446000000)]
  0x0000025e7c2f6100 JavaThread "http-nio-8622-exec-10" daemon [_thread_blocked, id=2348, stack(0x0000008446000000,0x0000008446100000)]
  0x0000025e7c2f1a20 JavaThread "http-nio-8622-Poller" daemon [_thread_in_native, id=3944, stack(0x0000008446100000,0x0000008446200000)]
  0x0000025e7c2f3880 JavaThread "http-nio-8622-Acceptor" daemon [_thread_in_native, id=12496, stack(0x0000008446200000,0x0000008446300000)]
  0x0000025e7c2f2950 JavaThread "ThreadPoolTaskScheduler-1" [_thread_blocked, id=15004, stack(0x0000008446300000,0x0000008446400000)]
  0x0000025e7c2f0af0 JavaThread "org.springframework.kafka.KafkaListenerEndpointContainer#2-0-C-1" [_thread_in_native, id=9424, stack(0x0000008445100000,0x0000008445200000)]
  0x0000025e7c2f6610 JavaThread "ThreadPoolTaskScheduler-1" [_thread_blocked, id=8672, stack(0x0000008446400000,0x0000008446500000)]
  0x0000025e7c2f7a50 JavaThread "org.springframework.kafka.KafkaListenerEndpointContainer#3-0-C-1" [_thread_in_native, id=14496, stack(0x0000008446500000,0x0000008446600000)]
  0x0000025e7c2f7f60 JavaThread "ThreadPoolTaskScheduler-1" [_thread_blocked, id=14892, stack(0x0000008446600000,0x0000008446700000)]
  0x0000025e7c2f6b20 JavaThread "org.springframework.kafka.KafkaListenerEndpointContainer#4-0-C-1" [_thread_in_native, id=2952, stack(0x0000008446700000,0x0000008446800000)]
  0x0000025e7c2f42a0 JavaThread "ThreadPoolTaskScheduler-1" [_thread_blocked, id=8464, stack(0x0000008446800000,0x0000008446900000)]
  0x0000025e7c2f5bf0 JavaThread "org.springframework.kafka.KafkaListenerEndpointContainer#0-0-C-1" [_thread_in_native, id=10744, stack(0x0000008446900000,0x0000008446a00000)]
  0x0000025e7c2f51d0 JavaThread "ThreadPoolTaskScheduler-1" [_thread_blocked, id=11536, stack(0x0000008446a00000,0x0000008446b00000)]
  0x0000025e7c2f1f30 JavaThread "org.springframework.kafka.KafkaListenerEndpointContainer#1-0-C-1" [_thread_blocked, id=14436, stack(0x0000008446b00000,0x0000008446c00000)]
  0x0000025e7c2f7030 JavaThread "DestroyJavaVM" [_thread_blocked, id=12612, stack(0x0000008443500000,0x0000008443600000)]
  0x0000025e7c2f7540 JavaThread "kafka-coordinator-heartbeat-thread | usuario-event-group" daemon [_thread_blocked, id=12220, stack(0x0000008446c00000,0x0000008446d00000)]
  0x0000025e7c2f1510 JavaThread "kafka-coordinator-heartbeat-thread | student-event-group" daemon [_thread_blocked, id=12344, stack(0x0000008446d00000,0x0000008446e00000)]
  0x0000025e7c2f8470 JavaThread "kafka-coordinator-heartbeat-thread | domiciliario-event-group" daemon [_thread_blocked, id=2228, stack(0x0000008446e00000,0x0000008446f00000)]
  0x0000025e7c2f1000 JavaThread "kafka-coordinator-heartbeat-thread | restaurante-event-group" daemon [_thread_blocked, id=13936, stack(0x0000008446f00000,0x0000008447000000)]
  0x0000025e7c2f2440 JavaThread "kafka-coordinator-heartbeat-thread | pedido-event-group" daemon [_thread_blocked, id=5996, stack(0x0000008447000000,0x0000008447100000)]

Other Threads:
=>0x0000025e58277380 VMThread "VM Thread" [stack: 0x0000008443b00000,0x0000008443c00000] [id=15036]
  0x0000025e7381f080 WatcherThread [stack: 0x0000008444900000,0x0000008444a00000] [id=9316]
  0x0000025e581fe500 GCTaskThread "GC Thread#0" [stack: 0x0000008443600000,0x0000008443700000] [id=13048]
  0x0000025e78533960 GCTaskThread "GC Thread#1" [stack: 0x0000008444a00000,0x0000008444b00000] [id=14688]
  0x0000025e78223fb0 GCTaskThread "GC Thread#2" [stack: 0x0000008444b00000,0x0000008444c00000] [id=14804]
  0x0000025e78286270 GCTaskThread "GC Thread#3" [stack: 0x0000008444c00000,0x0000008444d00000] [id=11912]
  0x0000025e58208070 ConcurrentGCThread "G1 Main Marker" [stack: 0x0000008443700000,0x0000008443800000] [id=4864]
  0x0000025e58208990 ConcurrentGCThread "G1 Conc#0" [stack: 0x0000008443800000,0x0000008443900000] [id=10088]
  0x0000025e58258270 ConcurrentGCThread "G1 Refine#0" [stack: 0x0000008443900000,0x0000008443a00000] [id=12028]
  0x0000025e58258bb0 ConcurrentGCThread "G1 Service" [stack: 0x0000008443a00000,0x0000008443b00000] [id=9816]

Threads with active compile tasks:

VM state: at safepoint (normal execution)

VM Mutex/Monitor currently owned by a thread:  ([mutex/lock_event])
[0x0000025e581be2b0] Threads_lock - owner thread: 0x0000025e58277380
[0x0000025e581be190] Heap_lock - owner thread: 0x0000025e7c2f1f30

Heap address: 0x00000000c1800000, size: 1000 MB, Compressed Oops mode: 32-bit

CDS archive(s) mapped at: [0x0000025e00000000-0x0000025e00bd0000-0x0000025e00bd0000), size 12386304, SharedBaseAddress: 0x0000025e00000000, ArchiveRelocationMode: 1.
Compressed class space mapped at: 0x0000025e01000000-0x0000025e41000000, reserved size: 1073741824
Narrow klass base: 0x0000025e00000000, Narrow klass shift: 0, Narrow klass range: 0x100000000

GC Precious Log:
 CPUs: 4 total, 4 available
 Memory: 3998M
 Large Page Support: Disabled
 NUMA Support: Disabled
 Compressed Oops: Enabled (32-bit)
 Heap Region Size: 1M
 Heap Min Capacity: 8M
 Heap Initial Capacity: 64M
 Heap Max Capacity: 1000M
 Pre-touch: Disabled
 Parallel Workers: 4
 Concurrent Workers: 1
 Concurrent Refinement Workers: 4
 Periodic GC: Disabled

Heap:
 garbage-first heap   total 111616K, used 35757K [0x00000000c1800000, 0x0000000100000000)
  region size 1024K, 1 young (1024K), 1 survivors (1024K)
 Metaspace       used 84078K, committed 84736K, reserved 1179648K
  class space    used 11063K, committed 11392K, reserved 1048576K

Heap Regions: E=young(eden), S=young(survivor), O=old, HS=humongous(starts), HC=humongous(continues), CS=collection set, F=free, OA=open archive, CA=closed archive, TAMS=top-at-mark-start (previous, next)
|   0|0x00000000c1800000, 0x00000000c1900000, 0x00000000c1900000|100%|HS|  |TAMS 0x00000000c1900000, 0x00000000c1800000| Complete 
|   1|0x00000000c1900000, 0x00000000c1a00000, 0x00000000c1a00000|100%| O|  |TAMS 0x00000000c1a00000, 0x00000000c1900000| Untracked 
|   2|0x00000000c1a00000, 0x00000000c1b00000, 0x00000000c1b00000|100%| O|  |TAMS 0x00000000c1b00000, 0x00000000c1a00000| Untracked 
|   3|0x00000000c1b00000, 0x00000000c1c00000, 0x00000000c1c00000|100%| O|  |TAMS 0x00000000c1c00000, 0x00000000c1b00000| Untracked 
|   4|0x00000000c1c00000, 0x00000000c1d00000, 0x00000000c1d00000|100%| O|  |TAMS 0x00000000c1d00000, 0x00000000c1c00000| Untracked 
|   5|0x00000000c1d00000, 0x00000000c1e00000, 0x00000000c1e00000|100%| O|  |TAMS 0x00000000c1e00000, 0x00000000c1d00000| Untracked 
|   6|0x00000000c1e00000, 0x00000000c1f00000, 0x00000000c1f00000|100%| O|  |TAMS 0x00000000c1f00000, 0x00000000c1e00000| Untracked 
|   7|0x00000000c1f00000, 0x00000000c1fe1200, 0x00000000c2000000| 87%| O|  |TAMS 0x00000000c1fe1200, 0x00000000c1f00000| Untracked 
|   8|0x00000000c2000000, 0x00000000c2100000, 0x00000000c2100000|100%| O|  |TAMS 0x00000000c2100000, 0x00000000c2000000| Untracked 
|   9|0x00000000c2100000, 0x00000000c2200000, 0x00000000c2200000|100%| O|  |TAMS 0x00000000c2200000, 0x00000000c2100000| Untracked 
|  10|0x00000000c2200000, 0x00000000c2300000, 0x00000000c2300000|100%| O|  |TAMS 0x00000000c2300000, 0x00000000c2200000| Untracked 
|  11|0x00000000c2300000, 0x00000000c2400000, 0x00000000c2400000|100%| O|  |TAMS 0x00000000c2400000, 0x00000000c2300000| Untracked 
|  12|0x00000000c2400000, 0x00000000c2500000, 0x00000000c2500000|100%| O|  |TAMS 0x00000000c2500000, 0x00000000c2400000| Untracked 
|  13|0x00000000c2500000, 0x00000000c2600000, 0x00000000c2600000|100%| O|  |TAMS 0x00000000c2600000, 0x00000000c2500000| Untracked 
|  14|0x00000000c2600000, 0x00000000c2700000, 0x00000000c2700000|100%| O|  |TAMS 0x00000000c2700000, 0x00000000c2600000| Untracked 
|  15|0x00000000c2700000, 0x00000000c2800000, 0x00000000c2800000|100%| O|  |TAMS 0x00000000c2800000, 0x00000000c2700000| Untracked 
|  16|0x00000000c2800000, 0x00000000c2900000, 0x00000000c2900000|100%| O|  |TAMS 0x00000000c2900000, 0x00000000c2800000| Untracked 
|  17|0x00000000c2900000, 0x00000000c2a00000, 0x00000000c2a00000|100%| O|  |TAMS 0x00000000c2a00000, 0x00000000c2900000| Untracked 
|  18|0x00000000c2a00000, 0x00000000c2b00000, 0x00000000c2b00000|100%| O|  |TAMS 0x00000000c2b00000, 0x00000000c2a00000| Untracked 
|  19|0x00000000c2b00000, 0x00000000c2b02c00, 0x00000000c2c00000|  1%| O|  |TAMS 0x00000000c2b02200, 0x00000000c2b00000| Untracked 
|  20|0x00000000c2c00000, 0x00000000c2d00000, 0x00000000c2d00000|100%| O|  |TAMS 0x00000000c2d00000, 0x00000000c2c00000| Untracked 
|  21|0x00000000c2d00000, 0x00000000c2e00000, 0x00000000c2e00000|100%| O|  |TAMS 0x00000000c2e00000, 0x00000000c2d00000| Untracked 
|  22|0x00000000c2e00000, 0x00000000c2f00000, 0x00000000c2f00000|100%| O|  |TAMS 0x00000000c2f00000, 0x00000000c2e00000| Untracked 
|  23|0x00000000c2f00000, 0x00000000c3000000, 0x00000000c3000000|100%| O|  |TAMS 0x00000000c3000000, 0x00000000c2f00000| Untracked 
|  24|0x00000000c3000000, 0x00000000c3100000, 0x00000000c3100000|100%| O|  |TAMS 0x00000000c3100000, 0x00000000c3000000| Untracked 
|  25|0x00000000c3100000, 0x00000000c3200000, 0x00000000c3200000|100%| O|  |TAMS 0x00000000c3200000, 0x00000000c3100000| Untracked 
|  26|0x00000000c3200000, 0x00000000c3300000, 0x00000000c3300000|100%| O|  |TAMS 0x00000000c3300000, 0x00000000c3200000| Untracked 
|  27|0x00000000c3300000, 0x00000000c3400000, 0x00000000c3400000|100%| O|  |TAMS 0x00000000c3400000, 0x00000000c3300000| Untracked 
|  28|0x00000000c3400000, 0x00000000c3500000, 0x00000000c3500000|100%| O|  |TAMS 0x00000000c3500000, 0x00000000c3400000| Untracked 
|  29|0x00000000c3500000, 0x00000000c3600000, 0x00000000c3600000|100%| O|  |TAMS 0x00000000c3600000, 0x00000000c3500000| Untracked 
|  30|0x00000000c3600000, 0x00000000c3700000, 0x00000000c3700000|100%| O|  |TAMS 0x00000000c3700000, 0x00000000c3600000| Untracked 
|  31|0x00000000c3700000, 0x00000000c3800000, 0x00000000c3800000|100%| O|  |TAMS 0x00000000c3800000, 0x00000000c3700000| Untracked 
|  32|0x00000000c3800000, 0x00000000c3900000, 0x00000000c3900000|100%| O|  |TAMS 0x00000000c3900000, 0x00000000c3800000| Untracked 
|  33|0x00000000c3900000, 0x00000000c3a00000, 0x00000000c3a00000|100%| O|  |TAMS 0x00000000c3a00000, 0x00000000c3900000| Untracked 
|  34|0x00000000c3a00000, 0x00000000c3b00000, 0x00000000c3b00000|100%| O|  |TAMS 0x00000000c3b00000, 0x00000000c3a00000| Untracked 
|  35|0x00000000c3b00000, 0x00000000c3c00000, 0x00000000c3c00000|100%| O|  |TAMS 0x00000000c3c00000, 0x00000000c3b00000| Untracked 
|  36|0x00000000c3c00000, 0x00000000c3c00000, 0x00000000c3d00000|  0%| F|  |TAMS 0x00000000c3c00000, 0x00000000c3c00000| Untracked 
|  37|0x00000000c3d00000, 0x00000000c3d00000, 0x00000000c3e00000|  0%| F|  |TAMS 0x00000000c3d00000, 0x00000000c3d00000| Untracked 
|  38|0x00000000c3e00000, 0x00000000c3e00000, 0x00000000c3f00000|  0%| F|  |TAMS 0x00000000c3e00000, 0x00000000c3e00000| Untracked 
|  39|0x00000000c3f00000, 0x00000000c3f00000, 0x00000000c4000000|  0%| F|  |TAMS 0x00000000c3f00000, 0x00000000c3f00000| Untracked 
|  40|0x00000000c4000000, 0x00000000c4000000, 0x00000000c4100000|  0%| F|  |TAMS 0x00000000c4000000, 0x00000000c4000000| Untracked 
|  41|0x00000000c4100000, 0x00000000c4100000, 0x00000000c4200000|  0%| F|  |TAMS 0x00000000c4100000, 0x00000000c4100000| Untracked 
|  42|0x00000000c4200000, 0x00000000c4200000, 0x00000000c4300000|  0%| F|  |TAMS 0x00000000c4200000, 0x00000000c4200000| Untracked 
|  43|0x00000000c4300000, 0x00000000c4300000, 0x00000000c4400000|  0%| F|  |TAMS 0x00000000c4300000, 0x00000000c4300000| Untracked 
|  44|0x00000000c4400000, 0x00000000c4400000, 0x00000000c4500000|  0%| F|  |TAMS 0x00000000c4400000, 0x00000000c4400000| Untracked 
|  45|0x00000000c4500000, 0x00000000c4500000, 0x00000000c4600000|  0%| F|  |TAMS 0x00000000c4500000, 0x00000000c4500000| Untracked 
|  46|0x00000000c4600000, 0x00000000c4600000, 0x00000000c4700000|  0%| F|  |TAMS 0x00000000c4600000, 0x00000000c4600000| Untracked 
|  47|0x00000000c4700000, 0x00000000c47078c8, 0x00000000c4800000|  2%| S|CS|TAMS 0x00000000c4700000, 0x00000000c4700000| Complete 
|  48|0x00000000c4800000, 0x00000000c4800000, 0x00000000c4900000|  0%| F|  |TAMS 0x00000000c4800000, 0x00000000c4800000| Untracked 
|  49|0x00000000c4900000, 0x00000000c4900000, 0x00000000c4a00000|  0%| F|  |TAMS 0x00000000c4900000, 0x00000000c4900000| Untracked 
|  50|0x00000000c4a00000, 0x00000000c4a00000, 0x00000000c4b00000|  0%| F|  |TAMS 0x00000000c4a00000, 0x00000000c4a00000| Untracked 
|  51|0x00000000c4b00000, 0x00000000c4b00000, 0x00000000c4c00000|  0%| F|  |TAMS 0x00000000c4b00000, 0x00000000c4b00000| Untracked 
|  52|0x00000000c4c00000, 0x00000000c4c00000, 0x00000000c4d00000|  0%| F|  |TAMS 0x00000000c4c00000, 0x00000000c4c00000| Untracked 
|  53|0x00000000c4d00000, 0x00000000c4d00000, 0x00000000c4e00000|  0%| F|  |TAMS 0x00000000c4d00000, 0x00000000c4d00000| Untracked 
|  54|0x00000000c4e00000, 0x00000000c4e00000, 0x00000000c4f00000|  0%| F|  |TAMS 0x00000000c4e00000, 0x00000000c4e00000| Untracked 
|  55|0x00000000c4f00000, 0x00000000c4f00000, 0x00000000c5000000|  0%| F|  |TAMS 0x00000000c4f00000, 0x00000000c4f00000| Untracked 
|  56|0x00000000c5000000, 0x00000000c5000000, 0x00000000c5100000|  0%| F|  |TAMS 0x00000000c5000000, 0x00000000c5000000| Untracked 
|  57|0x00000000c5100000, 0x00000000c5100000, 0x00000000c5200000|  0%| F|  |TAMS 0x00000000c5100000, 0x00000000c5100000| Untracked 
|  58|0x00000000c5200000, 0x00000000c5200000, 0x00000000c5300000|  0%| F|  |TAMS 0x00000000c5200000, 0x00000000c5200000| Untracked 
|  59|0x00000000c5300000, 0x00000000c5300000, 0x00000000c5400000|  0%| F|  |TAMS 0x00000000c5300000, 0x00000000c5300000| Untracked 
|  60|0x00000000c5400000, 0x00000000c5400000, 0x00000000c5500000|  0%| F|  |TAMS 0x00000000c5400000, 0x00000000c5400000| Untracked 
|  61|0x00000000c5500000, 0x00000000c5500000, 0x00000000c5600000|  0%| F|  |TAMS 0x00000000c5500000, 0x00000000c5500000| Untracked 
|  62|0x00000000c5600000, 0x00000000c5600000, 0x00000000c5700000|  0%| F|  |TAMS 0x00000000c5600000, 0x00000000c5600000| Untracked 
|  63|0x00000000c5700000, 0x00000000c5700000, 0x00000000c5800000|  0%| F|  |TAMS 0x00000000c5700000, 0x00000000c5700000| Untracked 
|  64|0x00000000c5800000, 0x00000000c5800000, 0x00000000c5900000|  0%| F|  |TAMS 0x00000000c5800000, 0x00000000c5800000| Untracked 
|  65|0x00000000c5900000, 0x00000000c5900000, 0x00000000c5a00000|  0%| F|  |TAMS 0x00000000c5900000, 0x00000000c5900000| Untracked 
|  66|0x00000000c5a00000, 0x00000000c5a00000, 0x00000000c5b00000|  0%| F|  |TAMS 0x00000000c5a00000, 0x00000000c5a00000| Untracked 
|  67|0x00000000c5b00000, 0x00000000c5b00000, 0x00000000c5c00000|  0%| F|  |TAMS 0x00000000c5b00000, 0x00000000c5b00000| Untracked 
|  68|0x00000000c5c00000, 0x00000000c5c00000, 0x00000000c5d00000|  0%| F|  |TAMS 0x00000000c5c00000, 0x00000000c5c00000| Untracked 
|  69|0x00000000c5d00000, 0x00000000c5d00000, 0x00000000c5e00000|  0%| F|  |TAMS 0x00000000c5d00000, 0x00000000c5d00000| Untracked 
|  70|0x00000000c5e00000, 0x00000000c5e00000, 0x00000000c5f00000|  0%| F|  |TAMS 0x00000000c5e00000, 0x00000000c5e00000| Untracked 
|  71|0x00000000c5f00000, 0x00000000c5f00000, 0x00000000c6000000|  0%| F|  |TAMS 0x00000000c5f00000, 0x00000000c5f00000| Untracked 
|  72|0x00000000c6000000, 0x00000000c6000000, 0x00000000c6100000|  0%| F|  |TAMS 0x00000000c6000000, 0x00000000c6000000| Untracked 
|  73|0x00000000c6100000, 0x00000000c6100000, 0x00000000c6200000|  0%| F|  |TAMS 0x00000000c6100000, 0x00000000c6100000| Untracked 
|  74|0x00000000c6200000, 0x00000000c6200000, 0x00000000c6300000|  0%| F|  |TAMS 0x00000000c6200000, 0x00000000c6200000| Untracked 
|  75|0x00000000c6300000, 0x00000000c6300000, 0x00000000c6400000|  0%| F|  |TAMS 0x00000000c6300000, 0x00000000c6300000| Untracked 
|  76|0x00000000c6400000, 0x00000000c6400000, 0x00000000c6500000|  0%| F|  |TAMS 0x00000000c6400000, 0x00000000c6400000| Untracked 
|  77|0x00000000c6500000, 0x00000000c6500000, 0x00000000c6600000|  0%| F|  |TAMS 0x00000000c6500000, 0x00000000c6500000| Untracked 
|  78|0x00000000c6600000, 0x00000000c6600000, 0x00000000c6700000|  0%| F|  |TAMS 0x00000000c6600000, 0x00000000c6600000| Untracked 
|  79|0x00000000c6700000, 0x00000000c6700000, 0x00000000c6800000|  0%| F|  |TAMS 0x00000000c6700000, 0x00000000c6700000| Untracked 
|  80|0x00000000c6800000, 0x00000000c6800000, 0x00000000c6900000|  0%| F|  |TAMS 0x00000000c6800000, 0x00000000c6800000| Untracked 
|  81|0x00000000c6900000, 0x00000000c6900000, 0x00000000c6a00000|  0%| F|  |TAMS 0x00000000c6900000, 0x00000000c6900000| Untracked 
|  82|0x00000000c6a00000, 0x00000000c6a00000, 0x00000000c6b00000|  0%| F|  |TAMS 0x00000000c6a00000, 0x00000000c6a00000| Untracked 
|  83|0x00000000c6b00000, 0x00000000c6b00000, 0x00000000c6c00000|  0%| F|  |TAMS 0x00000000c6b00000, 0x00000000c6b00000| Untracked 
|  84|0x00000000c6c00000, 0x00000000c6c00000, 0x00000000c6d00000|  0%| F|  |TAMS 0x00000000c6c00000, 0x00000000c6c00000| Untracked 
|  85|0x00000000c6d00000, 0x00000000c6d00000, 0x00000000c6e00000|  0%| F|  |TAMS 0x00000000c6d00000, 0x00000000c6d00000| Untracked 
|  86|0x00000000c6e00000, 0x00000000c6e00000, 0x00000000c6f00000|  0%| F|  |TAMS 0x00000000c6e00000, 0x00000000c6e00000| Untracked 
|  87|0x00000000c6f00000, 0x00000000c6f00000, 0x00000000c7000000|  0%| F|  |TAMS 0x00000000c6f00000, 0x00000000c6f00000| Untracked 
|  88|0x00000000c7000000, 0x00000000c7000000, 0x00000000c7100000|  0%| F|  |TAMS 0x00000000c7000000, 0x00000000c7000000| Untracked 
|  89|0x00000000c7100000, 0x00000000c7100000, 0x00000000c7200000|  0%| F|  |TAMS 0x00000000c7100000, 0x00000000c7100000| Untracked 
|  90|0x00000000c7200000, 0x00000000c7200000, 0x00000000c7300000|  0%| F|  |TAMS 0x00000000c7200000, 0x00000000c7200000| Untracked 
|  91|0x00000000c7300000, 0x00000000c7300000, 0x00000000c7400000|  0%| F|  |TAMS 0x00000000c7300000, 0x00000000c7300000| Untracked 
|  92|0x00000000c7400000, 0x00000000c7400000, 0x00000000c7500000|  0%| F|  |TAMS 0x00000000c7400000, 0x00000000c7400000| Untracked 
|  93|0x00000000c7500000, 0x00000000c7500000, 0x00000000c7600000|  0%| F|  |TAMS 0x00000000c7500000, 0x00000000c7500000| Untracked 
|  94|0x00000000c7600000, 0x00000000c7600000, 0x00000000c7700000|  0%| F|  |TAMS 0x00000000c7600000, 0x00000000c7600000| Untracked 
|  95|0x00000000c7700000, 0x00000000c7700000, 0x00000000c7800000|  0%| F|  |TAMS 0x00000000c7700000, 0x00000000c7700000| Untracked 
|  96|0x00000000c7800000, 0x00000000c7800000, 0x00000000c7900000|  0%| F|  |TAMS 0x00000000c7800000, 0x00000000c7800000| Untracked 
|  97|0x00000000c7900000, 0x00000000c7900000, 0x00000000c7a00000|  0%| F|  |TAMS 0x00000000c7900000, 0x00000000c7900000| Untracked 
|  98|0x00000000c7a00000, 0x00000000c7a00000, 0x00000000c7b00000|  0%| F|  |TAMS 0x00000000c7a00000, 0x00000000c7a00000| Untracked 
|  99|0x00000000c7b00000, 0x00000000c7b00000, 0x00000000c7c00000|  0%| F|  |TAMS 0x00000000c7b00000, 0x00000000c7b00000| Untracked 
| 100|0x00000000c7c00000, 0x00000000c7c00000, 0x00000000c7d00000|  0%| F|  |TAMS 0x00000000c7c00000, 0x00000000c7c00000| Untracked 
| 101|0x00000000c7d00000, 0x00000000c7d00000, 0x00000000c7e00000|  0%| F|  |TAMS 0x00000000c7d00000, 0x00000000c7d00000| Untracked 
| 102|0x00000000c7e00000, 0x00000000c7e00000, 0x00000000c7f00000|  0%| F|  |TAMS 0x00000000c7e00000, 0x00000000c7e00000| Untracked 
| 103|0x00000000c7f00000, 0x00000000c7f00000, 0x00000000c8000000|  0%| F|  |TAMS 0x00000000c7f00000, 0x00000000c7f00000| Untracked 
| 104|0x00000000c8000000, 0x00000000c8000000, 0x00000000c8100000|  0%| F|  |TAMS 0x00000000c8000000, 0x00000000c8000000| Untracked 
| 105|0x00000000c8100000, 0x00000000c8100000, 0x00000000c8200000|  0%| F|  |TAMS 0x00000000c8100000, 0x00000000c8100000| Untracked 
| 106|0x00000000c8200000, 0x00000000c8200000, 0x00000000c8300000|  0%| F|  |TAMS 0x00000000c8200000, 0x00000000c8200000| Untracked 
| 107|0x00000000c8300000, 0x00000000c8300000, 0x00000000c8400000|  0%| F|  |TAMS 0x00000000c8300000, 0x00000000c8300000| Untracked 
| 108|0x00000000c8400000, 0x00000000c8400000, 0x00000000c8500000|  0%| F|  |TAMS 0x00000000c8400000, 0x00000000c8400000| Untracked 

Card table byte_map: [0x0000025e6ea80000,0x0000025e6ec80000] _byte_map_base: 0x0000025e6e474000

Marking Bits (Prev, Next): (CMBitMap*) 0x0000025e581ffa80, (CMBitMap*) 0x0000025e581ffa40
 Prev Bits: [0x0000025e6fe20000, 0x0000025e70dc0000)
 Next Bits: [0x0000025e6ee80000, 0x0000025e6fe20000)

Polling page: 0x0000025e55f70000

Metaspace:

Usage:
  Non-class:     71.30 MB used.
      Class:     10.80 MB used.
       Both:     82.11 MB used.

Virtual space:
  Non-class space:      128.00 MB reserved,      71.62 MB ( 56%) committed,  2 nodes.
      Class space:        1.00 GB reserved,      11.12 MB (  1%) committed,  1 nodes.
             Both:        1.12 GB reserved,      82.75 MB (  7%) committed. 

Chunk freelists:
   Non-Class:  8.01 MB
       Class:  4.93 MB
        Both:  12.94 MB

MaxMetaspaceSize: unlimited
CompressedClassSpaceSize: 1.00 GB
Initial GC threshold: 21.00 MB
Current GC threshold: 137.94 MB
CDS: on
MetaspaceReclaimPolicy: balanced
 - commit_granule_bytes: 65536.
 - commit_granule_words: 8192.
 - virtual_space_node_default_size: 8388608.
 - enlarge_chunks_in_place: 1.
 - new_chunks_are_fully_committed: 0.
 - uncommit_free_chunks: 1.
 - use_allocation_guard: 0.
 - handle_deallocations: 1.


Internal statistics:

num_allocs_failed_limit: 9.
num_arena_births: 818.
num_arena_deaths: 24.
num_vsnodes_births: 3.
num_vsnodes_deaths: 0.
num_space_committed: 1324.
num_space_uncommitted: 0.
num_chunks_returned_to_freelist: 42.
num_chunks_taken_from_freelist: 3868.
num_chunk_merges: 13.
num_chunk_splits: 2852.
num_chunks_enlarged: 2287.
num_inconsistent_stats: 0.

CodeHeap 'non-profiled nmethods': size=120000Kb used=4639Kb max_used=4639Kb free=115360Kb
 bounds [0x0000025e67550000, 0x0000025e679e0000, 0x0000025e6ea80000]
CodeHeap 'profiled nmethods': size=120000Kb used=13134Kb max_used=13134Kb free=106866Kb
 bounds [0x0000025e5fa80000, 0x0000025e60760000, 0x0000025e66fb0000]
CodeHeap 'non-nmethods': size=5760Kb used=1435Kb max_used=1505Kb free=4324Kb
 bounds [0x0000025e66fb0000, 0x0000025e67220000, 0x0000025e67550000]
 total_blobs=7889 nmethods=7090 adapters=711
 compilation: enabled
              stopped_count=0, restarted_count=0
 full_count=0

Compilation events (20 events):
Event: 142.530 Thread 0x0000025e7332cb30 7854       3       java.util.concurrent.locks.ReentrantLock$FairSync::tryAcquire (34 bytes)
Event: 142.534 Thread 0x0000025e7332cb30 nmethod 7854 0x0000025e6074e410 code [0x0000025e6074e5e0, 0x0000025e6074e8d8]
Event: 144.779 Thread 0x0000025e7332cb30 7855       3       org.bson.BsonElement::<init> (15 bytes)
Event: 145.284 Thread 0x0000025e7332cb30 nmethod 7855 0x0000025e6074e990 code [0x0000025e6074eb40, 0x0000025e6074ed58]
Event: 145.284 Thread 0x0000025e7332cb30 7856       3       org.bson.AbstractBsonReader::getNextState (80 bytes)
Event: 145.300 Thread 0x0000025e7332cb30 nmethod 7856 0x0000025e6074ee10 code [0x0000025e6074f0a0, 0x0000025e6074fe38]
Event: 145.300 Thread 0x0000025e7332cb30 7857       3       org.bson.codecs.BsonDocumentCodec::readValue (24 bytes)
Event: 145.321 Thread 0x0000025e7332cb30 nmethod 7857 0x0000025e60750290 code [0x0000025e60750460, 0x0000025e60750878]
Event: 145.451 Thread 0x0000025e73326570 7858       4       java.lang.invoke.VarHandleReferences$FieldInstanceReadWrite::compareAndSet (48 bytes)
Event: 145.459 Thread 0x0000025e73326570 nmethod 7858 0x0000025e679d6110 code [0x0000025e679d62a0, 0x0000025e679d6618]
Event: 146.195 Thread 0x0000025e7332cb30 7859       3       org.apache.kafka.common.protocol.ApiKeys::latestVersion (9 bytes)
Event: 146.210 Thread 0x0000025e7332cb30 nmethod 7859 0x0000025e60750a10 code [0x0000025e60750ba0, 0x0000025e60750db8]
Event: 146.763 Thread 0x0000025e7332cb30 7860   !   3       org.apache.tomcat.util.net.NioEndpoint$Poller::events (266 bytes)
Event: 146.811 Thread 0x0000025e7332cb30 nmethod 7860 0x0000025e60750e90 code [0x0000025e60751240, 0x0000025e60752a28]
Event: 146.811 Thread 0x0000025e7332cb30 7861  s    3       org.apache.tomcat.util.collections.SynchronizedQueue::size (23 bytes)
Event: 146.812 Thread 0x0000025e7332cb30 nmethod 7861 0x0000025e60753390 code [0x0000025e60753520, 0x0000025e60753738]
Event: 147.970 Thread 0x0000025e73326570 7863       4       org.apache.kafka.clients.consumer.internals.ConsumerNetworkClient::maybeThrowInterruptException (22 bytes)
Event: 147.971 Thread 0x0000025e73326570 nmethod 7863 0x0000025e679d6810 code [0x0000025e679d6980, 0x0000025e679d6a18]
Event: 148.618 Thread 0x0000025e73326570 7864   !   4       org.apache.kafka.clients.consumer.internals.ConsumerNetworkClient::handlePendingDisconnects (70 bytes)
Event: 148.668 Thread 0x0000025e73326570 nmethod 7864 0x0000025e679d6b10 code [0x0000025e679d6ce0, 0x0000025e679d78d8]

GC Heap History (20 events):
Event: 144.610 GC heap after
{Heap after GC invocations=119 (full 0):
 garbage-first heap   total 80896K, used 35721K [0x00000000c1800000, 0x0000000100000000)
  region size 1024K, 1 young (1024K), 1 survivors (1024K)
 Metaspace       used 84076K, committed 84736K, reserved 1179648K
  class space    used 11063K, committed 11392K, reserved 1048576K
}
Event: 145.858 GC heap before
{Heap before GC invocations=119 (full 0):
 garbage-first heap   total 80896K, used 70537K [0x00000000c1800000, 0x0000000100000000)
  region size 1024K, 35 young (35840K), 1 survivors (1024K)
 Metaspace       used 84076K, committed 84736K, reserved 1179648K
  class space    used 11063K, committed 11392K, reserved 1048576K
}
Event: 145.859 GC heap after
{Heap after GC invocations=120 (full 0):
 garbage-first heap   total 80896K, used 35733K [0x00000000c1800000, 0x0000000100000000)
  region size 1024K, 1 young (1024K), 1 survivors (1024K)
 Metaspace       used 84076K, committed 84736K, reserved 1179648K
  class space    used 11063K, committed 11392K, reserved 1048576K
}
Event: 146.206 GC heap before
{Heap before GC invocations=120 (full 0):
 garbage-first heap   total 80896K, used 70549K [0x00000000c1800000, 0x0000000100000000)
  region size 1024K, 35 young (35840K), 1 survivors (1024K)
 Metaspace       used 84076K, committed 84736K, reserved 1179648K
  class space    used 11063K, committed 11392K, reserved 1048576K
}
Event: 146.207 GC heap after
{Heap after GC invocations=121 (full 0):
 garbage-first heap   total 80896K, used 35730K [0x00000000c1800000, 0x0000000100000000)
  region size 1024K, 1 young (1024K), 1 survivors (1024K)
 Metaspace       used 84076K, committed 84736K, reserved 1179648K
  class space    used 11063K, committed 11392K, reserved 1048576K
}
Event: 146.395 GC heap before
{Heap before GC invocations=121 (full 0):
 garbage-first heap   total 80896K, used 70546K [0x00000000c1800000, 0x0000000100000000)
  region size 1024K, 35 young (35840K), 1 survivors (1024K)
 Metaspace       used 84076K, committed 84736K, reserved 1179648K
  class space    used 11063K, committed 11392K, reserved 1048576K
}
Event: 146.396 GC heap after
{Heap after GC invocations=122 (full 0):
 garbage-first heap   total 80896K, used 35736K [0x00000000c1800000, 0x0000000100000000)
  region size 1024K, 1 young (1024K), 1 survivors (1024K)
 Metaspace       used 84076K, committed 84736K, reserved 1179648K
  class space    used 11063K, committed 11392K, reserved 1048576K
}
Event: 146.559 GC heap before
{Heap before GC invocations=122 (full 0):
 garbage-first heap   total 80896K, used 70552K [0x00000000c1800000, 0x0000000100000000)
  region size 1024K, 35 young (35840K), 1 survivors (1024K)
 Metaspace       used 84076K, committed 84736K, reserved 1179648K
  class space    used 11063K, committed 11392K, reserved 1048576K
}
Event: 146.560 GC heap after
{Heap after GC invocations=123 (full 0):
 garbage-first heap   total 80896K, used 35740K [0x00000000c1800000, 0x0000000100000000)
  region size 1024K, 1 young (1024K), 1 survivors (1024K)
 Metaspace       used 84076K, committed 84736K, reserved 1179648K
  class space    used 11063K, committed 11392K, reserved 1048576K
}
Event: 146.966 GC heap before
{Heap before GC invocations=123 (full 0):
 garbage-first heap   total 80896K, used 70556K [0x00000000c1800000, 0x0000000100000000)
  region size 1024K, 35 young (35840K), 1 survivors (1024K)
 Metaspace       used 84078K, committed 84736K, reserved 1179648K
  class space    used 11063K, committed 11392K, reserved 1048576K
}
Event: 146.967 GC heap after
{Heap after GC invocations=124 (full 0):
 garbage-first heap   total 80896K, used 35744K [0x00000000c1800000, 0x0000000100000000)
  region size 1024K, 1 young (1024K), 1 survivors (1024K)
 Metaspace       used 84078K, committed 84736K, reserved 1179648K
  class space    used 11063K, committed 11392K, reserved 1048576K
}
Event: 147.207 GC heap before
{Heap before GC invocations=124 (full 0):
 garbage-first heap   total 80896K, used 70560K [0x00000000c1800000, 0x0000000100000000)
  region size 1024K, 35 young (35840K), 1 survivors (1024K)
 Metaspace       used 84078K, committed 84736K, reserved 1179648K
  class space    used 11063K, committed 11392K, reserved 1048576K
}
Event: 147.466 GC heap after
{Heap after GC invocations=125 (full 0):
 garbage-first heap   total 80896K, used 35742K [0x00000000c1800000, 0x0000000100000000)
  region size 1024K, 1 young (1024K), 1 survivors (1024K)
 Metaspace       used 84078K, committed 84736K, reserved 1179648K
  class space    used 11063K, committed 11392K, reserved 1048576K
}
Event: 147.725 GC heap before
{Heap before GC invocations=125 (full 0):
 garbage-first heap   total 80896K, used 70558K [0x00000000c1800000, 0x0000000100000000)
  region size 1024K, 35 young (35840K), 1 survivors (1024K)
 Metaspace       used 84078K, committed 84736K, reserved 1179648K
  class space    used 11063K, committed 11392K, reserved 1048576K
}
Event: 147.734 GC heap after
{Heap after GC invocations=126 (full 0):
 garbage-first heap   total 80896K, used 35757K [0x00000000c1800000, 0x0000000100000000)
  region size 1024K, 1 young (1024K), 1 survivors (1024K)
 Metaspace       used 84078K, committed 84736K, reserved 1179648K
  class space    used 11063K, committed 11392K, reserved 1048576K
}
Event: 148.236 GC heap before
{Heap before GC invocations=126 (full 0):
 garbage-first heap   total 80896K, used 69549K [0x00000000c1800000, 0x0000000100000000)
  region size 1024K, 34 young (34816K), 1 survivors (1024K)
 Metaspace       used 84078K, committed 84736K, reserved 1179648K
  class space    used 11063K, committed 11392K, reserved 1048576K
}
Event: 148.282 GC heap after
{Heap after GC invocations=127 (full 0):
 garbage-first heap   total 80896K, used 35749K [0x00000000c1800000, 0x0000000100000000)
  region size 1024K, 1 young (1024K), 1 survivors (1024K)
 Metaspace       used 84078K, committed 84736K, reserved 1179648K
  class space    used 11063K, committed 11392K, reserved 1048576K
}
Event: 148.980 GC heap before
{Heap before GC invocations=128 (full 0):
 garbage-first heap   total 111616K, used 66469K [0x00000000c1800000, 0x0000000100000000)
  region size 1024K, 31 young (31744K), 1 survivors (1024K)
 Metaspace       used 84078K, committed 84736K, reserved 1179648K
  class space    used 11063K, committed 11392K, reserved 1048576K
}
Event: 148.982 GC heap after
{Heap after GC invocations=129 (full 0):
 garbage-first heap   total 111616K, used 35749K [0x00000000c1800000, 0x0000000100000000)
  region size 1024K, 1 young (1024K), 1 survivors (1024K)
 Metaspace       used 84078K, committed 84736K, reserved 1179648K
  class space    used 11063K, committed 11392K, reserved 1048576K
}
Event: 149.614 GC heap before
{Heap before GC invocations=129 (full 0):
 garbage-first heap   total 111616K, used 97189K [0x00000000c1800000, 0x0000000100000000)
  region size 1024K, 61 young (62464K), 1 survivors (1024K)
 Metaspace       used 84078K, committed 84736K, reserved 1179648K
  class space    used 11063K, committed 11392K, reserved 1048576K
}

Deoptimization events (20 events):
Event: 57.791 Thread 0x0000025e7c2f1f30 DEOPT PACKING pc=0x0000025e676f5338 sp=0x0000008446bfe950
Event: 57.791 Thread 0x0000025e7c2f1f30 DEOPT UNPACKING pc=0x0000025e670023a3 sp=0x0000008446bfe890 mode 2
Event: 57.905 Thread 0x0000025e7c2f1f30 DEOPT PACKING pc=0x0000025e605d5403 sp=0x0000008446bfe3d0
Event: 57.905 Thread 0x0000025e7c2f1f30 DEOPT UNPACKING pc=0x0000025e67002b43 sp=0x0000008446bfd868 mode 0
Event: 57.909 Thread 0x0000025e7c2f1f30 DEOPT PACKING pc=0x0000025e605d5403 sp=0x0000008446bfe3d0
Event: 57.909 Thread 0x0000025e7c2f1f30 DEOPT UNPACKING pc=0x0000025e67002b43 sp=0x0000008446bfd868 mode 0
Event: 57.924 Thread 0x0000025e7c2f1f30 DEOPT PACKING pc=0x0000025e605d5403 sp=0x0000008446bfe3d0
Event: 57.924 Thread 0x0000025e7c2f1f30 DEOPT UNPACKING pc=0x0000025e67002b43 sp=0x0000008446bfd868 mode 0
Event: 95.532 Thread 0x0000025e7c2f0af0 Uncommon trap: trap_request=0xffffff45 fr.pc=0x0000025e6799ae94 relative=0x0000000000000c74
Event: 95.534 Thread 0x0000025e7c2f0af0 Uncommon trap: reason=unstable_if action=reinterpret pc=0x0000025e6799ae94 method=java.util.concurrent.ConcurrentLinkedQueue.poll()Ljava/lang/Object; @ 73 c2
Event: 95.536 Thread 0x0000025e7c2f0af0 DEOPT PACKING pc=0x0000025e6799ae94 sp=0x00000084451fedd0
Event: 95.536 Thread 0x0000025e7c2f0af0 DEOPT UNPACKING pc=0x0000025e670023a3 sp=0x00000084451fed10 mode 2
Event: 100.207 Thread 0x0000025e7c2f1000 Uncommon trap: trap_request=0xffffff45 fr.pc=0x0000025e678decb4 relative=0x0000000000000b14
Event: 100.207 Thread 0x0000025e7c2f1000 Uncommon trap: reason=unstable_if action=reinterpret pc=0x0000025e678decb4 method=java.util.concurrent.locks.AbstractQueuedSynchronizer.hasQueuedThreads()Z @ 12 c2
Event: 100.207 Thread 0x0000025e7c2f1000 DEOPT PACKING pc=0x0000025e678decb4 sp=0x0000008446fff5a0
Event: 100.207 Thread 0x0000025e7c2f1000 DEOPT UNPACKING pc=0x0000025e670023a3 sp=0x0000008446fff3d8 mode 2
Event: 140.248 Thread 0x0000025e7c2f1510 Uncommon trap: trap_request=0xffffff45 fr.pc=0x0000025e679c115c relative=0x00000000000001bc
Event: 140.253 Thread 0x0000025e7c2f1510 Uncommon trap: reason=unstable_if action=reinterpret pc=0x0000025e679c115c method=java.util.concurrent.locks.ReentrantLock$FairSync.tryAcquire(I)Z @ 20 c2
Event: 140.254 Thread 0x0000025e7c2f1510 DEOPT PACKING pc=0x0000025e679c115c sp=0x0000008446dff280
Event: 140.258 Thread 0x0000025e7c2f1510 DEOPT UNPACKING pc=0x0000025e670023a3 sp=0x0000008446dff240 mode 2

Classes unloaded (12 events):
Event: 63.067 Thread 0x0000025e58277380 Unloading class 0x0000025e01aa8800 'java/lang/invoke/LambdaForm$DMH+0x0000025e01aa8800'
Event: 63.067 Thread 0x0000025e58277380 Unloading class 0x0000025e01aa8400 'java/lang/invoke/LambdaForm$DMH+0x0000025e01aa8400'
Event: 63.067 Thread 0x0000025e58277380 Unloading class 0x0000025e01aa8c00 'java/lang/invoke/LambdaForm$DMH+0x0000025e01aa8c00'
Event: 63.067 Thread 0x0000025e58277380 Unloading class 0x0000025e01aa9000 'java/lang/invoke/LambdaForm$DMH+0x0000025e01aa9000'
Event: 66.423 Thread 0x0000025e58277380 Unloading class 0x0000025e01b0a000 'java/lang/invoke/LambdaForm$MH+0x0000025e01b0a000'
Event: 66.423 Thread 0x0000025e58277380 Unloading class 0x0000025e01b09c00 'java/lang/invoke/LambdaForm$MH+0x0000025e01b09c00'
Event: 66.423 Thread 0x0000025e58277380 Unloading class 0x0000025e01b09000 'java/lang/invoke/LambdaForm$DMH+0x0000025e01b09000'
Event: 66.423 Thread 0x0000025e58277380 Unloading class 0x0000025e01b09400 'java/lang/invoke/LambdaForm$DMH+0x0000025e01b09400'
Event: 66.423 Thread 0x0000025e58277380 Unloading class 0x0000025e01b08400 'java/lang/invoke/LambdaForm$DMH+0x0000025e01b08400'
Event: 66.423 Thread 0x0000025e58277380 Unloading class 0x0000025e01b08800 'java/lang/invoke/LambdaForm$DMH+0x0000025e01b08800'
Event: 66.423 Thread 0x0000025e58277380 Unloading class 0x0000025e01afd000 'java/lang/invoke/LambdaForm$DMH+0x0000025e01afd000'
Event: 66.423 Thread 0x0000025e58277380 Unloading class 0x0000025e01afc800 'java/lang/invoke/LambdaForm$DMH+0x0000025e01afc800'

Classes redefined (0 events):
No events

Internal exceptions (20 events):
Event: 14.983 Thread 0x0000025e581c28c0 Exception <a 'java/lang/IncompatibleClassChangeError'{0x00000000c40a7698}: Found class java.lang.Object, but interface was expected> (0x00000000c40a7698) 
thrown [s\open\src\hotspot\share\interpreter\linkResolver.cpp, line 826]
Event: 15.159 Thread 0x0000025e581c28c0 Exception <a 'java/lang/IncompatibleClassChangeError'{0x00000000c5f674a8}: Found class java.lang.Object, but interface was expected> (0x00000000c5f674a8) 
thrown [s\open\src\hotspot\share\interpreter\linkResolver.cpp, line 826]
Event: 15.468 Thread 0x0000025e581c28c0 Exception <a 'java/lang/NoSuchMethodError'{0x00000000c54790c0}: 'void java.lang.invoke.DirectMethodHandle$Holder.invokeVirtual(java.lang.Object, java.lang.Object, java.lang.Object, java.lang.Object)'> (0x00000000c54790c0) 
thrown [s\open\src\hotspot\share\interpreter\linkResolver.cpp, line 759]
Event: 15.627 Thread 0x0000025e581c28c0 Exception <a 'sun/nio/fs/WindowsException'{0x00000000c50bece0}> (0x00000000c50bece0) 
thrown [s\open\src\hotspot\share\prims\jni.cpp, line 516]
Event: 15.743 Thread 0x0000025e581c28c0 Exception <a 'java/lang/IncompatibleClassChangeError'{0x00000000c4c8b210}: Found class java.lang.Object, but interface was expected> (0x00000000c4c8b210) 
thrown [s\open\src\hotspot\share\interpreter\linkResolver.cpp, line 826]
Event: 15.824 Thread 0x0000025e581c28c0 Exception <a 'java/lang/NoSuchMethodError'{0x00000000c4a55a90}: 'void java.lang.invoke.DirectMethodHandle$Holder.invokeVirtual(java.lang.Object, java.lang.Object, long)'> (0x00000000c4a55a90) 
thrown [s\open\src\hotspot\share\interpreter\linkResolver.cpp, line 759]
Event: 15.927 Thread 0x0000025e581c28c0 Exception <a 'java/lang/NoSuchMethodError'{0x00000000c47c0c58}: 'int java.lang.invoke.DirectMethodHandle$Holder.invokeStaticInit(java.lang.Object, java.lang.Object, java.lang.Object, java.lang.Object)'> (0x00000000c47c0c58) 
thrown [s\open\src\hotspot\share\interpreter\linkResolver.cpp, line 759]
Event: 15.973 Thread 0x0000025e581c28c0 Exception <a 'java/lang/IncompatibleClassChangeError'{0x00000000c46a8e10}: Found class java.lang.Object, but interface was expected> (0x00000000c46a8e10) 
thrown [s\open\src\hotspot\share\interpreter\linkResolver.cpp, line 826]
Event: 15.992 Thread 0x0000025e581c28c0 Implicit null exception at 0x0000025e676b3d3a to 0x0000025e676b3f28
Event: 16.243 Thread 0x0000025e581c28c0 Exception <a 'java/lang/NoSuchMethodError'{0x00000000c5d81a78}: 'void java.lang.invoke.DirectMethodHandle$Holder.invokeVirtual(java.lang.Object, java.lang.Object, float)'> (0x00000000c5d81a78) 
thrown [s\open\src\hotspot\share\interpreter\linkResolver.cpp, line 759]
Event: 16.384 Thread 0x0000025e581c28c0 Exception <a 'java/lang/NoSuchMethodError'{0x00000000c59eb160}: 'java.lang.Object java.lang.invoke.DirectMethodHandle$Holder.newInvokeSpecial(java.lang.Object, java.lang.Object, int, java.lang.Object, java.lang.Object)'> (0x00000000c59eb160) 
thrown [s\open\src\hotspot\share\interpreter\linkResolver.cpp, line 759]
Event: 17.038 Thread 0x0000025e581c28c0 Exception <a 'java/lang/NoSuchMethodError'{0x00000000c4dd5db8}: 'double java.lang.invoke.DirectMethodHandle$Holder.invokeStatic(java.lang.Object, java.lang.Object, java.lang.Object, long)'> (0x00000000c4dd5db8) 
thrown [s\open\src\hotspot\share\interpreter\linkResolver.cpp, line 759]
Event: 17.124 Thread 0x0000025e581c28c0 Exception <a 'java/lang/NoSuchMethodError'{0x00000000c4b505a8}: 'void java.lang.invoke.DirectMethodHandle$Holder.invokeStaticInit(java.lang.Object)'> (0x00000000c4b505a8) 
thrown [s\open\src\hotspot\share\interpreter\linkResolver.cpp, line 759]
Event: 17.291 Thread 0x0000025e581c28c0 Implicit null exception at 0x0000025e6761f556 to 0x0000025e6761f7a8
Event: 19.168 Thread 0x0000025e7c2f5bf0 Exception <a 'java/lang/NoSuchMethodError'{0x00000000c6081240}: 'java.lang.Object java.lang.invoke.DirectMethodHandle$Holder.invokeVirtual(java.lang.Object, java.lang.Object, int)'> (0x00000000c6081240) 
thrown [s\open\src\hotspot\share\interpreter\linkResolver.cpp, line 759]
Event: 19.168 Thread 0x0000025e7c2f1f30 Exception <a 'java/lang/NoSuchMethodError'{0x00000000c6073c38}: 'java.lang.Object java.lang.invoke.DirectMethodHandle$Holder.invokeVirtual(java.lang.Object, java.lang.Object, int)'> (0x00000000c6073c38) 
thrown [s\open\src\hotspot\share\interpreter\linkResolver.cpp, line 759]
Event: 19.773 Thread 0x0000025e7c2f1f30 Exception <a 'java/lang/NoSuchMethodError'{0x00000000c5e16e58}: 'java.lang.Object java.lang.invoke.DirectMethodHandle$Holder.newInvokeSpecial(java.lang.Object, int, java.lang.Object, java.lang.Object)'> (0x00000000c5e16e58) 
thrown [s\open\src\hotspot\share\interpreter\linkResolver.cpp, line 759]
Event: 19.773 Thread 0x0000025e7c2f6b20 Exception <a 'java/lang/NoSuchMethodError'{0x00000000c5fbc2e0}: 'java.lang.Object java.lang.invoke.DirectMethodHandle$Holder.newInvokeSpecial(java.lang.Object, int, java.lang.Object, java.lang.Object)'> (0x00000000c5fbc2e0) 
thrown [s\open\src\hotspot\share\interpreter\linkResolver.cpp, line 759]
Event: 19.773 Thread 0x0000025e7c2f0af0 Exception <a 'java/lang/NoSuchMethodError'{0x00000000c5e3f168}: 'java.lang.Object java.lang.invoke.DirectMethodHandle$Holder.newInvokeSpecial(java.lang.Object, int, java.lang.Object, java.lang.Object)'> (0x00000000c5e3f168) 
thrown [s\open\src\hotspot\share\interpreter\linkResolver.cpp, line 759]
Event: 57.193 Thread 0x0000025e7c2f1f30 Exception <a 'java/lang/IncompatibleClassChangeError'{0x00000000c522dae8}: Found class java.lang.Object, but interface was expected> (0x00000000c522dae8) 
thrown [s\open\src\hotspot\share\interpreter\linkResolver.cpp, line 826]

VM Operations (20 events):
Event: 146.207 Executing VM operation: G1CollectForAllocation done
Event: 146.395 Executing VM operation: G1CollectForAllocation
Event: 146.396 Executing VM operation: G1CollectForAllocation done
Event: 146.559 Executing VM operation: G1CollectForAllocation
Event: 146.560 Executing VM operation: G1CollectForAllocation done
Event: 146.966 Executing VM operation: G1CollectForAllocation
Event: 146.967 Executing VM operation: G1CollectForAllocation done
Event: 147.207 Executing VM operation: G1CollectForAllocation
Event: 147.471 Executing VM operation: G1CollectForAllocation done
Event: 147.725 Executing VM operation: G1CollectForAllocation
Event: 147.734 Executing VM operation: G1CollectForAllocation done
Event: 148.235 Executing VM operation: G1CollectForAllocation
Event: 148.282 Executing VM operation: G1CollectForAllocation done
Event: 148.719 Executing VM operation: G1Concurrent
Event: 148.866 Executing VM operation: G1Concurrent done
Event: 148.928 Executing VM operation: G1Concurrent
Event: 148.929 Executing VM operation: G1Concurrent done
Event: 148.980 Executing VM operation: G1CollectForAllocation
Event: 148.982 Executing VM operation: G1CollectForAllocation done
Event: 149.614 Executing VM operation: G1CollectForAllocation

Events (20 events):
Event: 18.411 loading class java/util/concurrent/ConcurrentLinkedQueue$CLQSpliterator
Event: 18.411 loading class java/util/concurrent/ConcurrentLinkedQueue$CLQSpliterator done
Event: 19.109 loading class java/util/TreeMap$KeySpliterator
Event: 19.110 loading class java/util/TreeMap$KeySpliterator done
Event: 19.187 loading class java/util/concurrent/locks/ReentrantReadWriteLock$Sync$HoldCounter
Event: 19.187 loading class java/util/concurrent/locks/ReentrantReadWriteLock$Sync$HoldCounter done
Event: 33.150 loading class jdk/internal/access/foreign/MemorySegmentProxy
Event: 33.157 loading class jdk/internal/access/foreign/MemorySegmentProxy done
Event: 57.123 loading class java/util/zip/CRC32C
Event: 57.127 loading class java/util/zip/CRC32C done
Event: 57.230 loading class java/util/zip/GZIPInputStream
Event: 57.235 loading class java/util/zip/GZIPInputStream done
Event: 57.489 loading class java/security/AllPermissionCollection
Event: 57.489 loading class java/security/AllPermissionCollection done
Event: 57.490 loading class jdk/internal/loader/BootLoader$PackageHelper
Event: 57.493 loading class jdk/internal/loader/BootLoader$PackageHelper done
Event: 67.254 Thread 0x0000025e7332ffa0 flushing nmethod 0x0000025e600f3590
Event: 67.256 Thread 0x0000025e7332ffa0 flushing nmethod 0x0000025e60261190
Event: 67.260 Thread 0x0000025e7332ffa0 flushing nmethod 0x0000025e60301f90
Event: 67.271 Thread 0x0000025e7332ffa0 flushing nmethod 0x0000025e604cd210


Dynamic libraries:
0x00007ff738ab0000 - 0x00007ff738ac0000 	C:\Program Files\Java\jdk-17\bin\java.exe
0x00007ffd55710000 - 0x00007ffd55908000 	C:\Windows\SYSTEM32\ntdll.dll
0x00007ffd551c0000 - 0x00007ffd55282000 	C:\Windows\System32\KERNEL32.DLL
0x00007ffd53370000 - 0x00007ffd5366e000 	C:\Windows\System32\KERNELBASE.dll
0x00007ffd53150000 - 0x00007ffd53250000 	C:\Windows\System32\ucrtbase.dll
0x00007ffd1f0b0000 - 0x00007ffd1f0cb000 	C:\Program Files\Java\jdk-17\bin\VCRUNTIME140.dll
0x00007ffd238f0000 - 0x00007ffd23909000 	C:\Program Files\Java\jdk-17\bin\jli.dll
0x00007ffd55100000 - 0x00007ffd551b2000 	C:\Windows\System32\ADVAPI32.dll
0x00007ffd55290000 - 0x00007ffd5532e000 	C:\Windows\System32\msvcrt.dll
0x00007ffd54490000 - 0x00007ffd54530000 	C:\Windows\System32\sechost.dll
0x00007ffd553f0000 - 0x00007ffd55513000 	C:\Windows\System32\RPCRT4.dll
0x00007ffd52ed0000 - 0x00007ffd52ef7000 	C:\Windows\System32\bcrypt.dll
0x00007ffd54d00000 - 0x00007ffd54e9d000 	C:\Windows\System32\USER32.dll
0x00007ffd53700000 - 0x00007ffd53722000 	C:\Windows\System32\win32u.dll
0x00007ffd553c0000 - 0x00007ffd553eb000 	C:\Windows\System32\GDI32.dll
0x00007ffd52db0000 - 0x00007ffd52ec7000 	C:\Windows\System32\gdi32full.dll
0x00007ffd53060000 - 0x00007ffd530fd000 	C:\Windows\System32\msvcp_win.dll
0x00007ffd52170000 - 0x00007ffd5240a000 	C:\Windows\WinSxS\amd64_microsoft.windows.common-controls_6595b64144ccf1df_6.0.19041.4355_none_60b8b9eb71f62e16\COMCTL32.dll
0x00007ffd4fdb0000 - 0x00007ffd4fdba000 	C:\Windows\SYSTEM32\VERSION.dll
0x00007ffd54cd0000 - 0x00007ffd54cff000 	C:\Windows\System32\IMM32.DLL
0x00007ffd435f0000 - 0x00007ffd435fc000 	C:\Program Files\Java\jdk-17\bin\vcruntime140_1.dll
0x00007ffd1b7e0000 - 0x00007ffd1b86e000 	C:\Program Files\Java\jdk-17\bin\msvcp140.dll
0x00007ffcc9af0000 - 0x00007ffcca6d0000 	C:\Program Files\Java\jdk-17\bin\server\jvm.dll
0x00007ffd54810000 - 0x00007ffd54818000 	C:\Windows\System32\PSAPI.DLL
0x00007ffd50de0000 - 0x00007ffd50de9000 	C:\Windows\SYSTEM32\WSOCK32.dll
0x00007ffd55330000 - 0x00007ffd5539b000 	C:\Windows\System32\WS2_32.dll
0x00007ffd43f90000 - 0x00007ffd43fb7000 	C:\Windows\SYSTEM32\WINMM.dll
0x00007ffd50f20000 - 0x00007ffd50f32000 	C:\Windows\SYSTEM32\kernel.appcore.dll
0x00007ffd43550000 - 0x00007ffd4355a000 	C:\Program Files\Java\jdk-17\bin\jimage.dll
0x00007ffd52710000 - 0x00007ffd528f4000 	C:\Windows\SYSTEM32\DBGHELP.DLL
0x00007ffd526d0000 - 0x00007ffd52704000 	C:\Windows\SYSTEM32\dbgcore.DLL
0x00007ffd53670000 - 0x00007ffd536f2000 	C:\Windows\System32\bcryptPrimitives.dll
0x00007ffd50940000 - 0x00007ffd5094e000 	C:\Program Files\Java\jdk-17\bin\instrument.dll
0x00007ffd1b7b0000 - 0x00007ffd1b7d5000 	C:\Program Files\Java\jdk-17\bin\java.dll
0x00007ffd1b6d0000 - 0x00007ffd1b7a7000 	C:\Program Files\Java\jdk-17\bin\jsvml.dll
0x00007ffd53730000 - 0x00007ffd53e9f000 	C:\Windows\System32\SHELL32.dll
0x00007ffd4fe20000 - 0x00007ffd505c4000 	C:\Windows\SYSTEM32\windows.storage.dll
0x00007ffd54970000 - 0x00007ffd54cc3000 	C:\Windows\System32\combase.dll
0x00007ffd520d0000 - 0x00007ffd520fe000 	C:\Windows\SYSTEM32\Wldp.dll
0x00007ffd55520000 - 0x00007ffd555ed000 	C:\Windows\System32\OLEAUT32.dll
0x00007ffd54ea0000 - 0x00007ffd54f4d000 	C:\Windows\System32\SHCORE.dll
0x00007ffd54830000 - 0x00007ffd54885000 	C:\Windows\System32\shlwapi.dll
0x00007ffd52ce0000 - 0x00007ffd52d04000 	C:\Windows\SYSTEM32\profapi.dll
0x00007ffd1b690000 - 0x00007ffd1b6a8000 	C:\Program Files\Java\jdk-17\bin\zip.dll
0x00007ffd1c580000 - 0x00007ffd1c599000 	C:\Program Files\Java\jdk-17\bin\net.dll
0x00007ffd43880000 - 0x00007ffd4398d000 	C:\Windows\SYSTEM32\WINHTTP.dll
0x00007ffd51f70000 - 0x00007ffd51fda000 	C:\Windows\system32\mswsock.dll
0x00007ffd1b6b0000 - 0x00007ffd1b6c6000 	C:\Program Files\Java\jdk-17\bin\nio.dll
0x00007ffd432c0000 - 0x00007ffd432da000 	C:\Program Files\JetBrains\IntelliJ IDEA Community Edition 2024.2.2\bin\breakgen64.dll
0x00007ffd43290000 - 0x00007ffd4329a000 	C:\Program Files\Java\jdk-17\bin\management.dll
0x00007ffd43260000 - 0x00007ffd4326b000 	C:\Program Files\Java\jdk-17\bin\management_ext.dll
0x00007ffd23f00000 - 0x00007ffd23f17000 	C:\Windows\system32\napinsp.dll
0x00007ffd23ee0000 - 0x00007ffd23efb000 	C:\Windows\system32\pnrpnsp.dll
0x00007ffd239c0000 - 0x00007ffd239d5000 	C:\Windows\system32\wshbth.dll
0x00007ffd4c260000 - 0x00007ffd4c27d000 	C:\Windows\system32\NLAapi.dll
0x00007ffd51ab0000 - 0x00007ffd51aeb000 	C:\Windows\SYSTEM32\IPHLPAPI.DLL
0x00007ffd51af0000 - 0x00007ffd51bba000 	C:\Windows\SYSTEM32\DNSAPI.dll
0x00007ffd545c0000 - 0x00007ffd545c8000 	C:\Windows\System32\NSI.dll
0x00007ffd23910000 - 0x00007ffd23922000 	C:\Windows\System32\winrnr.dll
0x00007ffd41200000 - 0x00007ffd4120a000 	C:\Windows\System32\rasadhlp.dll
0x00007ffd41c80000 - 0x00007ffd41d00000 	C:\Windows\System32\fwpuclnt.dll
0x00007ffd41bf0000 - 0x00007ffd41bfe000 	C:\Program Files\Java\jdk-17\bin\sunmscapi.dll
0x00007ffd52f00000 - 0x00007ffd5305c000 	C:\Windows\System32\CRYPT32.dll
0x00007ffd52140000 - 0x00007ffd52167000 	C:\Windows\SYSTEM32\ncrypt.dll
0x00007ffd52100000 - 0x00007ffd5213b000 	C:\Windows\SYSTEM32\NTASN1.dll
0x00007ffd52ab0000 - 0x00007ffd52ac8000 	C:\Windows\SYSTEM32\CRYPTSP.dll
0x00007ffd51730000 - 0x00007ffd51764000 	C:\Windows\system32\rsaenh.dll
0x00007ffd52ca0000 - 0x00007ffd52cce000 	C:\Windows\SYSTEM32\USERENV.dll
0x00007ffd52090000 - 0x00007ffd5209c000 	C:\Windows\SYSTEM32\CRYPTBASE.dll
0x00007ffd449c0000 - 0x00007ffd449d7000 	C:\Windows\SYSTEM32\dhcpcsvc6.DLL
0x00007ffd48a60000 - 0x00007ffd48a7d000 	C:\Windows\SYSTEM32\dhcpcsvc.DLL
0x00007ffd3ed70000 - 0x00007ffd3ed80000 	C:\Program Files\Java\jdk-17\bin\verify.dll
0x00007ffd16390000 - 0x00007ffd16397000 	C:\Windows\system32\wshunix.dll

dbghelp: loaded successfully - version: 4.0.5 - missing functions: none
symbol engine: initialized successfully - sym options: 0x614 - pdb path: .;C:\Program Files\Java\jdk-17\bin;C:\Windows\SYSTEM32;C:\Windows\WinSxS\amd64_microsoft.windows.common-controls_6595b64144ccf1df_6.0.19041.4355_none_60b8b9eb71f62e16;C:\Program Files\Java\jdk-17\bin\server;C:\Program Files\JetBrains\IntelliJ IDEA Community Edition 2024.2.2\bin

VM Arguments:
jvm_args: -javaagent:C:\Program Files\JetBrains\IntelliJ IDEA Community Edition 2024.2.2\lib\idea_rt.jar=65227:C:\Program Files\JetBrains\IntelliJ IDEA Community Edition 2024.2.2\bin -Dfile.encoding=UTF-8 
java_command: co.vinni.cqrs.CqrsQueryApplication
java_class_path (initial): C:\Users\ASUS\Downloads\cqrs_patern-master_h2\cqrs_patern-master_h2\cqrs_query\target\classes;C:\Users\ASUS\.m2\repository\org\springframework\boot\spring-boot-starter-data-jpa\3.3.5\spring-boot-starter-data-jpa-3.3.5.jar;C:\Users\ASUS\.m2\repository\org\springframework\boot\spring-boot-starter-aop\3.3.5\spring-boot-starter-aop-3.3.5.jar;C:\Users\ASUS\.m2\repository\org\springframework\spring-aop\6.1.14\spring-aop-6.1.14.jar;C:\Users\ASUS\.m2\repository\org\aspectj\aspectjweaver\1.9.22.1\aspectjweaver-1.9.22.1.jar;C:\Users\ASUS\.m2\repository\org\springframework\boot\spring-boot-starter-jdbc\3.3.5\spring-boot-starter-jdbc-3.3.5.jar;C:\Users\ASUS\.m2\repository\com\zaxxer\HikariCP\5.1.0\HikariCP-5.1.0.jar;C:\Users\ASUS\.m2\repository\org\springframework\spring-jdbc\6.1.14\spring-jdbc-6.1.14.jar;C:\Users\ASUS\.m2\repository\org\hibernate\orm\hibernate-core\6.5.3.Final\hibernate-core-6.5.3.Final.jar;C:\Users\ASUS\.m2\repository\jakarta\persistence\jakarta.persistence-api\3.1.0\jakarta.persistence-api-3.1.0.jar;C:\Users\ASUS\.m2\repository\jakarta\transaction\jakarta.transaction-api\2.0.1\jakarta.transaction-api-2.0.1.jar;C:\Users\ASUS\.m2\repository\org\jboss\logging\jboss-logging\3.5.3.Final\jboss-logging-3.5.3.Final.jar;C:\Users\ASUS\.m2\repository\org\hibernate\common\hibernate-commons-annotations\6.0.6.Final\hibernate-commons-annotations-6.0.6.Final.jar;C:\Users\ASUS\.m2\repository\io\smallrye\jandex\3.1.2\jandex-3.1.2.jar;C:\Users\ASUS\.m2\repository\com\fasterxml\classmate\1.7.0\classmate-1.7.0.jar;C:\Users\ASUS\.m2\repository\net\bytebuddy\byte-buddy\1.14.19\byte-buddy-1.14.19.jar;C:\Users\ASUS\.m2\repository\org\glassfish\jaxb\jaxb-runtime\4.0.5\jaxb-runtime-4.0.5.jar;C:\Users\ASUS\.m2\repository\org\glassfish\jaxb\jaxb-core\4.0.5\jaxb-core-4.0.5.jar;C:\Users\ASUS\.m2\repository\org\eclipse\angus\angus-activation\2.0.2\angus-activation-2.0.2.jar;C:\Users\ASUS\.m2\repository\org\glassfish\jaxb\txw2\4.0.5\txw2-4.0.5.jar;C:\Users\ASUS\
Launcher Type: SUN_STANDARD

[Global flags]
     intx CICompilerCount                          = 3                                         {product} {ergonomic}
     uint ConcGCThreads                            = 1                                         {product} {ergonomic}
     uint G1ConcRefinementThreads                  = 4                                         {product} {ergonomic}
   size_t G1HeapRegionSize                         = 1048576                                   {product} {ergonomic}
    uintx GCDrainStackTargetSize                   = 64                                        {product} {ergonomic}
   size_t InitialHeapSize                          = 67108864                                  {product} {ergonomic}
   size_t MarkStackSize                            = 4194304                                   {product} {ergonomic}
   size_t MaxHeapSize                              = 1048576000                                {product} {ergonomic}
   size_t MaxNewSize                               = 629145600                                 {product} {ergonomic}
   size_t MinHeapDeltaBytes                        = 1048576                                   {product} {ergonomic}
   size_t MinHeapSize                              = 8388608                                   {product} {ergonomic}
    uintx NonNMethodCodeHeapSize                   = 5832780                                {pd product} {ergonomic}
    uintx NonProfiledCodeHeapSize                  = 122912730                              {pd product} {ergonomic}
    uintx ProfiledCodeHeapSize                     = 122912730                              {pd product} {ergonomic}
    uintx ReservedCodeCacheSize                    = 251658240                              {pd product} {ergonomic}
     bool SegmentedCodeCache                       = true                                      {product} {ergonomic}
   size_t SoftMaxHeapSize                          = 1048576000                             {manageable} {ergonomic}
     bool UseCompressedClassPointers               = true                           {product lp64_product} {ergonomic}
     bool UseCompressedOops                        = true                           {product lp64_product} {ergonomic}
     bool UseG1GC                                  = true                                      {product} {ergonomic}
     bool UseLargePagesIndividualAllocation        = false                                  {pd product} {ergonomic}

Logging:
Log output configuration:
 #0: stdout all=warning uptime,level,tags
 #1: stderr all=off uptime,level,tags

Environment Variables:
PATH=C:\Program Files\Broadcom\Broadcom 802.11 Network Adapter;;C:\Program Files\Common Files\Oracle\Java\javapath;C:\Program Files (x86)\Common Files\Oracle\Java\javapath;C:\Users\ASUS\Downloads\Oracle\bin;C:\Program Files (x86)\Intel\iCLS Client\;C:\Program Files\Intel\iCLS Client\;C:\Windows\system32;C:\Windows;C:\Windows\System32\Wbem;C:\Windows\System32\WindowsPowerShell\v1.0\;C:\Windows\System32\OpenSSH\;C:\Program Files (x86)\Intel\Intel(R) Management Engine Components\DAL;C:\Program Files\Intel\Intel(R) Management Engine Components\DAL;C:\Program Files (x86)\Intel\Intel(R) Management Engine Components\IPT;C:\Program Files\Intel\Intel(R) Management Engine Components\IPT;C:\Program Files\Microsoft SQL Server\130\Tools\Binn\;C:\Program Files\Microsoft SQL Server\Client SDK\ODBC\170\Tools\Binn\;C:\Program Files\Microsoft SQL Server\Client SDK\ODBC\130\Tools\Binn\;C:\Program Files (x86)\Microsoft SQL Server\140\Tools\Binn\;C:\Program Files\Microsoft SQL Server\140\Tools\Binn\;C:\Program Files\Microsoft SQL Server\140\DTS\Binn\;C:\Program Files (x86)\Microsoft SQL Server\160\DTS\Binn\;C:\Program Files\Azure Data Studio\bin;C:\Users\ASUS\AppData\Roaming\nvm;C:\Program Files\nodejs;C:\Program Files\Git\cmd;C:\Program Files\nodejs\;C:\Program Files\Docker\Docker\resources\bin;C:\Users\ASUS\AppData\Local\Microsoft\WindowsApps;C:\Program Files\Azure Data Studio\bin;C:\Users\ASUS\AppData\Local\Programs\Microsoft VS Code\bin;C:\Users\ASUS\AppData\Local\GitHubDesktop\bin;C:\Users\ASUS\AppData\Roaming\nvm;C:\Program Files\nodejs;C:\Users\ASUS\AppData\Roaming\npm;C:\workspace\apache-maven-3.9.9-bin\apache-maven-3.9.9\bin;
USERNAME=ASUS
OS=Windows_NT
PROCESSOR_IDENTIFIER=Intel64 Family 6 Model 61 Stepping 4, GenuineIntel



---------------  S Y S T E M  ---------------

OS:
 Windows 10 , 64 bit Build 19041 (10.0.19041.4957)
OS uptime: 0 days 8:06 hours
Hyper-V role detected

CPU: total 4 (initial active 4) (2 cores per cpu, 2 threads per core) family 6 model 61 stepping 4 microcode 0x2d, cx8, cmov, fxsr, ht, mmx, 3dnowpref, sse, sse2, sse3, ssse3, sse4.1, sse4.2, popcnt, lzcnt, tsc, tscinvbit, avx, avx2, aes, erms, clmul, bmi1, bmi2, adx, fma, vzeroupper, clflush, hv

Memory: 4k page, system-wide physical 3998M (178M free)
TotalPageFile size 16286M (AvailPageFile size 110M)
current process WorkingSet (physical memory assigned to process): 162M, peak: 273M
current process commit charge ("private bytes"): 323M, peak: 508M

vm_info: Java HotSpot(TM) 64-Bit Server VM (17.0.11+7-LTS-207) for windows-amd64 JRE (17.0.11+7-LTS-207), built on Mar 11 2024 19:01:50 by "mach5one" with MS VC++ 17.6 (VS2022)

END.
