#
# There is insufficient memory for the Java Runtime Environment to continue.
# Native memory allocation (malloc) failed to allocate 1141856 bytes for Chunk::new
# Possible reasons:
#   The system is out of physical RAM or swap space
#   The process is running with CompressedOops enabled, and the Java Heap may be blocking the growth of the native heap
# Possible solutions:
#   Reduce memory load on the system
#   Increase physical memory or swap space
#   Check if swap backing store is full
#   Decrease Java heap size (-Xmx/-Xms)
#   Decrease number of Java threads
#   Decrease Java thread stack sizes (-Xss)
#   Set larger code cache with -XX:ReservedCodeCacheSize=
#   JVM is running with Unscaled Compressed Oops mode in which the Java heap is
#     placed in the first 4GB address space. The Java Heap base address is the
#     maximum limit for the native heap growth. Please use -XX:HeapBaseMinAddress
#     to set the Java Heap base and to place the Java Heap above 4GB virtual address.
# This output file may be truncated or incomplete.
#
#  Out of Memory Error (arena.cpp:189), pid=16760, tid=16108
#
# JRE version: Java(TM) SE Runtime Environment (17.0.11+7) (build 17.0.11+7-LTS-207)
# Java VM: Java HotSpot(TM) 64-Bit Server VM (17.0.11+7-LTS-207, mixed mode, sharing, tiered, compressed oops, compressed class ptrs, g1 gc, windows-amd64)
# No core dump will be written. Minidumps are not enabled by default on client versions of Windows
#

---------------  S U M M A R Y ------------

Command Line: -agentlib:jdwp=transport=dt_socket,address=127.0.0.1:51219,suspend=y,server=n -javaagent:C:\Users\ASUS\AppData\Local\JetBrains\IdeaIC2024.2\captureAgent\debugger-agent.jar -Dkotlinx.coroutines.debug.enable.creation.stack.trace=false -Ddebugger.agent.enable.coroutines=true -Dfile.encoding=UTF-8 co.vinni.cqrs.CqrsQueryApplication

Host: Intel(R) Core(TM) i7-5500U CPU @ 2.40GHz, 4 cores, 3G,  Windows 10 , 64 bit Build 19041 (10.0.19041.4957)
Time: Sat Nov  9 20:00:07 2024 Hora est. Pacífico, Sudamérica elapsed time: 29.712389 seconds (0d 0h 0m 29s)

---------------  T H R E A D  ---------------

Current thread (0x000002d04b318770):  JavaThread "C2 CompilerThread0" daemon [_thread_in_native, id=16108, stack(0x000000e604f00000,0x000000e605000000)]


Current CompileTask:
C2:  29713 5629       4       org.springframework.core.annotation.AnnotationsScanner::scan (21 bytes)

Stack: [0x000000e604f00000,0x000000e605000000]
Native frames: (J=compiled Java code, j=interpreted, Vv=VM code, C=native code)
V  [jvm.dll+0x679cca]
V  [jvm.dll+0x7da13d]
V  [jvm.dll+0x7dba83]
V  [jvm.dll+0x7dc0f3]
V  [jvm.dll+0x2449af]
V  [jvm.dll+0xab83b]
V  [jvm.dll+0xabe1c]
V  [jvm.dll+0x2a9e6f]
V  [jvm.dll+0x5818d9]
V  [jvm.dll+0x21ed62]
V  [jvm.dll+0x21f13f]
V  [jvm.dll+0x218331]
V  [jvm.dll+0x215505]
V  [jvm.dll+0x1a2040]
V  [jvm.dll+0x225a2b]
V  [jvm.dll+0x223bcb]
V  [jvm.dll+0x7903ec]
V  [jvm.dll+0x78a85a]
V  [jvm.dll+0x678bb5]
C  [ucrtbase.dll+0x21bb2]
C  [KERNEL32.DLL+0x17374]
C  [ntdll.dll+0x4cc91]


---------------  P R O C E S S  ---------------

Threads class SMR info:
_java_thread_list=0x000002d0913f6140, length=45, elements={
0x000002d030182290, 0x000002d030183020, 0x000002d04b3139e0, 0x000002d04b3163c0,
0x000002d04b316c90, 0x000002d04b317560, 0x000002d04b318770, 0x000002d04b31b8e0,
0x000002d04b31c600, 0x000002d04b3ee900, 0x000002d04b5f5e30, 0x000002d04b5d4a00,
0x000002d04b617b90, 0x000002d04b672fe0, 0x000002d0912c6060, 0x000002d0912c79b0,
0x000002d0912c83d0, 0x000002d0912c9810, 0x000002d0912c8df0, 0x000002d0912c6f90,
0x000002d0912c74a0, 0x000002d0912c7ec0, 0x000002d0912c6570, 0x000002d0912c88e0,
0x000002d09494f0a0, 0x000002d094950f00, 0x000002d09494e680, 0x000002d094951920,
0x000002d09494fac0, 0x000002d09494ffd0, 0x000002d09494eb90, 0x000002d09494f5b0,
0x000002d094951410, 0x000002d0949504e0, 0x000002d0949509f0, 0x000002d09494e170,
0x000002d093b1b630, 0x000002d093b17970, 0x000002d093b1e3c0, 0x000002d093b1a700,
0x000002d093b1ca70, 0x000002d093b1ac10, 0x000002d093b1bb40, 0x000002d093b1f2f0,
0x000002d093b1a1f0
}

Java Threads: ( => current thread )
  0x000002d030182290 JavaThread "Reference Handler" daemon [_thread_blocked, id=1980, stack(0x000000e604900000,0x000000e604a00000)]
  0x000002d030183020 JavaThread "Finalizer" daemon [_thread_blocked, id=6884, stack(0x000000e604a00000,0x000000e604b00000)]
  0x000002d04b3139e0 JavaThread "Signal Dispatcher" daemon [_thread_blocked, id=964, stack(0x000000e604b00000,0x000000e604c00000)]
  0x000002d04b3163c0 JavaThread "Attach Listener" daemon [_thread_blocked, id=10340, stack(0x000000e604c00000,0x000000e604d00000)]
  0x000002d04b316c90 JavaThread "Service Thread" daemon [_thread_blocked, id=8424, stack(0x000000e604d00000,0x000000e604e00000)]
  0x000002d04b317560 JavaThread "Monitor Deflation Thread" daemon [_thread_blocked, id=4676, stack(0x000000e604e00000,0x000000e604f00000)]
=>0x000002d04b318770 JavaThread "C2 CompilerThread0" daemon [_thread_in_native, id=16108, stack(0x000000e604f00000,0x000000e605000000)]
  0x000002d04b31b8e0 JavaThread "C1 CompilerThread0" daemon [_thread_blocked, id=11224, stack(0x000000e605000000,0x000000e605100000)]
  0x000002d04b31c600 JavaThread "Sweeper thread" daemon [_thread_blocked, id=17240, stack(0x000000e605100000,0x000000e605200000)]
  0x000002d04b3ee900 JavaThread "Common-Cleaner" daemon [_thread_blocked, id=800, stack(0x000000e605200000,0x000000e605300000)]
  0x000002d04b5f5e30 JavaThread "JDWP Transport Listener: dt_socket" daemon [_thread_blocked, id=2544, stack(0x000000e605300000,0x000000e605400000)]
  0x000002d04b5d4a00 JavaThread "JDWP Event Helper Thread" daemon [_thread_blocked, id=3580, stack(0x000000e605400000,0x000000e605500000)]
  0x000002d04b617b90 JavaThread "JDWP Command Reader" daemon [_thread_in_native, id=17008, stack(0x000000e605500000,0x000000e605600000)]
  0x000002d04b672fe0 JavaThread "Notification Thread" daemon [_thread_blocked, id=14352, stack(0x000000e605600000,0x000000e605700000)]
  0x000002d0912c6060 JavaThread "Catalina-utility-1" [_thread_blocked, id=11272, stack(0x000000e605b00000,0x000000e605c00000)]
  0x000002d0912c79b0 JavaThread "Catalina-utility-2" [_thread_blocked, id=11976, stack(0x000000e605c00000,0x000000e605d00000)]
  0x000002d0912c83d0 JavaThread "container-0" [_thread_blocked, id=16060, stack(0x000000e605d00000,0x000000e605e00000)]
  0x000002d0912c9810 JavaThread "HikariPool-1 housekeeper" daemon [_thread_blocked, id=13916, stack(0x000000e605e00000,0x000000e605f00000)]
  0x000002d0912c8df0 JavaThread "BufferPoolPruner-1-thread-1" daemon [_thread_blocked, id=5044, stack(0x000000e606000000,0x000000e606100000)]
  0x000002d0912c6f90 JavaThread "cluster-ClusterId{value='6730058a13b78c1b98fbfc71', description='null'}-localhost:27017" daemon [_thread_in_native, id=9236, stack(0x000000e606100000,0x000000e606200000)]
  0x000002d0912c74a0 JavaThread "cluster-rtt-ClusterId{value='6730058a13b78c1b98fbfc71', description='null'}-localhost:27017" daemon [_thread_blocked, id=2372, stack(0x000000e606200000,0x000000e606300000)]
  0x000002d0912c7ec0 JavaThread "MaintenanceTimer-2-thread-1" daemon [_thread_blocked, id=2328, stack(0x000000e606400000,0x000000e606500000)]
  0x000002d0912c6570 JavaThread "http-nio-8622-exec-1" daemon [_thread_blocked, id=14884, stack(0x000000e605f00000,0x000000e606000000)]
  0x000002d0912c88e0 JavaThread "http-nio-8622-exec-2" daemon [_thread_blocked, id=11020, stack(0x000000e606500000,0x000000e606600000)]
  0x000002d09494f0a0 JavaThread "http-nio-8622-exec-3" daemon [_thread_blocked, id=5564, stack(0x000000e606600000,0x000000e606700000)]
  0x000002d094950f00 JavaThread "http-nio-8622-exec-4" daemon [_thread_blocked, id=2852, stack(0x000000e606700000,0x000000e606800000)]
  0x000002d09494e680 JavaThread "http-nio-8622-exec-5" daemon [_thread_blocked, id=17288, stack(0x000000e606800000,0x000000e606900000)]
  0x000002d094951920 JavaThread "http-nio-8622-exec-6" daemon [_thread_blocked, id=16228, stack(0x000000e606900000,0x000000e606a00000)]
  0x000002d09494fac0 JavaThread "http-nio-8622-exec-7" daemon [_thread_blocked, id=16392, stack(0x000000e606a00000,0x000000e606b00000)]
  0x000002d09494ffd0 JavaThread "http-nio-8622-exec-8" daemon [_thread_blocked, id=10704, stack(0x000000e606b00000,0x000000e606c00000)]
  0x000002d09494eb90 JavaThread "http-nio-8622-exec-9" daemon [_thread_blocked, id=17092, stack(0x000000e606c00000,0x000000e606d00000)]
  0x000002d09494f5b0 JavaThread "http-nio-8622-exec-10" daemon [_thread_blocked, id=15984, stack(0x000000e606d00000,0x000000e606e00000)]
  0x000002d094951410 JavaThread "http-nio-8622-Poller" daemon [_thread_in_native, id=14360, stack(0x000000e606e00000,0x000000e606f00000)]
  0x000002d0949504e0 JavaThread "http-nio-8622-Acceptor" daemon [_thread_in_native, id=1332, stack(0x000000e606f00000,0x000000e607000000)]
  0x000002d0949509f0 JavaThread "ThreadPoolTaskScheduler-1" [_thread_blocked, id=12380, stack(0x000000e607000000,0x000000e607100000)]
  0x000002d09494e170 JavaThread "org.springframework.kafka.KafkaListenerEndpointContainer#2-0-C-1" [_thread_in_native, id=4196, stack(0x000000e607100000,0x000000e607200000)]
  0x000002d093b1b630 JavaThread "ThreadPoolTaskScheduler-1" [_thread_blocked, id=14828, stack(0x000000e607200000,0x000000e607300000)]
  0x000002d093b17970 JavaThread "org.springframework.kafka.KafkaListenerEndpointContainer#3-0-C-1" [_thread_in_native, id=9124, stack(0x000000e607300000,0x000000e607400000)]
  0x000002d093b1e3c0 JavaThread "ThreadPoolTaskScheduler-1" [_thread_blocked, id=13932, stack(0x000000e607400000,0x000000e607500000)]
  0x000002d093b1a700 JavaThread "org.springframework.kafka.KafkaListenerEndpointContainer#4-0-C-1" [_thread_in_native, id=5260, stack(0x000000e607500000,0x000000e607600000)]
  0x000002d093b1ca70 JavaThread "ThreadPoolTaskScheduler-1" [_thread_blocked, id=15556, stack(0x000000e607600000,0x000000e607700000)]
  0x000002d093b1ac10 JavaThread "org.springframework.kafka.KafkaListenerEndpointContainer#0-0-C-1" [_thread_in_native, id=14064, stack(0x000000e607700000,0x000000e607800000)]
  0x000002d093b1bb40 JavaThread "ThreadPoolTaskScheduler-1" [_thread_blocked, id=2268, stack(0x000000e607800000,0x000000e607900000)]
  0x000002d093b1f2f0 JavaThread "org.springframework.kafka.KafkaListenerEndpointContainer#1-0-C-1" [_thread_in_native, id=14924, stack(0x000000e607900000,0x000000e607a00000)]
  0x000002d093b1a1f0 JavaThread "DestroyJavaVM" [_thread_blocked, id=7792, stack(0x000000e604200000,0x000000e604300000)]

Other Threads:
  0x000002d03017a6f0 VMThread "VM Thread" [stack: 0x000000e604800000,0x000000e604900000] [id=16908]
  0x000002d04b638470 WatcherThread [stack: 0x000000e605700000,0x000000e605800000] [id=11880]
  0x000002d02df19fd0 GCTaskThread "GC Thread#0" [stack: 0x000000e604300000,0x000000e604400000] [id=6524]
  0x000002d09120b5f0 GCTaskThread "GC Thread#1" [stack: 0x000000e605800000,0x000000e605900000] [id=17024]
  0x000002d091280a50 GCTaskThread "GC Thread#2" [stack: 0x000000e605900000,0x000000e605a00000] [id=12164]
  0x000002d091280d10 GCTaskThread "GC Thread#3" [stack: 0x000000e605a00000,0x000000e605b00000] [id=1524]
  0x000002d02df1db00 ConcurrentGCThread "G1 Main Marker" [stack: 0x000000e604400000,0x000000e604500000] [id=17104]
  0x000002d02df1e320 ConcurrentGCThread "G1 Conc#0" [stack: 0x000000e604500000,0x000000e604600000] [id=13020]
  0x000002d03015a450 ConcurrentGCThread "G1 Refine#0" [stack: 0x000000e604600000,0x000000e604700000] [id=15960]
  0x000002d03015ad90 ConcurrentGCThread "G1 Service" [stack: 0x000000e604700000,0x000000e604800000] [id=12660]

Threads with active compile tasks:
C2 CompilerThread0    29830 5629       4       org.springframework.core.annotation.AnnotationsScanner::scan (21 bytes)

VM state: not at safepoint (normal execution)

VM Mutex/Monitor currently owned by a thread: None

Heap address: 0x00000000c1800000, size: 1000 MB, Compressed Oops mode: 32-bit

CDS archive(s) mapped at: [0x000002d04c000000-0x000002d04cbd0000-0x000002d04cbd0000), size 12386304, SharedBaseAddress: 0x000002d04c000000, ArchiveRelocationMode: 1.
Compressed class space mapped at: 0x000002d04d000000-0x000002d08d000000, reserved size: 1073741824
Narrow klass base: 0x000002d04c000000, Narrow klass shift: 0, Narrow klass range: 0x100000000

GC Precious Log:
 CPUs: 4 total, 4 available
 Memory: 3998M
 Large Page Support: Disabled
 NUMA Support: Disabled
 Compressed Oops: Enabled (32-bit)
 Heap Region Size: 1M
 Heap Min Capacity: 8M
 Heap Initial Capacity: 64M
 Heap Max Capacity: 1000M
 Pre-touch: Disabled
 Parallel Workers: 4
 Concurrent Workers: 1
 Concurrent Refinement Workers: 4
 Periodic GC: Disabled

Heap:
 garbage-first heap   total 63488K, used 36267K [0x00000000c1800000, 0x0000000100000000)
  region size 1024K, 3 young (3072K), 1 survivors (1024K)
 Metaspace       used 82102K, committed 82688K, reserved 1179648K
  class space    used 10647K, committed 10944K, reserved 1048576K

Heap Regions: E=young(eden), S=young(survivor), O=old, HS=humongous(starts), HC=humongous(continues), CS=collection set, F=free, OA=open archive, CA=closed archive, TAMS=top-at-mark-start (previous, next)
|   0|0x00000000c1800000, 0x00000000c1900000, 0x00000000c1900000|100%|HS|  |TAMS 0x00000000c1900000, 0x00000000c1800000| Complete 
|   1|0x00000000c1900000, 0x00000000c1a00000, 0x00000000c1a00000|100%| O|  |TAMS 0x00000000c1a00000, 0x00000000c1900000| Untracked 
|   2|0x00000000c1a00000, 0x00000000c1b00000, 0x00000000c1b00000|100%| O|  |TAMS 0x00000000c1b00000, 0x00000000c1a00000| Untracked 
|   3|0x00000000c1b00000, 0x00000000c1c00000, 0x00000000c1c00000|100%| O|  |TAMS 0x00000000c1c00000, 0x00000000c1b00000| Untracked 
|   4|0x00000000c1c00000, 0x00000000c1d00000, 0x00000000c1d00000|100%| O|  |TAMS 0x00000000c1d00000, 0x00000000c1c00000| Untracked 
|   5|0x00000000c1d00000, 0x00000000c1e00000, 0x00000000c1e00000|100%| O|  |TAMS 0x00000000c1e00000, 0x00000000c1d00000| Untracked 
|   6|0x00000000c1e00000, 0x00000000c1f00000, 0x00000000c1f00000|100%| O|  |TAMS 0x00000000c1f00000, 0x00000000c1e00000| Untracked 
|   7|0x00000000c1f00000, 0x00000000c2000000, 0x00000000c2000000|100%| O|  |TAMS 0x00000000c2000000, 0x00000000c1f00000| Untracked 
|   8|0x00000000c2000000, 0x00000000c2100000, 0x00000000c2100000|100%| O|  |TAMS 0x00000000c2100000, 0x00000000c2000000| Untracked 
|   9|0x00000000c2100000, 0x00000000c2200000, 0x00000000c2200000|100%| O|  |TAMS 0x00000000c2200000, 0x00000000c2100000| Untracked 
|  10|0x00000000c2200000, 0x00000000c2300000, 0x00000000c2300000|100%| O|  |TAMS 0x00000000c2300000, 0x00000000c2200000| Untracked 
|  11|0x00000000c2300000, 0x00000000c2400000, 0x00000000c2400000|100%| O|  |TAMS 0x00000000c2400000, 0x00000000c2300000| Untracked 
|  12|0x00000000c2400000, 0x00000000c2500000, 0x00000000c2500000|100%| O|  |TAMS 0x00000000c2500000, 0x00000000c2400000| Untracked 
|  13|0x00000000c2500000, 0x00000000c2600000, 0x00000000c2600000|100%| O|  |TAMS 0x00000000c2600000, 0x00000000c2500000| Untracked 
|  14|0x00000000c2600000, 0x00000000c2700000, 0x00000000c2700000|100%| O|  |TAMS 0x00000000c2700000, 0x00000000c2600000| Untracked 
|  15|0x00000000c2700000, 0x00000000c2800000, 0x00000000c2800000|100%| O|  |TAMS 0x00000000c2800000, 0x00000000c2700000| Complete 
|  16|0x00000000c2800000, 0x00000000c2900000, 0x00000000c2900000|100%| O|  |TAMS 0x00000000c2900000, 0x00000000c2800000| Untracked 
|  17|0x00000000c2900000, 0x00000000c2a00000, 0x00000000c2a00000|100%| O|  |TAMS 0x00000000c2a00000, 0x00000000c2900000| Untracked 
|  18|0x00000000c2a00000, 0x00000000c2b00000, 0x00000000c2b00000|100%| O|  |TAMS 0x00000000c2b00000, 0x00000000c2a00000| Untracked 
|  19|0x00000000c2b00000, 0x00000000c2c00000, 0x00000000c2c00000|100%| O|  |TAMS 0x00000000c2c00000, 0x00000000c2b00000| Untracked 
|  20|0x00000000c2c00000, 0x00000000c2d00000, 0x00000000c2d00000|100%| O|  |TAMS 0x00000000c2d00000, 0x00000000c2c00000| Untracked 
|  21|0x00000000c2d00000, 0x00000000c2e00000, 0x00000000c2e00000|100%| O|  |TAMS 0x00000000c2e00000, 0x00000000c2d00000| Untracked 
|  22|0x00000000c2e00000, 0x00000000c2f00000, 0x00000000c2f00000|100%| O|  |TAMS 0x00000000c2f00000, 0x00000000c2e00000| Untracked 
|  23|0x00000000c2f00000, 0x00000000c3000000, 0x00000000c3000000|100%| O|  |TAMS 0x00000000c3000000, 0x00000000c2f00000| Untracked 
|  24|0x00000000c3000000, 0x00000000c3100000, 0x00000000c3100000|100%| O|  |TAMS 0x00000000c3100000, 0x00000000c3000000| Untracked 
|  25|0x00000000c3100000, 0x00000000c3200000, 0x00000000c3200000|100%| O|  |TAMS 0x00000000c3200000, 0x00000000c3100000| Untracked 
|  26|0x00000000c3200000, 0x00000000c3300000, 0x00000000c3300000|100%| O|  |TAMS 0x00000000c3300000, 0x00000000c3200000| Untracked 
|  27|0x00000000c3300000, 0x00000000c3400000, 0x00000000c3400000|100%| O|  |TAMS 0x00000000c3400000, 0x00000000c3300000| Untracked 
|  28|0x00000000c3400000, 0x00000000c3500000, 0x00000000c3500000|100%| O|  |TAMS 0x00000000c3500000, 0x00000000c3400000| Untracked 
|  29|0x00000000c3500000, 0x00000000c3600000, 0x00000000c3600000|100%| O|  |TAMS 0x00000000c3600000, 0x00000000c3500000| Untracked 
|  30|0x00000000c3600000, 0x00000000c3700000, 0x00000000c3700000|100%| O|  |TAMS 0x00000000c3700000, 0x00000000c3600000| Untracked 
|  31|0x00000000c3700000, 0x00000000c3800000, 0x00000000c3800000|100%| O|  |TAMS 0x00000000c37aa200, 0x00000000c3700000| Untracked 
|  32|0x00000000c3800000, 0x00000000c3900000, 0x00000000c3900000|100%| O|  |TAMS 0x00000000c3800000, 0x00000000c3800000| Untracked 
|  33|0x00000000c3900000, 0x00000000c39a3e00, 0x00000000c3a00000| 64%| O|  |TAMS 0x00000000c3900000, 0x00000000c3900000| Untracked 
|  34|0x00000000c3a00000, 0x00000000c3a00000, 0x00000000c3b00000|  0%| F|  |TAMS 0x00000000c3a00000, 0x00000000c3a00000| Untracked 
|  35|0x00000000c3b00000, 0x00000000c3b00000, 0x00000000c3c00000|  0%| F|  |TAMS 0x00000000c3b00000, 0x00000000c3b00000| Untracked 
|  36|0x00000000c3c00000, 0x00000000c3c00000, 0x00000000c3d00000|  0%| F|  |TAMS 0x00000000c3c00000, 0x00000000c3c00000| Untracked 
|  37|0x00000000c3d00000, 0x00000000c3d00000, 0x00000000c3e00000|  0%| F|  |TAMS 0x00000000c3d00000, 0x00000000c3d00000| Untracked 
|  38|0x00000000c3e00000, 0x00000000c3e00000, 0x00000000c3f00000|  0%| F|  |TAMS 0x00000000c3e00000, 0x00000000c3e00000| Untracked 
|  39|0x00000000c3f00000, 0x00000000c3f00000, 0x00000000c4000000|  0%| F|  |TAMS 0x00000000c3f00000, 0x00000000c3f00000| Untracked 
|  40|0x00000000c4000000, 0x00000000c4000000, 0x00000000c4100000|  0%| F|  |TAMS 0x00000000c4000000, 0x00000000c4000000| Untracked 
|  41|0x00000000c4100000, 0x00000000c4100000, 0x00000000c4200000|  0%| F|  |TAMS 0x00000000c4100000, 0x00000000c4100000| Untracked 
|  42|0x00000000c4200000, 0x00000000c4200000, 0x00000000c4300000|  0%| F|  |TAMS 0x00000000c4200000, 0x00000000c4200000| Untracked 
|  43|0x00000000c4300000, 0x00000000c4300000, 0x00000000c4400000|  0%| F|  |TAMS 0x00000000c4300000, 0x00000000c4300000| Untracked 
|  44|0x00000000c4400000, 0x00000000c4400000, 0x00000000c4500000|  0%| F|  |TAMS 0x00000000c4400000, 0x00000000c4400000| Untracked 
|  45|0x00000000c4500000, 0x00000000c4500000, 0x00000000c4600000|  0%| F|  |TAMS 0x00000000c4500000, 0x00000000c4500000| Untracked 
|  46|0x00000000c4600000, 0x00000000c4600000, 0x00000000c4700000|  0%| F|  |TAMS 0x00000000c4600000, 0x00000000c4600000| Untracked 
|  47|0x00000000c4700000, 0x00000000c4700000, 0x00000000c4800000|  0%| F|  |TAMS 0x00000000c4700000, 0x00000000c4700000| Untracked 
|  48|0x00000000c4800000, 0x00000000c48c6fc0, 0x00000000c4900000| 77%| S|CS|TAMS 0x00000000c4800000, 0x00000000c4800000| Complete 
|  49|0x00000000c4900000, 0x00000000c4900000, 0x00000000c4a00000|  0%| F|  |TAMS 0x00000000c4900000, 0x00000000c4900000| Untracked 
|  50|0x00000000c4a00000, 0x00000000c4a00000, 0x00000000c4b00000|  0%| F|  |TAMS 0x00000000c4a00000, 0x00000000c4a00000| Untracked 
|  51|0x00000000c4b00000, 0x00000000c4b00000, 0x00000000c4c00000|  0%| F|  |TAMS 0x00000000c4b00000, 0x00000000c4b00000| Untracked 
|  52|0x00000000c4c00000, 0x00000000c4c00000, 0x00000000c4d00000|  0%| F|  |TAMS 0x00000000c4c00000, 0x00000000c4c00000| Untracked 
|  53|0x00000000c4d00000, 0x00000000c4d00000, 0x00000000c4e00000|  0%| F|  |TAMS 0x00000000c4d00000, 0x00000000c4d00000| Untracked 
|  54|0x00000000c4e00000, 0x00000000c4e00000, 0x00000000c4f00000|  0%| F|  |TAMS 0x00000000c4e00000, 0x00000000c4e00000| Untracked 
|  55|0x00000000c4f00000, 0x00000000c4f00000, 0x00000000c5000000|  0%| F|  |TAMS 0x00000000c4f00000, 0x00000000c4f00000| Untracked 
|  56|0x00000000c5000000, 0x00000000c5000000, 0x00000000c5100000|  0%| F|  |TAMS 0x00000000c5000000, 0x00000000c5000000| Untracked 
|  57|0x00000000c5100000, 0x00000000c5100000, 0x00000000c5200000|  0%| F|  |TAMS 0x00000000c5100000, 0x00000000c5100000| Untracked 
|  58|0x00000000c5200000, 0x00000000c5200000, 0x00000000c5300000|  0%| F|  |TAMS 0x00000000c5200000, 0x00000000c5200000| Untracked 
|  59|0x00000000c5300000, 0x00000000c5300000, 0x00000000c5400000|  0%| F|  |TAMS 0x00000000c5300000, 0x00000000c5300000| Untracked 
|  60|0x00000000c5400000, 0x00000000c54f5b50, 0x00000000c5500000| 95%| E|  |TAMS 0x00000000c5400000, 0x00000000c5400000| Complete 
|  63|0x00000000c5700000, 0x00000000c5800000, 0x00000000c5800000|100%| E|CS|TAMS 0x00000000c5700000, 0x00000000c5700000| Complete 

Card table byte_map: [0x000002d046b80000,0x000002d046d80000] _byte_map_base: 0x000002d046574000

Marking Bits (Prev, Next): (CMBitMap*) 0x000002d02df1b2b0, (CMBitMap*) 0x000002d02df1b2f0
 Prev Bits: [0x000002d046f80000, 0x000002d047f20000)
 Next Bits: [0x000002d047f20000, 0x000002d048ec0000)

Polling page: 0x000002d02e080000

Metaspace:

Usage:
  Non-class:     69.78 MB used.
      Class:     10.40 MB used.
       Both:     80.18 MB used.

Virtual space:
  Non-class space:      128.00 MB reserved,      70.06 MB ( 55%) committed,  2 nodes.
      Class space:        1.00 GB reserved,      10.69 MB (  1%) committed,  1 nodes.
             Both:        1.12 GB reserved,      80.75 MB (  7%) committed. 

Chunk freelists:
   Non-Class:  9.66 MB
       Class:  5.34 MB
        Both:  15.00 MB

MaxMetaspaceSize: unlimited
CompressedClassSpaceSize: 1.00 GB
Initial GC threshold: 21.00 MB
Current GC threshold: 129.81 MB
CDS: on
MetaspaceReclaimPolicy: balanced
 - commit_granule_bytes: 65536.
 - commit_granule_words: 8192.
 - virtual_space_node_default_size: 8388608.
 - enlarge_chunks_in_place: 1.
 - new_chunks_are_fully_committed: 0.
 - uncommit_free_chunks: 1.
 - use_allocation_guard: 0.
 - handle_deallocations: 1.


Internal statistics:

num_allocs_failed_limit: 9.
num_arena_births: 782.
num_arena_deaths: 0.
num_vsnodes_births: 3.
num_vsnodes_deaths: 0.
num_space_committed: 1292.
num_space_uncommitted: 0.
num_chunks_returned_to_freelist: 9.
num_chunks_taken_from_freelist: 3673.
num_chunk_merges: 9.
num_chunk_splits: 2753.
num_chunks_enlarged: 2248.
num_inconsistent_stats: 0.

CodeHeap 'non-profiled nmethods': size=120000Kb used=3201Kb max_used=3201Kb free=116798Kb
 bounds [0x000002d03f450000, 0x000002d03f7a0000, 0x000002d046980000]
CodeHeap 'profiled nmethods': size=120000Kb used=10094Kb max_used=10427Kb free=109905Kb
 bounds [0x000002d037980000, 0x000002d0383b0000, 0x000002d03eeb0000]
CodeHeap 'non-nmethods': size=5760Kb used=1480Kb max_used=1548Kb free=4279Kb
 bounds [0x000002d03eeb0000, 0x000002d03f120000, 0x000002d03f450000]
 total_blobs=6028 nmethods=5261 adapters=679
 compilation: enabled
              stopped_count=0, restarted_count=0
 full_count=0

Compilation events (20 events):
Event: 29.211 Thread 0x000002d04b31b8e0 5979       2       java.util.Formatter$FormatSpecifier::print (230 bytes)
Event: 29.211 Thread 0x000002d04b31b8e0 nmethod 5979 0x000002d0379dbe90 code [0x000002d0379dc100, 0x000002d0379dc628]
Event: 29.211 Thread 0x000002d04b31b8e0 5980       2       java.util.Formatter$FormatSpecifier::print (62 bytes)
Event: 29.212 Thread 0x000002d04b31b8e0 nmethod 5980 0x000002d0379db510 code [0x000002d0379db700, 0x000002d0379dbb18]
Event: 29.309 Thread 0x000002d04b318770 nmethod 5619 0x000002d03f591510 code [0x000002d03f591920, 0x000002d03f5966e0]
Event: 29.309 Thread 0x000002d04b318770 5887       4       java.util.regex.Pattern$$Lambda$17/0x000002d04d04ffc8::is (5 bytes)
Event: 29.311 Thread 0x000002d04b318770 nmethod 5887 0x000002d03f591190 code [0x000002d03f591300, 0x000002d03f5913f8]
Event: 29.311 Thread 0x000002d04b318770 5629       4       org.springframework.core.annotation.AnnotationsScanner::scan (21 bytes)
Event: 29.413 Thread 0x000002d04b31b8e0 5981       2       java.util.IdentityHashMap::put (137 bytes)
Event: 29.414 Thread 0x000002d04b31b8e0 nmethod 5981 0x000002d0379daa10 code [0x000002d0379dac00, 0x000002d0379db238]
Event: 29.426 Thread 0x000002d04b31b8e0 5984       2       java.lang.Math::max (12 bytes)
Event: 29.428 Thread 0x000002d04b31b8e0 nmethod 5984 0x000002d037d07010 code [0x000002d037d071a0, 0x000002d037d07298]
Event: 29.429 Thread 0x000002d04b31b8e0 5985       1       org.apache.kafka.common.Node::idString (5 bytes)
Event: 29.429 Thread 0x000002d04b31b8e0 nmethod 5985 0x000002d03f590b90 code [0x000002d03f590d20, 0x000002d03f590df8]
Event: 29.435 Thread 0x000002d04b31b8e0 5986       1       org.apache.kafka.common.metrics.MetricConfig::timeWindowMs (5 bytes)
Event: 29.435 Thread 0x000002d04b31b8e0 nmethod 5986 0x000002d03f590890 code [0x000002d03f590a20, 0x000002d03f590af8]
Event: 29.435 Thread 0x000002d04b31b8e0 5987       1       org.apache.kafka.common.metrics.MetricConfig::eventWindow (5 bytes)
Event: 29.435 Thread 0x000002d04b31b8e0 nmethod 5987 0x000002d03f590590 code [0x000002d03f590720, 0x000002d03f5907f8]
Event: 29.435 Thread 0x000002d04b31b8e0 5988       1       org.apache.kafka.common.metrics.Sensor$StatAndConfig::access$000 (5 bytes)
Event: 29.435 Thread 0x000002d04b31b8e0 nmethod 5988 0x000002d03f590290 code [0x000002d03f590420, 0x000002d03f5904d8]

GC Heap History (20 events):
Event: 14.623 GC heap before
{Heap before GC invocations=18 (full 0):
 garbage-first heap   total 60416K, used 47537K [0x00000000c1800000, 0x0000000100000000)
  region size 1024K, 27 young (27648K), 3 survivors (3072K)
 Metaspace       used 53285K, committed 53824K, reserved 1114112K
  class space    used 6827K, committed 7104K, reserved 1048576K
}
Event: 14.628 GC heap after
{Heap after GC invocations=19 (full 0):
 garbage-first heap   total 60416K, used 23932K [0x00000000c1800000, 0x0000000100000000)
  region size 1024K, 3 young (3072K), 3 survivors (3072K)
 Metaspace       used 53285K, committed 53824K, reserved 1114112K
  class space    used 6827K, committed 7104K, reserved 1048576K
}
Event: 15.739 GC heap before
{Heap before GC invocations=19 (full 0):
 garbage-first heap   total 60416K, used 47484K [0x00000000c1800000, 0x0000000100000000)
  region size 1024K, 27 young (27648K), 3 survivors (3072K)
 Metaspace       used 59601K, committed 60160K, reserved 1114112K
  class space    used 7900K, committed 8192K, reserved 1048576K
}
Event: 15.746 GC heap after
{Heap after GC invocations=20 (full 0):
 garbage-first heap   total 60416K, used 24855K [0x00000000c1800000, 0x0000000100000000)
  region size 1024K, 2 young (2048K), 2 survivors (2048K)
 Metaspace       used 59601K, committed 60160K, reserved 1114112K
  class space    used 7900K, committed 8192K, reserved 1048576K
}
Event: 16.876 GC heap before
{Heap before GC invocations=20 (full 0):
 garbage-first heap   total 60416K, used 48407K [0x00000000c1800000, 0x0000000100000000)
  region size 1024K, 26 young (26624K), 2 survivors (2048K)
 Metaspace       used 64844K, committed 65408K, reserved 1114112K
  class space    used 8659K, committed 8896K, reserved 1048576K
}
Event: 16.885 GC heap after
{Heap after GC invocations=21 (full 0):
 garbage-first heap   total 60416K, used 26065K [0x00000000c1800000, 0x0000000100000000)
  region size 1024K, 3 young (3072K), 3 survivors (3072K)
 Metaspace       used 64844K, committed 65408K, reserved 1114112K
  class space    used 8659K, committed 8896K, reserved 1048576K
}
Event: 19.616 GC heap before
{Heap before GC invocations=21 (full 0):
 garbage-first heap   total 60416K, used 49617K [0x00000000c1800000, 0x0000000100000000)
  region size 1024K, 26 young (26624K), 3 survivors (3072K)
 Metaspace       used 68289K, committed 68800K, reserved 1114112K
  class space    used 9202K, committed 9472K, reserved 1048576K
}
Event: 19.626 GC heap after
{Heap after GC invocations=22 (full 0):
 garbage-first heap   total 60416K, used 28172K [0x00000000c1800000, 0x0000000100000000)
  region size 1024K, 4 young (4096K), 4 survivors (4096K)
 Metaspace       used 68289K, committed 68800K, reserved 1114112K
  class space    used 9202K, committed 9472K, reserved 1048576K
}
Event: 20.083 GC heap before
{Heap before GC invocations=22 (full 0):
 garbage-first heap   total 60416K, used 34316K [0x00000000c1800000, 0x0000000100000000)
  region size 1024K, 11 young (11264K), 4 survivors (4096K)
 Metaspace       used 69402K, committed 69888K, reserved 1114112K
  class space    used 9278K, committed 9536K, reserved 1048576K
}
Event: 20.092 GC heap after
{Heap after GC invocations=23 (full 0):
 garbage-first heap   total 60416K, used 28924K [0x00000000c1800000, 0x0000000100000000)
  region size 1024K, 1 young (1024K), 1 survivors (1024K)
 Metaspace       used 69402K, committed 69888K, reserved 1114112K
  class space    used 9278K, committed 9536K, reserved 1048576K
}
Event: 21.328 GC heap before
{Heap before GC invocations=24 (full 0):
 garbage-first heap   total 60416K, used 48380K [0x00000000c1800000, 0x0000000100000000)
  region size 1024K, 20 young (20480K), 1 survivors (1024K)
 Metaspace       used 71030K, committed 71616K, reserved 1114112K
  class space    used 9543K, committed 9792K, reserved 1048576K
}
Event: 21.334 GC heap after
{Heap after GC invocations=25 (full 0):
 garbage-first heap   total 60416K, used 30768K [0x00000000c1800000, 0x0000000100000000)
  region size 1024K, 3 young (3072K), 3 survivors (3072K)
 Metaspace       used 71030K, committed 71616K, reserved 1114112K
  class space    used 9543K, committed 9792K, reserved 1048576K
}
Event: 23.340 GC heap before
{Heap before GC invocations=25 (full 0):
 garbage-first heap   total 60416K, used 47152K [0x00000000c1800000, 0x0000000100000000)
  region size 1024K, 20 young (20480K), 3 survivors (3072K)
 Metaspace       used 73008K, committed 73600K, reserved 1114112K
  class space    used 9842K, committed 10112K, reserved 1048576K
}
Event: 23.355 GC heap after
{Heap after GC invocations=26 (full 0):
 garbage-first heap   total 60416K, used 32437K [0x00000000c1800000, 0x0000000100000000)
  region size 1024K, 2 young (2048K), 2 survivors (2048K)
 Metaspace       used 73008K, committed 73600K, reserved 1114112K
  class space    used 9842K, committed 10112K, reserved 1048576K
}
Event: 25.561 GC heap before
{Heap before GC invocations=27 (full 0):
 garbage-first heap   total 60416K, used 47797K [0x00000000c1800000, 0x0000000100000000)
  region size 1024K, 18 young (18432K), 2 survivors (2048K)
 Metaspace       used 76129K, committed 76672K, reserved 1179648K
  class space    used 10203K, committed 10432K, reserved 1048576K
}
Event: 25.567 GC heap after
{Heap after GC invocations=28 (full 0):
 garbage-first heap   total 60416K, used 33448K [0x00000000c1800000, 0x0000000100000000)
  region size 1024K, 1 young (1024K), 1 survivors (1024K)
 Metaspace       used 76129K, committed 76672K, reserved 1179648K
  class space    used 10203K, committed 10432K, reserved 1048576K
}
Event: 27.494 GC heap before
{Heap before GC invocations=28 (full 0):
 garbage-first heap   total 60416K, used 48808K [0x00000000c1800000, 0x0000000100000000)
  region size 1024K, 17 young (17408K), 1 survivors (1024K)
 Metaspace       used 78862K, committed 79488K, reserved 1179648K
  class space    used 10382K, committed 10688K, reserved 1048576K
}
Event: 27.502 GC heap after
{Heap after GC invocations=29 (full 0):
 garbage-first heap   total 60416K, used 34525K [0x00000000c1800000, 0x0000000100000000)
  region size 1024K, 3 young (3072K), 3 survivors (3072K)
 Metaspace       used 78862K, committed 79488K, reserved 1179648K
  class space    used 10382K, committed 10688K, reserved 1048576K
}
Event: 29.245 GC heap before
{Heap before GC invocations=30 (full 0):
 garbage-first heap   total 63488K, used 46813K [0x00000000c1800000, 0x0000000100000000)
  region size 1024K, 16 young (16384K), 3 survivors (3072K)
 Metaspace       used 81761K, committed 82368K, reserved 1179648K
  class space    used 10599K, committed 10880K, reserved 1048576K
}
Event: 29.251 GC heap after
{Heap after GC invocations=31 (full 0):
 garbage-first heap   total 63488K, used 35243K [0x00000000c1800000, 0x0000000100000000)
  region size 1024K, 1 young (1024K), 1 survivors (1024K)
 Metaspace       used 81761K, committed 82368K, reserved 1179648K
  class space    used 10599K, committed 10880K, reserved 1048576K
}

Deoptimization events (20 events):
Event: 23.570 Thread 0x000002d0300ca1f0 DEOPT PACKING pc=0x000002d037f2b384 sp=0x000000e6042fdd60
Event: 23.570 Thread 0x000002d0300ca1f0 DEOPT UNPACKING pc=0x000002d03ef02b43 sp=0x000000e6042fd3c0 mode 1
Event: 24.460 Thread 0x000002d0300ca1f0 DEOPT PACKING pc=0x000002d03819720c sp=0x000000e6042fe920
Event: 24.460 Thread 0x000002d0300ca1f0 DEOPT UNPACKING pc=0x000002d03ef02b43 sp=0x000000e6042fdde0 mode 1
Event: 24.461 Thread 0x000002d0300ca1f0 DEOPT PACKING pc=0x000002d03819720c sp=0x000000e6042fe920
Event: 24.461 Thread 0x000002d0300ca1f0 DEOPT UNPACKING pc=0x000002d03ef02b43 sp=0x000000e6042fdde0 mode 1
Event: 25.182 Thread 0x000002d0300ca1f0 Uncommon trap: trap_request=0xffffff45 fr.pc=0x000002d03f58325c relative=0x000000000000005c
Event: 25.182 Thread 0x000002d0300ca1f0 Uncommon trap: reason=unstable_if action=reinterpret pc=0x000002d03f58325c method=org.springframework.util.StringUtils.deleteAny(Ljava/lang/String;Ljava/lang/String;)Ljava/lang/String; @ 11 c2
Event: 25.183 Thread 0x000002d0300ca1f0 DEOPT PACKING pc=0x000002d03f58325c sp=0x000000e6042fe500
Event: 25.183 Thread 0x000002d0300ca1f0 DEOPT UNPACKING pc=0x000002d03ef023a3 sp=0x000000e6042fe480 mode 2
Event: 26.691 Thread 0x000002d0300ca1f0 DEOPT PACKING pc=0x000002d03798ed86 sp=0x000000e6042fd570
Event: 26.691 Thread 0x000002d0300ca1f0 DEOPT UNPACKING pc=0x000002d03ef02b43 sp=0x000000e6042fc9f0 mode 0
Event: 27.020 Thread 0x000002d0912c6f90 DEOPT PACKING pc=0x000002d0382ef656 sp=0x000000e6061feb90
Event: 27.020 Thread 0x000002d0912c6f90 DEOPT UNPACKING pc=0x000002d03ef02b43 sp=0x000000e6061fe018 mode 0
Event: 27.512 Thread 0x000002d0300ca1f0 Uncommon trap: trap_request=0xffffff45 fr.pc=0x000002d03f52d018 relative=0x00000000000002f8
Event: 27.512 Thread 0x000002d0300ca1f0 Uncommon trap: reason=unstable_if action=reinterpret pc=0x000002d03f52d018 method=java.util.ArrayList.indexOfRange(Ljava/lang/Object;II)I @ 7 c2
Event: 27.512 Thread 0x000002d0300ca1f0 DEOPT PACKING pc=0x000002d03f52d018 sp=0x000000e6042fefc0
Event: 27.512 Thread 0x000002d0300ca1f0 DEOPT UNPACKING pc=0x000002d03ef023a3 sp=0x000000e6042fef60 mode 2
Event: 27.537 Thread 0x000002d0300ca1f0 DEOPT PACKING pc=0x000002d037dac4e1 sp=0x000000e6042fed60
Event: 27.537 Thread 0x000002d0300ca1f0 DEOPT UNPACKING pc=0x000002d03ef02b43 sp=0x000000e6042fe238 mode 0

Classes unloaded (0 events):
No events

Classes redefined (0 events):
No events

Internal exceptions (20 events):
Event: 17.124 Thread 0x000002d0300ca1f0 Exception <a 'java/lang/IncompatibleClassChangeError'{0x00000000c4e9de10}: Found class java.lang.Object, but interface was expected> (0x00000000c4e9de10) 
thrown [s\open\src\hotspot\share\interpreter\linkResolver.cpp, line 826]
Event: 17.137 Thread 0x000002d0300ca1f0 Exception <a 'java/lang/NoSuchMethodError'{0x00000000c4ed1e08}: 'java.lang.Object java.lang.invoke.DirectMethodHandle$Holder.invokeSpecial(java.lang.Object, java.lang.Object, java.lang.Object, int, int, java.lang.Object)'> (0x00000000c4ed1e08) 
thrown [s\open\src\hotspot\share\interpreter\linkResolver.cpp, line 759]
Event: 17.147 Thread 0x000002d0300ca1f0 Exception <a 'java/lang/NoSuchMethodError'{0x00000000c4eda888}: 'java.lang.Object java.lang.invoke.DirectMethodHandle$Holder.newInvokeSpecial(java.lang.Object, java.lang.Object, java.lang.Object, int, int)'> (0x00000000c4eda888) 
thrown [s\open\src\hotspot\share\interpreter\linkResolver.cpp, line 759]
Event: 17.226 Thread 0x000002d0300ca1f0 Exception <a 'sun/nio/fs/WindowsException'{0x00000000c4dd64f8}> (0x00000000c4dd64f8) 
thrown [s\open\src\hotspot\share\prims\jni.cpp, line 516]
Event: 17.237 Thread 0x000002d0300ca1f0 Exception <a 'java/lang/IncompatibleClassChangeError'{0x00000000c4c0a2c0}: Found class java.lang.Object, but interface was expected> (0x00000000c4c0a2c0) 
thrown [s\open\src\hotspot\share\interpreter\linkResolver.cpp, line 826]
Event: 17.350 Thread 0x000002d0300ca1f0 Exception <a 'java/lang/IncompatibleClassChangeError'{0x00000000c4bec9a8}: Found class java.lang.Object, but interface was expected> (0x00000000c4bec9a8) 
thrown [s\open\src\hotspot\share\interpreter\linkResolver.cpp, line 826]
Event: 17.522 Thread 0x000002d0300ca1f0 Exception <a 'java/lang/NoSuchMethodError'{0x00000000c46db340}: 'java.lang.Object java.lang.invoke.DirectMethodHandle$Holder.newInvokeSpecial(java.lang.Object, long)'> (0x00000000c46db340) 
thrown [s\open\src\hotspot\share\interpreter\linkResolver.cpp, line 759]
Event: 17.922 Thread 0x000002d0300ca1f0 Exception <a 'java/lang/IncompatibleClassChangeError'{0x00000000c40db9b0}: Found class java.lang.Object, but interface was expected> (0x00000000c40db9b0) 
thrown [s\open\src\hotspot\share\interpreter\linkResolver.cpp, line 826]
Event: 20.895 Thread 0x000002d0300ca1f0 Exception <a 'java/lang/NoSuchMethodError'{0x00000000c4844e20}: 'void java.lang.invoke.DirectMethodHandle$Holder.invokeVirtual(java.lang.Object, java.lang.Object, java.lang.Object, java.lang.Object)'> (0x00000000c4844e20) 
thrown [s\open\src\hotspot\share\interpreter\linkResolver.cpp, line 759]
Event: 21.147 Thread 0x000002d0300ca1f0 Exception <a 'sun/nio/fs/WindowsException'{0x00000000c4308348}> (0x00000000c4308348) 
thrown [s\open\src\hotspot\share\prims\jni.cpp, line 516]
Event: 21.284 Thread 0x000002d0300ca1f0 Exception <a 'java/lang/IncompatibleClassChangeError'{0x00000000c3f0ff48}: Found class java.lang.Object, but interface was expected> (0x00000000c3f0ff48) 
thrown [s\open\src\hotspot\share\interpreter\linkResolver.cpp, line 826]
Event: 21.494 Thread 0x000002d0300ca1f0 Exception <a 'java/lang/NoSuchMethodError'{0x00000000c5101840}: 'void java.lang.invoke.DirectMethodHandle$Holder.invokeVirtual(java.lang.Object, java.lang.Object, long)'> (0x00000000c5101840) 
thrown [s\open\src\hotspot\share\interpreter\linkResolver.cpp, line 759]
Event: 21.961 Thread 0x000002d0300ca1f0 Exception <a 'java/lang/NoSuchMethodError'{0x00000000c4ee8820}: 'int java.lang.invoke.DirectMethodHandle$Holder.invokeStaticInit(java.lang.Object, java.lang.Object, java.lang.Object, java.lang.Object)'> (0x00000000c4ee8820) 
thrown [s\open\src\hotspot\share\interpreter\linkResolver.cpp, line 759]
Event: 22.270 Thread 0x000002d0300ca1f0 Exception <a 'java/lang/IncompatibleClassChangeError'{0x00000000c4dd4420}: Found class java.lang.Object, but interface was expected> (0x00000000c4dd4420) 
thrown [s\open\src\hotspot\share\interpreter\linkResolver.cpp, line 826]
Event: 22.335 Thread 0x000002d0300ca1f0 Implicit null exception at 0x000002d03f5c1fba to 0x000002d03f5c21e4
Event: 22.986 Thread 0x000002d0300ca1f0 Exception <a 'java/lang/NoSuchMethodError'{0x00000000c4332c50}: 'void java.lang.invoke.DirectMethodHandle$Holder.invokeVirtual(java.lang.Object, java.lang.Object, float)'> (0x00000000c4332c50) 
thrown [s\open\src\hotspot\share\interpreter\linkResolver.cpp, line 759]
Event: 23.720 Thread 0x000002d0300ca1f0 Exception <a 'java/lang/NoSuchMethodError'{0x00000000c4f0a1c0}: 'java.lang.Object java.lang.invoke.DirectMethodHandle$Holder.newInvokeSpecial(java.lang.Object, java.lang.Object, int, java.lang.Object, java.lang.Object)'> (0x00000000c4f0a1c0) 
thrown [s\open\src\hotspot\share\interpreter\linkResolver.cpp, line 759]
Event: 25.698 Thread 0x000002d0300ca1f0 Exception <a 'java/lang/NoSuchMethodError'{0x00000000c57db880}: 'double java.lang.invoke.DirectMethodHandle$Holder.invokeStatic(java.lang.Object, java.lang.Object, java.lang.Object, long)'> (0x00000000c57db880) 
thrown [s\open\src\hotspot\share\interpreter\linkResolver.cpp, line 759]
Event: 25.878 Thread 0x000002d0300ca1f0 Exception <a 'java/lang/NoSuchMethodError'{0x00000000c50a20c8}: 'void java.lang.invoke.DirectMethodHandle$Holder.invokeStaticInit(java.lang.Object)'> (0x00000000c50a20c8) 
thrown [s\open\src\hotspot\share\interpreter\linkResolver.cpp, line 759]
Event: 27.512 Thread 0x000002d0300ca1f0 Implicit null exception at 0x000002d03f52cd5b to 0x000002d03f52cff8

VM Operations (20 events):
Event: 24.696 Executing VM operation: HandshakeAllThreads
Event: 24.696 Executing VM operation: HandshakeAllThreads done
Event: 25.560 Executing VM operation: G1CollectForAllocation
Event: 25.567 Executing VM operation: G1CollectForAllocation done
Event: 26.579 Executing VM operation: Cleanup
Event: 26.611 Executing VM operation: Cleanup done
Event: 27.351 Executing VM operation: G1CollectForAllocation
Event: 27.508 Executing VM operation: G1CollectForAllocation done
Event: 27.613 Executing VM operation: G1Concurrent
Event: 27.618 Executing VM operation: G1Concurrent done
Event: 27.662 Executing VM operation: G1Concurrent
Event: 27.662 Executing VM operation: G1Concurrent done
Event: 29.100 Executing VM operation: HandshakeAllThreads
Event: 29.100 Executing VM operation: HandshakeAllThreads done
Event: 29.100 Executing VM operation: Cleanup
Event: 29.100 Executing VM operation: Cleanup done
Event: 29.101 Executing VM operation: HandshakeAllThreads
Event: 29.101 Executing VM operation: HandshakeAllThreads done
Event: 29.244 Executing VM operation: G1CollectForAllocation
Event: 29.251 Executing VM operation: G1CollectForAllocation done

Events (20 events):
Event: 29.424 loading class org/apache/kafka/common/KafkaException
Event: 29.424 loading class org/apache/kafka/common/KafkaException done
Event: 29.424 loading class org/apache/kafka/common/KafkaException
Event: 29.424 loading class org/apache/kafka/common/KafkaException done
Event: 29.424 loading class org/apache/kafka/common/KafkaException
Event: 29.424 loading class org/apache/kafka/common/KafkaException done
Event: 29.425 loading class org/apache/kafka/clients/Metadata
Event: 29.425 loading class org/apache/kafka/clients/Metadata done
Event: 29.425 loading class org/apache/kafka/clients/Metadata
Event: 29.425 loading class org/apache/kafka/clients/Metadata done
Event: 29.425 loading class org/apache/kafka/clients/Metadata
Event: 29.425 loading class org/apache/kafka/clients/Metadata done
Event: 29.429 loading class sun/nio/ch/IOVecWrapper
Event: 29.430 loading class sun/nio/ch/IOVecWrapper done
Event: 29.430 loading class sun/nio/ch/AllocatedNativeObject
Event: 29.430 loading class sun/nio/ch/NativeObject
Event: 29.431 loading class sun/nio/ch/NativeObject done
Event: 29.431 loading class sun/nio/ch/AllocatedNativeObject done
Event: 29.432 loading class sun/nio/ch/IOVecWrapper$Deallocator
Event: 29.432 loading class sun/nio/ch/IOVecWrapper$Deallocator done


Dynamic libraries:
0x00007ff738ab0000 - 0x00007ff738ac0000 	C:\Program Files\Java\jdk-17\bin\java.exe
0x00007ffd55710000 - 0x00007ffd55908000 	C:\Windows\SYSTEM32\ntdll.dll
0x00007ffd551c0000 - 0x00007ffd55282000 	C:\Windows\System32\KERNEL32.DLL
0x00007ffd53370000 - 0x00007ffd5366e000 	C:\Windows\System32\KERNELBASE.dll
0x00007ffd53150000 - 0x00007ffd53250000 	C:\Windows\System32\ucrtbase.dll
0x00007ffd1f0b0000 - 0x00007ffd1f0cb000 	C:\Program Files\Java\jdk-17\bin\VCRUNTIME140.dll
0x00007ffd238f0000 - 0x00007ffd23909000 	C:\Program Files\Java\jdk-17\bin\jli.dll
0x00007ffd55100000 - 0x00007ffd551b2000 	C:\Windows\System32\ADVAPI32.dll
0x00007ffd55290000 - 0x00007ffd5532e000 	C:\Windows\System32\msvcrt.dll
0x00007ffd54490000 - 0x00007ffd54530000 	C:\Windows\System32\sechost.dll
0x00007ffd553f0000 - 0x00007ffd55513000 	C:\Windows\System32\RPCRT4.dll
0x00007ffd52ed0000 - 0x00007ffd52ef7000 	C:\Windows\System32\bcrypt.dll
0x00007ffd54d00000 - 0x00007ffd54e9d000 	C:\Windows\System32\USER32.dll
0x00007ffd53700000 - 0x00007ffd53722000 	C:\Windows\System32\win32u.dll
0x00007ffd553c0000 - 0x00007ffd553eb000 	C:\Windows\System32\GDI32.dll
0x00007ffd52db0000 - 0x00007ffd52ec7000 	C:\Windows\System32\gdi32full.dll
0x00007ffd53060000 - 0x00007ffd530fd000 	C:\Windows\System32\msvcp_win.dll
0x00007ffd52170000 - 0x00007ffd5240a000 	C:\Windows\WinSxS\amd64_microsoft.windows.common-controls_6595b64144ccf1df_6.0.19041.4355_none_60b8b9eb71f62e16\COMCTL32.dll
0x00007ffd4fdb0000 - 0x00007ffd4fdba000 	C:\Windows\SYSTEM32\VERSION.dll
0x00007ffd54cd0000 - 0x00007ffd54cff000 	C:\Windows\System32\IMM32.DLL
0x00007ffd435f0000 - 0x00007ffd435fc000 	C:\Program Files\Java\jdk-17\bin\vcruntime140_1.dll
0x00007ffd1b7e0000 - 0x00007ffd1b86e000 	C:\Program Files\Java\jdk-17\bin\msvcp140.dll
0x00007ffcc9af0000 - 0x00007ffcca6d0000 	C:\Program Files\Java\jdk-17\bin\server\jvm.dll
0x00007ffd54810000 - 0x00007ffd54818000 	C:\Windows\System32\PSAPI.DLL
0x00007ffd50de0000 - 0x00007ffd50de9000 	C:\Windows\SYSTEM32\WSOCK32.dll
0x00007ffd55330000 - 0x00007ffd5539b000 	C:\Windows\System32\WS2_32.dll
0x00007ffd43f90000 - 0x00007ffd43fb7000 	C:\Windows\SYSTEM32\WINMM.dll
0x00007ffd50f20000 - 0x00007ffd50f32000 	C:\Windows\SYSTEM32\kernel.appcore.dll
0x00007ffd43550000 - 0x00007ffd4355a000 	C:\Program Files\Java\jdk-17\bin\jimage.dll
0x00007ffd52710000 - 0x00007ffd528f4000 	C:\Windows\SYSTEM32\DBGHELP.DLL
0x00007ffd526d0000 - 0x00007ffd52704000 	C:\Windows\SYSTEM32\dbgcore.DLL
0x00007ffd53670000 - 0x00007ffd536f2000 	C:\Windows\System32\bcryptPrimitives.dll
0x00007ffd50a50000 - 0x00007ffd50a8b000 	C:\Program Files\Java\jdk-17\bin\jdwp.dll
0x00007ffd50b30000 - 0x00007ffd50b3e000 	C:\Program Files\Java\jdk-17\bin\instrument.dll
0x00007ffd1b7b0000 - 0x00007ffd1b7d5000 	C:\Program Files\Java\jdk-17\bin\java.dll
0x00007ffd1b690000 - 0x00007ffd1b6a8000 	C:\Program Files\Java\jdk-17\bin\zip.dll
0x00007ffd1b6d0000 - 0x00007ffd1b7a7000 	C:\Program Files\Java\jdk-17\bin\jsvml.dll
0x00007ffd53730000 - 0x00007ffd53e9f000 	C:\Windows\System32\SHELL32.dll
0x00007ffd4fe20000 - 0x00007ffd505c4000 	C:\Windows\SYSTEM32\windows.storage.dll
0x00007ffd54970000 - 0x00007ffd54cc3000 	C:\Windows\System32\combase.dll
0x00007ffd520d0000 - 0x00007ffd520fe000 	C:\Windows\SYSTEM32\Wldp.dll
0x00007ffd55520000 - 0x00007ffd555ed000 	C:\Windows\System32\OLEAUT32.dll
0x00007ffd54ea0000 - 0x00007ffd54f4d000 	C:\Windows\System32\SHCORE.dll
0x00007ffd54830000 - 0x00007ffd54885000 	C:\Windows\System32\shlwapi.dll
0x00007ffd52ce0000 - 0x00007ffd52d04000 	C:\Windows\SYSTEM32\profapi.dll
0x00007ffd50a40000 - 0x00007ffd50a4c000 	C:\Program Files\Java\jdk-17\bin\dt_socket.dll
0x00007ffd51ab0000 - 0x00007ffd51aeb000 	C:\Windows\SYSTEM32\IPHLPAPI.DLL
0x00007ffd51f70000 - 0x00007ffd51fda000 	C:\Windows\system32\mswsock.dll
0x00007ffd1c580000 - 0x00007ffd1c599000 	C:\Program Files\Java\jdk-17\bin\net.dll
0x00007ffd43880000 - 0x00007ffd4398d000 	C:\Windows\SYSTEM32\WINHTTP.dll
0x00007ffd1b6b0000 - 0x00007ffd1b6c6000 	C:\Program Files\Java\jdk-17\bin\nio.dll
0x00007ffd43290000 - 0x00007ffd4329a000 	C:\Program Files\Java\jdk-17\bin\management.dll
0x00007ffd43260000 - 0x00007ffd4326b000 	C:\Program Files\Java\jdk-17\bin\management_ext.dll
0x00007ffd23f00000 - 0x00007ffd23f17000 	C:\Windows\system32\napinsp.dll
0x00007ffd23ee0000 - 0x00007ffd23efb000 	C:\Windows\system32\pnrpnsp.dll
0x00007ffd239c0000 - 0x00007ffd239d5000 	C:\Windows\system32\wshbth.dll
0x00007ffd4c260000 - 0x00007ffd4c27d000 	C:\Windows\system32\NLAapi.dll
0x00007ffd51af0000 - 0x00007ffd51bba000 	C:\Windows\SYSTEM32\DNSAPI.dll
0x00007ffd545c0000 - 0x00007ffd545c8000 	C:\Windows\System32\NSI.dll
0x00007ffd23910000 - 0x00007ffd23922000 	C:\Windows\System32\winrnr.dll
0x00007ffd41200000 - 0x00007ffd4120a000 	C:\Windows\System32\rasadhlp.dll
0x00007ffd41c80000 - 0x00007ffd41d00000 	C:\Windows\System32\fwpuclnt.dll
0x00007ffd41bf0000 - 0x00007ffd41bfe000 	C:\Program Files\Java\jdk-17\bin\sunmscapi.dll
0x00007ffd52f00000 - 0x00007ffd5305c000 	C:\Windows\System32\CRYPT32.dll
0x00007ffd52140000 - 0x00007ffd52167000 	C:\Windows\SYSTEM32\ncrypt.dll
0x00007ffd52100000 - 0x00007ffd5213b000 	C:\Windows\SYSTEM32\NTASN1.dll
0x00007ffd52ab0000 - 0x00007ffd52ac8000 	C:\Windows\SYSTEM32\CRYPTSP.dll
0x00007ffd51730000 - 0x00007ffd51764000 	C:\Windows\system32\rsaenh.dll
0x00007ffd52ca0000 - 0x00007ffd52cce000 	C:\Windows\SYSTEM32\USERENV.dll
0x00007ffd52090000 - 0x00007ffd5209c000 	C:\Windows\SYSTEM32\CRYPTBASE.dll
0x00007ffd449c0000 - 0x00007ffd449d7000 	C:\Windows\SYSTEM32\dhcpcsvc6.DLL
0x00007ffd48a60000 - 0x00007ffd48a7d000 	C:\Windows\SYSTEM32\dhcpcsvc.DLL
0x00007ffd3ed70000 - 0x00007ffd3ed80000 	C:\Program Files\Java\jdk-17\bin\verify.dll
0x00007ffd16390000 - 0x00007ffd16397000 	C:\Windows\system32\wshunix.dll

dbghelp: loaded successfully - version: 4.0.5 - missing functions: none
symbol engine: initialized successfully - sym options: 0x614 - pdb path: .;C:\Program Files\Java\jdk-17\bin;C:\Windows\SYSTEM32;C:\Windows\WinSxS\amd64_microsoft.windows.common-controls_6595b64144ccf1df_6.0.19041.4355_none_60b8b9eb71f62e16;C:\Program Files\Java\jdk-17\bin\server

VM Arguments:
jvm_args: -agentlib:jdwp=transport=dt_socket,address=127.0.0.1:51219,suspend=y,server=n -javaagent:C:\Users\ASUS\AppData\Local\JetBrains\IdeaIC2024.2\captureAgent\debugger-agent.jar -Dkotlinx.coroutines.debug.enable.creation.stack.trace=false -Ddebugger.agent.enable.coroutines=true -Dfile.encoding=UTF-8 
java_command: co.vinni.cqrs.CqrsQueryApplication
java_class_path (initial): C:\Users\ASUS\Downloads\cqrs_patern-master_h2\cqrs_patern-master_h2\cqrs_query\target\classes;C:\Users\ASUS\.m2\repository\org\springframework\boot\spring-boot-starter-data-jpa\3.3.5\spring-boot-starter-data-jpa-3.3.5.jar;C:\Users\ASUS\.m2\repository\org\springframework\boot\spring-boot-starter-aop\3.3.5\spring-boot-starter-aop-3.3.5.jar;C:\Users\ASUS\.m2\repository\org\springframework\spring-aop\6.1.14\spring-aop-6.1.14.jar;C:\Users\ASUS\.m2\repository\org\aspectj\aspectjweaver\1.9.22.1\aspectjweaver-1.9.22.1.jar;C:\Users\ASUS\.m2\repository\org\springframework\boot\spring-boot-starter-jdbc\3.3.5\spring-boot-starter-jdbc-3.3.5.jar;C:\Users\ASUS\.m2\repository\com\zaxxer\HikariCP\5.1.0\HikariCP-5.1.0.jar;C:\Users\ASUS\.m2\repository\org\springframework\spring-jdbc\6.1.14\spring-jdbc-6.1.14.jar;C:\Users\ASUS\.m2\repository\org\hibernate\orm\hibernate-core\6.5.3.Final\hibernate-core-6.5.3.Final.jar;C:\Users\ASUS\.m2\repository\jakarta\persistence\jakarta.persistence-api\3.1.0\jakarta.persistence-api-3.1.0.jar;C:\Users\ASUS\.m2\repository\jakarta\transaction\jakarta.transaction-api\2.0.1\jakarta.transaction-api-2.0.1.jar;C:\Users\ASUS\.m2\repository\org\jboss\logging\jboss-logging\3.5.3.Final\jboss-logging-3.5.3.Final.jar;C:\Users\ASUS\.m2\repository\org\hibernate\common\hibernate-commons-annotations\6.0.6.Final\hibernate-commons-annotations-6.0.6.Final.jar;C:\Users\ASUS\.m2\repository\io\smallrye\jandex\3.1.2\jandex-3.1.2.jar;C:\Users\ASUS\.m2\repository\com\fasterxml\classmate\1.7.0\classmate-1.7.0.jar;C:\Users\ASUS\.m2\repository\net\bytebuddy\byte-buddy\1.14.19\byte-buddy-1.14.19.jar;C:\Users\ASUS\.m2\repository\org\glassfish\jaxb\jaxb-runtime\4.0.5\jaxb-runtime-4.0.5.jar;C:\Users\ASUS\.m2\repository\org\glassfish\jaxb\jaxb-core\4.0.5\jaxb-core-4.0.5.jar;C:\Users\ASUS\.m2\repository\org\eclipse\angus\angus-activation\2.0.2\angus-activation-2.0.2.jar;C:\Users\ASUS\.m2\repository\org\glassfish\jaxb\txw2\4.0.5\txw2-4.0.5.jar;C:\Users\ASUS\
Launcher Type: SUN_STANDARD

[Global flags]
     intx CICompilerCount                          = 3                                         {product} {ergonomic}
     uint ConcGCThreads                            = 1                                         {product} {ergonomic}
     uint G1ConcRefinementThreads                  = 4                                         {product} {ergonomic}
   size_t G1HeapRegionSize                         = 1048576                                   {product} {ergonomic}
    uintx GCDrainStackTargetSize                   = 64                                        {product} {ergonomic}
   size_t InitialHeapSize                          = 67108864                                  {product} {ergonomic}
   size_t MarkStackSize                            = 4194304                                   {product} {ergonomic}
   size_t MaxHeapSize                              = 1048576000                                {product} {ergonomic}
   size_t MaxNewSize                               = 629145600                                 {product} {ergonomic}
   size_t MinHeapDeltaBytes                        = 1048576                                   {product} {ergonomic}
   size_t MinHeapSize                              = 8388608                                   {product} {ergonomic}
    uintx NonNMethodCodeHeapSize                   = 5832780                                {pd product} {ergonomic}
    uintx NonProfiledCodeHeapSize                  = 122912730                              {pd product} {ergonomic}
    uintx ProfiledCodeHeapSize                     = 122912730                              {pd product} {ergonomic}
    uintx ReservedCodeCacheSize                    = 251658240                              {pd product} {ergonomic}
     bool SegmentedCodeCache                       = true                                      {product} {ergonomic}
   size_t SoftMaxHeapSize                          = 1048576000                             {manageable} {ergonomic}
     bool UseCompressedClassPointers               = true                           {product lp64_product} {ergonomic}
     bool UseCompressedOops                        = true                           {product lp64_product} {ergonomic}
     bool UseG1GC                                  = true                                      {product} {ergonomic}
     bool UseLargePagesIndividualAllocation        = false                                  {pd product} {ergonomic}

Logging:
Log output configuration:
 #0: stdout all=warning uptime,level,tags
 #1: stderr all=off uptime,level,tags

Environment Variables:
PATH=C:\Program Files\Broadcom\Broadcom 802.11 Network Adapter;;C:\Program Files\Common Files\Oracle\Java\javapath;C:\Program Files (x86)\Common Files\Oracle\Java\javapath;C:\Users\ASUS\Downloads\Oracle\bin;C:\Program Files (x86)\Intel\iCLS Client\;C:\Program Files\Intel\iCLS Client\;C:\Windows\system32;C:\Windows;C:\Windows\System32\Wbem;C:\Windows\System32\WindowsPowerShell\v1.0\;C:\Windows\System32\OpenSSH\;C:\Program Files (x86)\Intel\Intel(R) Management Engine Components\DAL;C:\Program Files\Intel\Intel(R) Management Engine Components\DAL;C:\Program Files (x86)\Intel\Intel(R) Management Engine Components\IPT;C:\Program Files\Intel\Intel(R) Management Engine Components\IPT;C:\Program Files\Microsoft SQL Server\130\Tools\Binn\;C:\Program Files\Microsoft SQL Server\Client SDK\ODBC\170\Tools\Binn\;C:\Program Files\Microsoft SQL Server\Client SDK\ODBC\130\Tools\Binn\;C:\Program Files (x86)\Microsoft SQL Server\140\Tools\Binn\;C:\Program Files\Microsoft SQL Server\140\Tools\Binn\;C:\Program Files\Microsoft SQL Server\140\DTS\Binn\;C:\Program Files (x86)\Microsoft SQL Server\160\DTS\Binn\;C:\Program Files\Azure Data Studio\bin;C:\Users\ASUS\AppData\Roaming\nvm;C:\Program Files\nodejs;C:\Program Files\Git\cmd;C:\Program Files\nodejs\;C:\Program Files\Docker\Docker\resources\bin;C:\Users\ASUS\AppData\Local\Microsoft\WindowsApps;C:\Program Files\Azure Data Studio\bin;C:\Users\ASUS\AppData\Local\Programs\Microsoft VS Code\bin;C:\Users\ASUS\AppData\Local\GitHubDesktop\bin;C:\Users\ASUS\AppData\Roaming\nvm;C:\Program Files\nodejs;C:\Users\ASUS\AppData\Roaming\npm;C:\workspace\apache-maven-3.9.9-bin\apache-maven-3.9.9\bin;
USERNAME=ASUS
OS=Windows_NT
PROCESSOR_IDENTIFIER=Intel64 Family 6 Model 61 Stepping 4, GenuineIntel



---------------  S Y S T E M  ---------------

OS:
 Windows 10 , 64 bit Build 19041 (10.0.19041.4957)
OS uptime: 0 days 10:48 hours
Hyper-V role detected

CPU: total 4 (initial active 4) (2 cores per cpu, 2 threads per core) family 6 model 61 stepping 4 microcode 0x2d, cx8, cmov, fxsr, ht, mmx, 3dnowpref, sse, sse2, sse3, ssse3, sse4.1, sse4.2, popcnt, lzcnt, tsc, tscinvbit, avx, avx2, aes, erms, clmul, bmi1, bmi2, adx, fma, vzeroupper, clflush, hv

Memory: 4k page, system-wide physical 3998M (291M free)
TotalPageFile size 16286M (AvailPageFile size 5M)
current process WorkingSet (physical memory assigned to process): 269M, peak: 276M
current process commit charge ("private bytes"): 323M, peak: 331M

vm_info: Java HotSpot(TM) 64-Bit Server VM (17.0.11+7-LTS-207) for windows-amd64 JRE (17.0.11+7-LTS-207), built on Mar 11 2024 19:01:50 by "mach5one" with MS VC++ 17.6 (VS2022)

END.
