#
# There is insufficient memory for the Java Runtime Environment to continue.
# Native memory allocation (mmap) failed to map 110100480 bytes for G1 virtual space
# Possible reasons:
#   The system is out of physical RAM or swap space
#   The process is running with CompressedOops enabled, and the Java Heap may be blocking the growth of the native heap
# Possible solutions:
#   Reduce memory load on the system
#   Increase physical memory or swap space
#   Check if swap backing store is full
#   Decrease Java heap size (-Xmx/-Xms)
#   Decrease number of Java threads
#   Decrease Java thread stack sizes (-Xss)
#   Set larger code cache with -XX:ReservedCodeCacheSize=
#   JVM is running with Unscaled Compressed Oops mode in which the Java heap is
#     placed in the first 4GB address space. The Java Heap base address is the
#     maximum limit for the native heap growth. Please use -XX:HeapBaseMinAddress
#     to set the Java Heap base and to place the Java Heap above 4GB virtual address.
# This output file may be truncated or incomplete.
#
#  Out of Memory Error (os_windows.cpp:3548), pid=10200, tid=16772
#
# JRE version: Java(TM) SE Runtime Environment (17.0.11+7) (build 17.0.11+7-LTS-207)
# Java VM: Java HotSpot(TM) 64-Bit Server VM (17.0.11+7-LTS-207, mixed mode, sharing, tiered, compressed oops, compressed class ptrs, g1 gc, windows-amd64)
# No core dump will be written. Minidumps are not enabled by default on client versions of Windows
#

---------------  S U M M A R Y ------------

Command Line: -javaagent:C:\Program Files\JetBrains\IntelliJ IDEA Community Edition 2024.2.2\lib\idea_rt.jar=50865:C:\Program Files\JetBrains\IntelliJ IDEA Community Edition 2024.2.2\bin -Dfile.encoding=UTF-8 co.vinni.cqrs.CqrsQueryApplication

Host: Intel(R) Core(TM) i7-5500U CPU @ 2.40GHz, 4 cores, 3G,  Windows 10 , 64 bit Build 19041 (10.0.19041.4957)
Time: Sat Nov  9 19:53:19 2024 Hora est. Pacífico, Sudamérica elapsed time: 42.709561 seconds (0d 0h 0m 42s)

---------------  T H R E A D  ---------------

Current thread (0x000002315db670f0):  VMThread "VM Thread" [stack: 0x0000005c49e00000,0x0000005c49f00000] [id=16772]

Stack: [0x0000005c49e00000,0x0000005c49f00000]
Native frames: (J=compiled Java code, j=interpreted, Vv=VM code, C=native code)
V  [jvm.dll+0x679cca]
V  [jvm.dll+0x7da13d]
V  [jvm.dll+0x7dba83]
V  [jvm.dll+0x7dc0f3]
V  [jvm.dll+0x2449af]
V  [jvm.dll+0x676ce9]
V  [jvm.dll+0x66b852]
V  [jvm.dll+0x3018d6]
V  [jvm.dll+0x308e76]
V  [jvm.dll+0x3596ee]
V  [jvm.dll+0x35991f]
V  [jvm.dll+0x2d89a8]
V  [jvm.dll+0x2d6ddd]
V  [jvm.dll+0x2d642c]
V  [jvm.dll+0x319f8b]
V  [jvm.dll+0x7e09eb]
V  [jvm.dll+0x7e1724]
V  [jvm.dll+0x7e1c3d]
V  [jvm.dll+0x7e2014]
V  [jvm.dll+0x7e20e0]
V  [jvm.dll+0x78a85a]
V  [jvm.dll+0x678bb5]
C  [ucrtbase.dll+0x21bb2]
C  [KERNEL32.DLL+0x17374]
C  [ntdll.dll+0x4cc91]

VM_Operation (0x0000005c4cffc150): G1CollectForAllocation, mode: safepoint, requested by thread 0x0000023143e77a00


---------------  P R O C E S S  ---------------

Threads class SMR info:
_java_thread_list=0x00000231435a9d20, length=48, elements={
0x000002315db6ec80, 0x000002315db6fa10, 0x000002315db7e760, 0x000002317ac633d0,
0x000002317ac63ca0, 0x000002317ac64570, 0x000002317ac64e40, 0x000002317acc9e70,
0x000002317acdcb20, 0x000002317f0087f0, 0x000002317f225860, 0x000002317f413fb0,
0x0000023141e65050, 0x0000023141b94270, 0x0000023141b94bd0, 0x00000231423c2e00,
0x00000231423c3820, 0x00000231423c0070, 0x00000231423c0fa0, 0x00000231423c1ed0,
0x00000231423c14b0, 0x00000231423c19c0, 0x00000231423c23e0, 0x00000231423c28f0,
0x0000023143e774f0, 0x0000023143e78420, 0x0000023143e79860, 0x0000023143e760b0,
0x0000023143e78e40, 0x0000023143e78930, 0x0000023143e73830, 0x0000023143e76fe0,
0x0000023143e79d70, 0x0000023143e77f10, 0x0000023143e74250, 0x0000023143e765c0,
0x0000023143e73d40, 0x0000023143e72900, 0x0000023143e74760, 0x0000023143e7a280,
0x0000023143e74c70, 0x0000023143e77a00, 0x0000023143e72e10, 0x0000023143e73320,
0x0000023143e75180, 0x0000023143e75690, 0x0000023143e75ba0, 0x0000023143e76ad0
}

Java Threads: ( => current thread )
  0x000002315db6ec80 JavaThread "Reference Handler" daemon [_thread_blocked, id=7752, stack(0x0000005c49f00000,0x0000005c4a000000)]
  0x000002315db6fa10 JavaThread "Finalizer" daemon [_thread_blocked, id=3480, stack(0x0000005c4a000000,0x0000005c4a100000)]
  0x000002315db7e760 JavaThread "Signal Dispatcher" daemon [_thread_blocked, id=6920, stack(0x0000005c4a100000,0x0000005c4a200000)]
  0x000002317ac633d0 JavaThread "Attach Listener" daemon [_thread_blocked, id=8364, stack(0x0000005c4a200000,0x0000005c4a300000)]
  0x000002317ac63ca0 JavaThread "Service Thread" daemon [_thread_blocked, id=12544, stack(0x0000005c4a300000,0x0000005c4a400000)]
  0x000002317ac64570 JavaThread "Monitor Deflation Thread" daemon [_thread_blocked, id=6280, stack(0x0000005c4a400000,0x0000005c4a500000)]
  0x000002317ac64e40 JavaThread "C2 CompilerThread0" daemon [_thread_blocked, id=14680, stack(0x0000005c4a500000,0x0000005c4a600000)]
  0x000002317acc9e70 JavaThread "C1 CompilerThread0" daemon [_thread_blocked, id=1428, stack(0x0000005c4a600000,0x0000005c4a700000)]
  0x000002317acdcb20 JavaThread "Sweeper thread" daemon [_thread_blocked, id=16472, stack(0x0000005c4a700000,0x0000005c4a800000)]
  0x000002317f0087f0 JavaThread "Common-Cleaner" daemon [_thread_blocked, id=11364, stack(0x0000005c4a800000,0x0000005c4a900000)]
  0x000002317f225860 JavaThread "Monitor Ctrl-Break" daemon [_thread_in_native, id=12068, stack(0x0000005c4a900000,0x0000005c4aa00000)]
  0x000002317f413fb0 JavaThread "Notification Thread" daemon [_thread_blocked, id=9572, stack(0x0000005c4aa00000,0x0000005c4ab00000)]
  0x0000023141e65050 JavaThread "Catalina-utility-1" [_thread_blocked, id=264, stack(0x0000005c4b100000,0x0000005c4b200000)]
  0x0000023141b94270 JavaThread "Catalina-utility-2" [_thread_blocked, id=16996, stack(0x0000005c4b200000,0x0000005c4b300000)]
  0x0000023141b94bd0 JavaThread "container-0" [_thread_blocked, id=2132, stack(0x0000005c4b300000,0x0000005c4b400000)]
  0x00000231423c2e00 JavaThread "HikariPool-1 housekeeper" daemon [_thread_blocked, id=16372, stack(0x0000005c4b400000,0x0000005c4b500000)]
  0x00000231423c3820 JavaThread "BufferPoolPruner-1-thread-1" daemon [_thread_blocked, id=8400, stack(0x0000005c4b600000,0x0000005c4b700000)]
  0x00000231423c0070 JavaThread "cluster-ClusterId{value='673003e53e58f41ecf3f0c04', description='null'}-localhost:27017" daemon [_thread_in_native, id=10964, stack(0x0000005c4b700000,0x0000005c4b800000)]
  0x00000231423c0fa0 JavaThread "cluster-rtt-ClusterId{value='673003e53e58f41ecf3f0c04', description='null'}-localhost:27017" daemon [_thread_blocked, id=16208, stack(0x0000005c4b800000,0x0000005c4b900000)]
  0x00000231423c1ed0 JavaThread "MaintenanceTimer-2-thread-1" daemon [_thread_blocked, id=16176, stack(0x0000005c4ba00000,0x0000005c4bb00000)]
  0x00000231423c14b0 JavaThread "http-nio-8622-exec-1" daemon [_thread_blocked, id=15852, stack(0x0000005c4b500000,0x0000005c4b600000)]
  0x00000231423c19c0 JavaThread "http-nio-8622-exec-2" daemon [_thread_blocked, id=9360, stack(0x0000005c4bb00000,0x0000005c4bc00000)]
  0x00000231423c23e0 JavaThread "http-nio-8622-exec-3" daemon [_thread_blocked, id=7788, stack(0x0000005c4bc00000,0x0000005c4bd00000)]
  0x00000231423c28f0 JavaThread "http-nio-8622-exec-4" daemon [_thread_blocked, id=4556, stack(0x0000005c4bd00000,0x0000005c4be00000)]
  0x0000023143e774f0 JavaThread "http-nio-8622-exec-5" daemon [_thread_blocked, id=14668, stack(0x0000005c4be00000,0x0000005c4bf00000)]
  0x0000023143e78420 JavaThread "http-nio-8622-exec-6" daemon [_thread_blocked, id=5696, stack(0x0000005c4bf00000,0x0000005c4c000000)]
  0x0000023143e79860 JavaThread "http-nio-8622-exec-7" daemon [_thread_blocked, id=16656, stack(0x0000005c4c000000,0x0000005c4c100000)]
  0x0000023143e760b0 JavaThread "http-nio-8622-exec-8" daemon [_thread_blocked, id=11920, stack(0x0000005c4c100000,0x0000005c4c200000)]
  0x0000023143e78e40 JavaThread "http-nio-8622-exec-9" daemon [_thread_blocked, id=2656, stack(0x0000005c4c200000,0x0000005c4c300000)]
  0x0000023143e78930 JavaThread "http-nio-8622-exec-10" daemon [_thread_blocked, id=10852, stack(0x0000005c4c300000,0x0000005c4c400000)]
  0x0000023143e73830 JavaThread "http-nio-8622-Poller" daemon [_thread_in_native, id=13820, stack(0x0000005c4c400000,0x0000005c4c500000)]
  0x0000023143e76fe0 JavaThread "http-nio-8622-Acceptor" daemon [_thread_in_native, id=17068, stack(0x0000005c4c500000,0x0000005c4c600000)]
  0x0000023143e79d70 JavaThread "ThreadPoolTaskScheduler-1" [_thread_blocked, id=4076, stack(0x0000005c4c600000,0x0000005c4c700000)]
  0x0000023143e77f10 JavaThread "org.springframework.kafka.KafkaListenerEndpointContainer#2-0-C-1" [_thread_in_native, id=5240, stack(0x0000005c4c700000,0x0000005c4c800000)]
  0x0000023143e74250 JavaThread "ThreadPoolTaskScheduler-1" [_thread_blocked, id=10692, stack(0x0000005c4c800000,0x0000005c4c900000)]
  0x0000023143e765c0 JavaThread "org.springframework.kafka.KafkaListenerEndpointContainer#3-0-C-1" [_thread_in_native, id=9664, stack(0x0000005c4c900000,0x0000005c4ca00000)]
  0x0000023143e73d40 JavaThread "ThreadPoolTaskScheduler-1" [_thread_blocked, id=16780, stack(0x0000005c4ca00000,0x0000005c4cb00000)]
  0x0000023143e72900 JavaThread "org.springframework.kafka.KafkaListenerEndpointContainer#4-0-C-1" [_thread_blocked, id=15880, stack(0x0000005c4cb00000,0x0000005c4cc00000)]
  0x0000023143e74760 JavaThread "ThreadPoolTaskScheduler-1" [_thread_blocked, id=1052, stack(0x0000005c4cc00000,0x0000005c4cd00000)]
  0x0000023143e7a280 JavaThread "org.springframework.kafka.KafkaListenerEndpointContainer#0-0-C-1" [_thread_in_native, id=3064, stack(0x0000005c4cd00000,0x0000005c4ce00000)]
  0x0000023143e74c70 JavaThread "ThreadPoolTaskScheduler-1" [_thread_blocked, id=16144, stack(0x0000005c4ce00000,0x0000005c4cf00000)]
  0x0000023143e77a00 JavaThread "org.springframework.kafka.KafkaListenerEndpointContainer#1-0-C-1" [_thread_blocked, id=8180, stack(0x0000005c4cf00000,0x0000005c4d000000)]
  0x0000023143e72e10 JavaThread "DestroyJavaVM" [_thread_blocked, id=15420, stack(0x0000005c49800000,0x0000005c49900000)]
  0x0000023143e73320 JavaThread "kafka-coordinator-heartbeat-thread | pedido-event-group" daemon [_thread_blocked, id=17032, stack(0x0000005c4d000000,0x0000005c4d100000)]
  0x0000023143e75180 JavaThread "kafka-coordinator-heartbeat-thread | restaurante-event-group" daemon [_thread_blocked, id=13092, stack(0x0000005c4d100000,0x0000005c4d200000)]
  0x0000023143e75690 JavaThread "kafka-coordinator-heartbeat-thread | domiciliario-event-group" daemon [_thread_blocked, id=15728, stack(0x0000005c4d200000,0x0000005c4d300000)]
  0x0000023143e75ba0 JavaThread "kafka-coordinator-heartbeat-thread | student-event-group" daemon [_thread_blocked, id=13996, stack(0x0000005c4d300000,0x0000005c4d400000)]
  0x0000023143e76ad0 JavaThread "kafka-coordinator-heartbeat-thread | usuario-event-group" daemon [_thread_blocked, id=14308, stack(0x0000005c4d400000,0x0000005c4d500000)]

Other Threads:
=>0x000002315db670f0 VMThread "VM Thread" [stack: 0x0000005c49e00000,0x0000005c49f00000] [id=16772]
  0x000002317f225d40 WatcherThread [stack: 0x0000005c4ab00000,0x0000005c4ac00000] [id=2676]
  0x000002315daee530 GCTaskThread "GC Thread#0" [stack: 0x0000005c49900000,0x0000005c49a00000] [id=6064]
  0x000002317f701030 GCTaskThread "GC Thread#1" [stack: 0x0000005c4ac00000,0x0000005c4ad00000] [id=12140]
  0x000002317f90c770 GCTaskThread "GC Thread#2" [stack: 0x0000005c4ad00000,0x0000005c4ae00000] [id=9788]
  0x000002317f90ca30 GCTaskThread "GC Thread#3" [stack: 0x0000005c4ae00000,0x0000005c4af00000] [id=10048]
  0x000002315daf80a0 ConcurrentGCThread "G1 Main Marker" [stack: 0x0000005c49a00000,0x0000005c49b00000] [id=16516]
  0x000002315daf89c0 ConcurrentGCThread "G1 Conc#0" [stack: 0x0000005c49b00000,0x0000005c49c00000] [id=14500]
  0x000002315db457d0 ConcurrentGCThread "G1 Refine#0" [stack: 0x0000005c49c00000,0x0000005c49d00000] [id=12724]
  0x0000023141f46480 ConcurrentGCThread "G1 Refine#1" [stack: 0x0000005c4b000000,0x0000005c4b100000] [id=16720]
  0x000002315db46110 ConcurrentGCThread "G1 Service" [stack: 0x0000005c49d00000,0x0000005c49e00000] [id=11424]

Threads with active compile tasks:

VM state: at safepoint (normal execution)

VM Mutex/Monitor currently owned by a thread:  ([mutex/lock_event])
[0x000002315daad050] Threads_lock - owner thread: 0x000002315db670f0
[0x000002315daacc60] Heap_lock - owner thread: 0x0000023143e77a00

Heap address: 0x00000000c1800000, size: 1000 MB, Compressed Oops mode: 32-bit

CDS archive(s) mapped at: [0x0000023100000000-0x0000023100bd0000-0x0000023100bd0000), size 12386304, SharedBaseAddress: 0x0000023100000000, ArchiveRelocationMode: 1.
Compressed class space mapped at: 0x0000023101000000-0x0000023141000000, reserved size: 1073741824
Narrow klass base: 0x0000023100000000, Narrow klass shift: 0, Narrow klass range: 0x100000000

GC Precious Log:
 CPUs: 4 total, 4 available
 Memory: 3998M
 Large Page Support: Disabled
 NUMA Support: Disabled
 Compressed Oops: Enabled (32-bit)
 Heap Region Size: 1M
 Heap Min Capacity: 8M
 Heap Initial Capacity: 64M
 Heap Max Capacity: 1000M
 Pre-touch: Disabled
 Parallel Workers: 4
 Concurrent Workers: 1
 Concurrent Refinement Workers: 4
 Periodic GC: Disabled

Heap:
 garbage-first heap   total 107520K, used 36389K [0x00000000c1800000, 0x0000000100000000)
  region size 1024K, 1 young (1024K), 1 survivors (1024K)
 Metaspace       used 83634K, committed 84224K, reserved 1179648K
  class space    used 11033K, committed 11328K, reserved 1048576K

Heap Regions: E=young(eden), S=young(survivor), O=old, HS=humongous(starts), HC=humongous(continues), CS=collection set, F=free, OA=open archive, CA=closed archive, TAMS=top-at-mark-start (previous, next)
|   0|0x00000000c1800000, 0x00000000c1900000, 0x00000000c1900000|100%|HS|  |TAMS 0x00000000c1900000, 0x00000000c1800000| Complete 
|   1|0x00000000c1900000, 0x00000000c1a00000, 0x00000000c1a00000|100%| O|  |TAMS 0x00000000c1a00000, 0x00000000c1900000| Untracked 
|   2|0x00000000c1a00000, 0x00000000c1b00000, 0x00000000c1b00000|100%| O|  |TAMS 0x00000000c1b00000, 0x00000000c1a00000| Untracked 
|   3|0x00000000c1b00000, 0x00000000c1c00000, 0x00000000c1c00000|100%| O|  |TAMS 0x00000000c1c00000, 0x00000000c1b00000| Untracked 
|   4|0x00000000c1c00000, 0x00000000c1d00000, 0x00000000c1d00000|100%| O|  |TAMS 0x00000000c1d00000, 0x00000000c1c00000| Untracked 
|   5|0x00000000c1d00000, 0x00000000c1e00000, 0x00000000c1e00000|100%| O|  |TAMS 0x00000000c1e00000, 0x00000000c1d00000| Untracked 
|   6|0x00000000c1e00000, 0x00000000c1f00000, 0x00000000c1f00000|100%| O|  |TAMS 0x00000000c1f00000, 0x00000000c1e00000| Updating 
|   7|0x00000000c1f00000, 0x00000000c1f00000, 0x00000000c2000000|  0%| F|  |TAMS 0x00000000c1f00000, 0x00000000c1f00000| Untracked 
|   8|0x00000000c2000000, 0x00000000c2100000, 0x00000000c2100000|100%| O|  |TAMS 0x00000000c2100000, 0x00000000c2000000| Untracked 
|   9|0x00000000c2100000, 0x00000000c2200000, 0x00000000c2200000|100%| O|  |TAMS 0x00000000c2200000, 0x00000000c2100000| Untracked 
|  10|0x00000000c2200000, 0x00000000c2300000, 0x00000000c2300000|100%| O|  |TAMS 0x00000000c2300000, 0x00000000c2200000| Updating 
|  11|0x00000000c2300000, 0x00000000c2400000, 0x00000000c2400000|100%| O|  |TAMS 0x00000000c2400000, 0x00000000c2300000| Updating 
|  12|0x00000000c2400000, 0x00000000c2500000, 0x00000000c2500000|100%| O|  |TAMS 0x00000000c2500000, 0x00000000c2400000| Updating 
|  13|0x00000000c2500000, 0x00000000c2600000, 0x00000000c2600000|100%| O|  |TAMS 0x00000000c2600000, 0x00000000c2500000| Updating 
|  14|0x00000000c2600000, 0x00000000c2700000, 0x00000000c2700000|100%| O|  |TAMS 0x00000000c2700000, 0x00000000c2600000| Updating 
|  15|0x00000000c2700000, 0x00000000c2800000, 0x00000000c2800000|100%| O|  |TAMS 0x00000000c2800000, 0x00000000c2700000| Untracked 
|  16|0x00000000c2800000, 0x00000000c2900000, 0x00000000c2900000|100%| O|  |TAMS 0x00000000c2900000, 0x00000000c2800000| Untracked 
|  17|0x00000000c2900000, 0x00000000c297fa00, 0x00000000c2a00000| 49%| O|  |TAMS 0x00000000c297fa00, 0x00000000c2900000| Updating 
|  18|0x00000000c2a00000, 0x00000000c2b00000, 0x00000000c2b00000|100%| O|  |TAMS 0x00000000c2b00000, 0x00000000c2a00000| Untracked 
|  19|0x00000000c2b00000, 0x00000000c2c00000, 0x00000000c2c00000|100%| O|  |TAMS 0x00000000c2c00000, 0x00000000c2b00000| Updating 
|  20|0x00000000c2c00000, 0x00000000c2d00000, 0x00000000c2d00000|100%| O|  |TAMS 0x00000000c2d00000, 0x00000000c2c00000| Untracked 
|  21|0x00000000c2d00000, 0x00000000c2e00000, 0x00000000c2e00000|100%| O|  |TAMS 0x00000000c2e00000, 0x00000000c2d00000| Updating 
|  22|0x00000000c2e00000, 0x00000000c2f00000, 0x00000000c2f00000|100%| O|  |TAMS 0x00000000c2f00000, 0x00000000c2e00000| Untracked 
|  23|0x00000000c2f00000, 0x00000000c3000000, 0x00000000c3000000|100%| O|  |TAMS 0x00000000c3000000, 0x00000000c2f00000| Untracked 
|  24|0x00000000c3000000, 0x00000000c3100000, 0x00000000c3100000|100%| O|  |TAMS 0x00000000c3100000, 0x00000000c3000000| Untracked 
|  25|0x00000000c3100000, 0x00000000c3200000, 0x00000000c3200000|100%| O|  |TAMS 0x00000000c3200000, 0x00000000c3100000| Untracked 
|  26|0x00000000c3200000, 0x00000000c3300000, 0x00000000c3300000|100%| O|  |TAMS 0x00000000c3300000, 0x00000000c3200000| Untracked 
|  27|0x00000000c3300000, 0x00000000c3400000, 0x00000000c3400000|100%| O|  |TAMS 0x00000000c3400000, 0x00000000c3300000| Untracked 
|  28|0x00000000c3400000, 0x00000000c3500000, 0x00000000c3500000|100%| O|  |TAMS 0x00000000c3500000, 0x00000000c3400000| Untracked 
|  29|0x00000000c3500000, 0x00000000c3600000, 0x00000000c3600000|100%| O|  |TAMS 0x00000000c3600000, 0x00000000c3500000| Untracked 
|  30|0x00000000c3600000, 0x00000000c3700000, 0x00000000c3700000|100%| O|  |TAMS 0x00000000c3700000, 0x00000000c3600000| Updating 
|  31|0x00000000c3700000, 0x00000000c3800000, 0x00000000c3800000|100%| O|  |TAMS 0x00000000c3800000, 0x00000000c3700000| Untracked 
|  32|0x00000000c3800000, 0x00000000c3900000, 0x00000000c3900000|100%| O|  |TAMS 0x00000000c3900000, 0x00000000c3800000| Untracked 
|  33|0x00000000c3900000, 0x00000000c3a00000, 0x00000000c3a00000|100%| O|  |TAMS 0x00000000c3a00000, 0x00000000c3900000| Updating 
|  34|0x00000000c3a00000, 0x00000000c3b00000, 0x00000000c3b00000|100%| O|  |TAMS 0x00000000c3b00000, 0x00000000c3a00000| Untracked 
|  35|0x00000000c3b00000, 0x00000000c3c00000, 0x00000000c3c00000|100%| O|  |TAMS 0x00000000c3c00000, 0x00000000c3b00000| Untracked 
|  36|0x00000000c3c00000, 0x00000000c3d00000, 0x00000000c3d00000|100%| O|  |TAMS 0x00000000c3d00000, 0x00000000c3c00000| Updating 
|  37|0x00000000c3d00000, 0x00000000c3d00000, 0x00000000c3e00000|  0%| F|  |TAMS 0x00000000c3d00000, 0x00000000c3d00000| Untracked 
|  38|0x00000000c3e00000, 0x00000000c3e00000, 0x00000000c3f00000|  0%| F|  |TAMS 0x00000000c3e00000, 0x00000000c3e00000| Untracked 
|  39|0x00000000c3f00000, 0x00000000c3f00000, 0x00000000c4000000|  0%| F|  |TAMS 0x00000000c3f00000, 0x00000000c3f00000| Untracked 
|  40|0x00000000c4000000, 0x00000000c4000000, 0x00000000c4100000|  0%| F|  |TAMS 0x00000000c4000000, 0x00000000c4000000| Untracked 
|  41|0x00000000c4100000, 0x00000000c4100000, 0x00000000c4200000|  0%| F|  |TAMS 0x00000000c4100000, 0x00000000c4100000| Untracked 
|  42|0x00000000c4200000, 0x00000000c4200000, 0x00000000c4300000|  0%| F|  |TAMS 0x00000000c4200000, 0x00000000c4200000| Untracked 
|  43|0x00000000c4300000, 0x00000000c4300000, 0x00000000c4400000|  0%| F|  |TAMS 0x00000000c4300000, 0x00000000c4300000| Untracked 
|  44|0x00000000c4400000, 0x00000000c4400000, 0x00000000c4500000|  0%| F|  |TAMS 0x00000000c4400000, 0x00000000c4400000| Untracked 
|  45|0x00000000c4500000, 0x00000000c4500000, 0x00000000c4600000|  0%| F|  |TAMS 0x00000000c4500000, 0x00000000c4500000| Untracked 
|  46|0x00000000c4600000, 0x00000000c4600000, 0x00000000c4700000|  0%| F|  |TAMS 0x00000000c4600000, 0x00000000c4600000| Untracked 
|  47|0x00000000c4700000, 0x00000000c4700000, 0x00000000c4800000|  0%| F|  |TAMS 0x00000000c4700000, 0x00000000c4700000| Untracked 
|  48|0x00000000c4800000, 0x00000000c4800000, 0x00000000c4900000|  0%| F|  |TAMS 0x00000000c4800000, 0x00000000c4800000| Untracked 
|  49|0x00000000c4900000, 0x00000000c4900000, 0x00000000c4a00000|  0%| F|  |TAMS 0x00000000c4900000, 0x00000000c4900000| Untracked 
|  50|0x00000000c4a00000, 0x00000000c4a00000, 0x00000000c4b00000|  0%| F|  |TAMS 0x00000000c4a00000, 0x00000000c4a00000| Untracked 
|  51|0x00000000c4b00000, 0x00000000c4b00000, 0x00000000c4c00000|  0%| F|  |TAMS 0x00000000c4b00000, 0x00000000c4b00000| Untracked 
|  52|0x00000000c4c00000, 0x00000000c4c00000, 0x00000000c4d00000|  0%| F|  |TAMS 0x00000000c4c00000, 0x00000000c4c00000| Untracked 
|  53|0x00000000c4d00000, 0x00000000c4d00000, 0x00000000c4e00000|  0%| F|  |TAMS 0x00000000c4d00000, 0x00000000c4d00000| Untracked 
|  54|0x00000000c4e00000, 0x00000000c4e00000, 0x00000000c4f00000|  0%| F|  |TAMS 0x00000000c4e00000, 0x00000000c4e00000| Untracked 
|  55|0x00000000c4f00000, 0x00000000c4f00000, 0x00000000c5000000|  0%| F|  |TAMS 0x00000000c4f00000, 0x00000000c4f00000| Untracked 
|  56|0x00000000c5000000, 0x00000000c5000000, 0x00000000c5100000|  0%| F|  |TAMS 0x00000000c5000000, 0x00000000c5000000| Untracked 
|  57|0x00000000c5100000, 0x00000000c5100000, 0x00000000c5200000|  0%| F|  |TAMS 0x00000000c5100000, 0x00000000c5100000| Untracked 
|  58|0x00000000c5200000, 0x00000000c5200000, 0x00000000c5300000|  0%| F|  |TAMS 0x00000000c5200000, 0x00000000c5200000| Untracked 
|  59|0x00000000c5300000, 0x00000000c5300000, 0x00000000c5400000|  0%| F|  |TAMS 0x00000000c5300000, 0x00000000c5300000| Untracked 
|  60|0x00000000c5400000, 0x00000000c5400000, 0x00000000c5500000|  0%| F|  |TAMS 0x00000000c5400000, 0x00000000c5400000| Untracked 
|  61|0x00000000c5500000, 0x00000000c5500000, 0x00000000c5600000|  0%| F|  |TAMS 0x00000000c5500000, 0x00000000c5500000| Untracked 
|  62|0x00000000c5600000, 0x00000000c5600000, 0x00000000c5700000|  0%| F|  |TAMS 0x00000000c5600000, 0x00000000c5600000| Untracked 
|  63|0x00000000c5700000, 0x00000000c5700000, 0x00000000c5800000|  0%| F|  |TAMS 0x00000000c5700000, 0x00000000c5700000| Untracked 
|  64|0x00000000c5800000, 0x00000000c5800000, 0x00000000c5900000|  0%| F|  |TAMS 0x00000000c5800000, 0x00000000c5800000| Untracked 
|  65|0x00000000c5900000, 0x00000000c5900000, 0x00000000c5a00000|  0%| F|  |TAMS 0x00000000c5900000, 0x00000000c5900000| Untracked 
|  66|0x00000000c5a00000, 0x00000000c5a00000, 0x00000000c5b00000|  0%| F|  |TAMS 0x00000000c5a00000, 0x00000000c5a00000| Untracked 
|  67|0x00000000c5b00000, 0x00000000c5b00000, 0x00000000c5c00000|  0%| F|  |TAMS 0x00000000c5b00000, 0x00000000c5b00000| Untracked 
|  68|0x00000000c5c00000, 0x00000000c5c00000, 0x00000000c5d00000|  0%| F|  |TAMS 0x00000000c5c00000, 0x00000000c5c00000| Untracked 
|  69|0x00000000c5d00000, 0x00000000c5d00000, 0x00000000c5e00000|  0%| F|  |TAMS 0x00000000c5d00000, 0x00000000c5d00000| Untracked 
|  70|0x00000000c5e00000, 0x00000000c5e00000, 0x00000000c5f00000|  0%| F|  |TAMS 0x00000000c5e00000, 0x00000000c5e00000| Untracked 
|  71|0x00000000c5f00000, 0x00000000c5f00000, 0x00000000c6000000|  0%| F|  |TAMS 0x00000000c5f00000, 0x00000000c5f00000| Untracked 
|  72|0x00000000c6000000, 0x00000000c6000000, 0x00000000c6100000|  0%| F|  |TAMS 0x00000000c6000000, 0x00000000c6000000| Untracked 
|  73|0x00000000c6100000, 0x00000000c6100000, 0x00000000c6200000|  0%| F|  |TAMS 0x00000000c6100000, 0x00000000c6100000| Untracked 
|  74|0x00000000c6200000, 0x00000000c6200000, 0x00000000c6300000|  0%| F|  |TAMS 0x00000000c6200000, 0x00000000c6200000| Untracked 
|  75|0x00000000c6300000, 0x00000000c6300000, 0x00000000c6400000|  0%| F|  |TAMS 0x00000000c6300000, 0x00000000c6300000| Untracked 
|  76|0x00000000c6400000, 0x00000000c6400000, 0x00000000c6500000|  0%| F|  |TAMS 0x00000000c6400000, 0x00000000c6400000| Untracked 
|  77|0x00000000c6500000, 0x00000000c6500000, 0x00000000c6600000|  0%| F|  |TAMS 0x00000000c6500000, 0x00000000c6500000| Untracked 
|  78|0x00000000c6600000, 0x00000000c6600000, 0x00000000c6700000|  0%| F|  |TAMS 0x00000000c6600000, 0x00000000c6600000| Untracked 
|  79|0x00000000c6700000, 0x00000000c6700000, 0x00000000c6800000|  0%| F|  |TAMS 0x00000000c6700000, 0x00000000c6700000| Untracked 
|  80|0x00000000c6800000, 0x00000000c6800000, 0x00000000c6900000|  0%| F|  |TAMS 0x00000000c6800000, 0x00000000c6800000| Untracked 
|  81|0x00000000c6900000, 0x00000000c6900000, 0x00000000c6a00000|  0%| F|  |TAMS 0x00000000c6900000, 0x00000000c6900000| Untracked 
|  82|0x00000000c6a00000, 0x00000000c6a00000, 0x00000000c6b00000|  0%| F|  |TAMS 0x00000000c6a00000, 0x00000000c6a00000| Untracked 
|  83|0x00000000c6b00000, 0x00000000c6b00000, 0x00000000c6c00000|  0%| F|  |TAMS 0x00000000c6b00000, 0x00000000c6b00000| Untracked 
|  84|0x00000000c6c00000, 0x00000000c6c00000, 0x00000000c6d00000|  0%| F|  |TAMS 0x00000000c6c00000, 0x00000000c6c00000| Untracked 
|  85|0x00000000c6d00000, 0x00000000c6d00000, 0x00000000c6e00000|  0%| F|  |TAMS 0x00000000c6d00000, 0x00000000c6d00000| Untracked 
|  86|0x00000000c6e00000, 0x00000000c6e00000, 0x00000000c6f00000|  0%| F|  |TAMS 0x00000000c6e00000, 0x00000000c6e00000| Untracked 
|  87|0x00000000c6f00000, 0x00000000c6f00000, 0x00000000c7000000|  0%| F|  |TAMS 0x00000000c6f00000, 0x00000000c6f00000| Untracked 
|  88|0x00000000c7000000, 0x00000000c7000000, 0x00000000c7100000|  0%| F|  |TAMS 0x00000000c7000000, 0x00000000c7000000| Untracked 
|  89|0x00000000c7100000, 0x00000000c7100000, 0x00000000c7200000|  0%| F|  |TAMS 0x00000000c7100000, 0x00000000c7100000| Untracked 
|  90|0x00000000c7200000, 0x00000000c7200000, 0x00000000c7300000|  0%| F|  |TAMS 0x00000000c7200000, 0x00000000c7200000| Untracked 
|  91|0x00000000c7300000, 0x00000000c7300000, 0x00000000c7400000|  0%| F|  |TAMS 0x00000000c7300000, 0x00000000c7300000| Untracked 
|  92|0x00000000c7400000, 0x00000000c7400000, 0x00000000c7500000|  0%| F|  |TAMS 0x00000000c7400000, 0x00000000c7400000| Untracked 
|  93|0x00000000c7500000, 0x00000000c7500000, 0x00000000c7600000|  0%| F|  |TAMS 0x00000000c7500000, 0x00000000c7500000| Untracked 
|  94|0x00000000c7600000, 0x00000000c7600000, 0x00000000c7700000|  0%| F|  |TAMS 0x00000000c7600000, 0x00000000c7600000| Untracked 
|  95|0x00000000c7700000, 0x00000000c7700000, 0x00000000c7800000|  0%| F|  |TAMS 0x00000000c7700000, 0x00000000c7700000| Untracked 
|  96|0x00000000c7800000, 0x00000000c7800000, 0x00000000c7900000|  0%| F|  |TAMS 0x00000000c7800000, 0x00000000c7800000| Untracked 
|  97|0x00000000c7900000, 0x00000000c7900000, 0x00000000c7a00000|  0%| F|  |TAMS 0x00000000c7900000, 0x00000000c7900000| Untracked 
|  98|0x00000000c7a00000, 0x00000000c7a00000, 0x00000000c7b00000|  0%| F|  |TAMS 0x00000000c7a00000, 0x00000000c7a00000| Untracked 
|  99|0x00000000c7b00000, 0x00000000c7b00000, 0x00000000c7c00000|  0%| F|  |TAMS 0x00000000c7b00000, 0x00000000c7b00000| Untracked 
| 100|0x00000000c7c00000, 0x00000000c7c00000, 0x00000000c7d00000|  0%| F|  |TAMS 0x00000000c7c00000, 0x00000000c7c00000| Untracked 
| 101|0x00000000c7d00000, 0x00000000c7d00000, 0x00000000c7e00000|  0%| F|  |TAMS 0x00000000c7d00000, 0x00000000c7d00000| Untracked 
| 102|0x00000000c7e00000, 0x00000000c7e00000, 0x00000000c7f00000|  0%| F|  |TAMS 0x00000000c7e00000, 0x00000000c7e00000| Untracked 
| 103|0x00000000c7f00000, 0x00000000c7f00000, 0x00000000c8000000|  0%| F|  |TAMS 0x00000000c7f00000, 0x00000000c7f00000| Untracked 
| 104|0x00000000c8000000, 0x00000000c8009a40, 0x00000000c8100000|  3%| S|CS|TAMS 0x00000000c8000000, 0x00000000c8000000| Complete 

Card table byte_map: [0x0000023176360000,0x0000023176560000] _byte_map_base: 0x0000023175d54000

Marking Bits (Prev, Next): (CMBitMap*) 0x000002315daefa70, (CMBitMap*) 0x000002315daefab0
 Prev Bits: [0x0000023176760000, 0x0000023177700000)
 Next Bits: [0x0000023177700000, 0x00000231786a0000)

Polling page: 0x000002315d950000

Metaspace:

Usage:
  Non-class:     70.90 MB used.
      Class:     10.77 MB used.
       Both:     81.67 MB used.

Virtual space:
  Non-class space:      128.00 MB reserved,      71.19 MB ( 56%) committed,  2 nodes.
      Class space:        1.00 GB reserved,      11.06 MB (  1%) committed,  1 nodes.
             Both:        1.12 GB reserved,      82.25 MB (  7%) committed. 

Chunk freelists:
   Non-Class:  8.85 MB
       Class:  4.96 MB
        Both:  13.81 MB

MaxMetaspaceSize: unlimited
CompressedClassSpaceSize: 1.00 GB
Initial GC threshold: 21.00 MB
Current GC threshold: 136.88 MB
CDS: on
MetaspaceReclaimPolicy: balanced
 - commit_granule_bytes: 65536.
 - commit_granule_words: 8192.
 - virtual_space_node_default_size: 8388608.
 - enlarge_chunks_in_place: 1.
 - new_chunks_are_fully_committed: 0.
 - uncommit_free_chunks: 1.
 - use_allocation_guard: 0.
 - handle_deallocations: 1.


Internal statistics:

num_allocs_failed_limit: 9.
num_arena_births: 812.
num_arena_deaths: 18.
num_vsnodes_births: 3.
num_vsnodes_deaths: 0.
num_space_committed: 1316.
num_space_uncommitted: 0.
num_chunks_returned_to_freelist: 36.
num_chunks_taken_from_freelist: 3814.
num_chunk_merges: 18.
num_chunk_splits: 2818.
num_chunks_enlarged: 2283.
num_inconsistent_stats: 0.

CodeHeap 'non-profiled nmethods': size=120000Kb used=4008Kb max_used=4008Kb free=115991Kb
 bounds [0x000002316e610000, 0x000002316ea00000, 0x0000023175b40000]
CodeHeap 'profiled nmethods': size=120000Kb used=11974Kb max_used=11974Kb free=108025Kb
 bounds [0x0000023166b40000, 0x0000023167700000, 0x000002316e070000]
CodeHeap 'non-nmethods': size=5760Kb used=1435Kb max_used=1471Kb free=4325Kb
 bounds [0x000002316e070000, 0x000002316e2e0000, 0x000002316e610000]
 total_blobs=7258 nmethods=6459 adapters=711
 compilation: enabled
              stopped_count=0, restarted_count=0
 full_count=0

Compilation events (20 events):
Event: 42.106 Thread 0x000002317ac64e40 7220       4       java.util.HashMap$HashMapSpliterator::estimateSize (11 bytes)
Event: 42.107 Thread 0x000002317ac64e40 nmethod 7220 0x000002316e9f4d10 code [0x000002316e9f4e80, 0x000002316e9f4f58]
Event: 42.118 Thread 0x000002317ac64e40 7221       4       org.apache.logging.log4j.core.impl.ThrowableProxy::<init> (133 bytes)
Event: 42.218 Thread 0x000002317ac64e40 nmethod 7221 0x000002316e9f5010 code [0x000002316e9f5340, 0x000002316e9f7820]
Event: 42.218 Thread 0x000002317ac64e40 7222       4       java.util.AbstractCollection::isEmpty (13 bytes)
Event: 42.218 Thread 0x000002317ac64e40 nmethod 7222 0x000002316e9f8b90 code [0x000002316e9f8d00, 0x000002316e9f8d98]
Event: 42.228 Thread 0x000002317ac64e40 7223       4       org.apache.logging.log4j.core.impl.ThrowableProxyRenderer::formatSuppressed (53 bytes)
Event: 42.229 Thread 0x000002317ac64e40 nmethod 7223 0x000002316e9f8e90 code [0x000002316e9f9000, 0x000002316e9f90b8]
Event: 42.248 Thread 0x000002317ac64e40 7224       4       java.lang.Enum::equals (11 bytes)
Event: 42.248 Thread 0x000002317ac64e40 nmethod 7224 0x000002316e9f9190 code [0x000002316e9f9300, 0x000002316e9f9398]
Event: 42.303 Thread 0x000002317ac64e40 7225       4       java.util.LinkedHashMap$LinkedKeySet::iterator (12 bytes)
Event: 42.306 Thread 0x000002317ac64e40 nmethod 7225 0x000002316e9f9490 code [0x000002316e9f9620, 0x000002316e9f97d8]
Event: 42.319 Thread 0x000002317acc9e70 7226       1       org.apache.kafka.common.requests.AbstractRequest$Builder::oldestAllowedVersion (5 bytes)
Event: 42.319 Thread 0x000002317acc9e70 nmethod 7226 0x000002316e9f9910 code [0x000002316e9f9aa0, 0x000002316e9f9b78]
Event: 42.319 Thread 0x000002317acc9e70 7228       3       org.apache.kafka.clients.NetworkClient$TelemetrySender::maybeUpdate (84 bytes)
Event: 42.319 Thread 0x000002317ac64e40 7227       4       java.util.HashMap$EntrySpliterator::characteristics (30 bytes)
Event: 42.320 Thread 0x000002317acc9e70 nmethod 7228 0x00000231676f1090 code [0x00000231676f1280, 0x00000231676f1738]
Event: 42.320 Thread 0x000002317ac64e40 nmethod 7227 0x000002316e9f9c10 code [0x000002316e9f9d80, 0x000002316e9f9e18]
Event: 42.336 Thread 0x000002317ac64e40 7229       4       org.apache.kafka.common.utils.Timer::remainingMs (14 bytes)
Event: 42.336 Thread 0x000002317ac64e40 nmethod 7229 0x000002316e9f9f10 code [0x000002316e9fa080, 0x000002316e9fa118]

GC Heap History (20 events):
Event: 23.712 GC heap after
{Heap after GC invocations=19 (full 0):
 garbage-first heap   total 75776K, used 31247K [0x00000000c1800000, 0x0000000100000000)
  region size 1024K, 3 young (3072K), 3 survivors (3072K)
 Metaspace       used 70261K, committed 70784K, reserved 1114112K
  class space    used 9543K, committed 9792K, reserved 1048576K
}
Event: 27.691 GC heap before
{Heap before GC invocations=19 (full 0):
 garbage-first heap   total 75776K, used 59919K [0x00000000c1800000, 0x0000000100000000)
  region size 1024K, 31 young (31744K), 3 survivors (3072K)
 Metaspace       used 74917K, committed 75520K, reserved 1114112K
  class space    used 10152K, committed 10432K, reserved 1048576K
}
Event: 27.722 GC heap after
{Heap after GC invocations=20 (full 0):
 garbage-first heap   total 75776K, used 34003K [0x00000000c1800000, 0x0000000100000000)
  region size 1024K, 3 young (3072K), 3 survivors (3072K)
 Metaspace       used 74917K, committed 75520K, reserved 1114112K
  class space    used 10152K, committed 10432K, reserved 1048576K
}
Event: 29.785 GC heap before
{Heap before GC invocations=20 (full 0):
 garbage-first heap   total 75776K, used 58579K [0x00000000c1800000, 0x0000000100000000)
  region size 1024K, 28 young (28672K), 3 survivors (3072K)
 Metaspace       used 80771K, committed 81344K, reserved 1179648K
  class space    used 10574K, committed 10816K, reserved 1048576K
}
Event: 29.805 GC heap after
{Heap after GC invocations=21 (full 0):
 garbage-first heap   total 75776K, used 35999K [0x00000000c1800000, 0x0000000100000000)
  region size 1024K, 2 young (2048K), 2 survivors (2048K)
 Metaspace       used 80771K, committed 81344K, reserved 1179648K
  class space    used 10574K, committed 10816K, reserved 1048576K
}
Event: 33.138 GC heap before
{Heap before GC invocations=21 (full 0):
 garbage-first heap   total 75776K, used 59551K [0x00000000c1800000, 0x0000000100000000)
  region size 1024K, 26 young (26624K), 2 survivors (2048K)
 Metaspace       used 83455K, committed 84032K, reserved 1179648K
  class space    used 11036K, committed 11328K, reserved 1048576K
}
Event: 33.153 GC heap after
{Heap after GC invocations=22 (full 0):
 garbage-first heap   total 75776K, used 37034K [0x00000000c1800000, 0x0000000100000000)
  region size 1024K, 3 young (3072K), 3 survivors (3072K)
 Metaspace       used 83455K, committed 84032K, reserved 1179648K
  class space    used 11036K, committed 11328K, reserved 1048576K
}
Event: 34.346 GC heap before
{Heap before GC invocations=23 (full 0):
 garbage-first heap   total 75776K, used 59562K [0x00000000c1800000, 0x0000000100000000)
  region size 1024K, 26 young (26624K), 3 survivors (3072K)
 Metaspace       used 83505K, committed 84160K, reserved 1179648K
  class space    used 11037K, committed 11328K, reserved 1048576K
}
Event: 34.360 GC heap after
{Heap after GC invocations=24 (full 0):
 garbage-first heap   total 75776K, used 37325K [0x00000000c1800000, 0x0000000100000000)
  region size 1024K, 2 young (2048K), 2 survivors (2048K)
 Metaspace       used 83505K, committed 84160K, reserved 1179648K
  class space    used 11037K, committed 11328K, reserved 1048576K
}
Event: 34.398 GC heap before
{Heap before GC invocations=24 (full 0):
 garbage-first heap   total 75776K, used 38349K [0x00000000c1800000, 0x0000000100000000)
  region size 1024K, 3 young (3072K), 2 survivors (2048K)
 Metaspace       used 83515K, committed 84160K, reserved 1179648K
  class space    used 11037K, committed 11328K, reserved 1048576K
}
Event: 34.404 GC heap after
{Heap after GC invocations=25 (full 0):
 garbage-first heap   total 75776K, used 37126K [0x00000000c1800000, 0x0000000100000000)
  region size 1024K, 1 young (1024K), 1 survivors (1024K)
 Metaspace       used 83515K, committed 84160K, reserved 1179648K
  class space    used 11037K, committed 11328K, reserved 1048576K
}
Event: 35.069 GC heap before
{Heap before GC invocations=25 (full 0):
 garbage-first heap   total 75776K, used 61702K [0x00000000c1800000, 0x0000000100000000)
  region size 1024K, 25 young (25600K), 1 survivors (1024K)
 Metaspace       used 83535K, committed 84160K, reserved 1179648K
  class space    used 11037K, committed 11328K, reserved 1048576K
}
Event: 35.071 GC heap after
{Heap after GC invocations=26 (full 0):
 garbage-first heap   total 75776K, used 36916K [0x00000000c1800000, 0x0000000100000000)
  region size 1024K, 1 young (1024K), 1 survivors (1024K)
 Metaspace       used 83535K, committed 84160K, reserved 1179648K
  class space    used 11037K, committed 11328K, reserved 1048576K
}
Event: 37.699 GC heap before
{Heap before GC invocations=27 (full 0):
 garbage-first heap   total 75776K, used 62516K [0x00000000c1800000, 0x0000000100000000)
  region size 1024K, 26 young (26624K), 1 survivors (1024K)
 Metaspace       used 83578K, committed 84160K, reserved 1179648K
  class space    used 11033K, committed 11328K, reserved 1048576K
}
Event: 37.704 GC heap after
{Heap after GC invocations=28 (full 0):
 garbage-first heap   total 75776K, used 36897K [0x00000000c1800000, 0x0000000100000000)
  region size 1024K, 1 young (1024K), 1 survivors (1024K)
 Metaspace       used 83578K, committed 84160K, reserved 1179648K
  class space    used 11033K, committed 11328K, reserved 1048576K
}
Event: 37.786 GC heap before
{Heap before GC invocations=28 (full 0):
 garbage-first heap   total 75776K, used 38945K [0x00000000c1800000, 0x0000000100000000)
  region size 1024K, 3 young (3072K), 1 survivors (1024K)
 Metaspace       used 83578K, committed 84160K, reserved 1179648K
  class space    used 11033K, committed 11328K, reserved 1048576K
}
Event: 37.801 GC heap after
{Heap after GC invocations=29 (full 0):
 garbage-first heap   total 75776K, used 36384K [0x00000000c1800000, 0x0000000100000000)
  region size 1024K, 1 young (1024K), 1 survivors (1024K)
 Metaspace       used 83578K, committed 84160K, reserved 1179648K
  class space    used 11033K, committed 11328K, reserved 1048576K
}
Event: 41.872 GC heap before
{Heap before GC invocations=29 (full 0):
 garbage-first heap   total 75776K, used 63008K [0x00000000c1800000, 0x0000000100000000)
  region size 1024K, 27 young (27648K), 1 survivors (1024K)
 Metaspace       used 83633K, committed 84224K, reserved 1179648K
  class space    used 11033K, committed 11328K, reserved 1048576K
}
Event: 41.934 GC heap after
{Heap after GC invocations=30 (full 0):
 garbage-first heap   total 75776K, used 36395K [0x00000000c1800000, 0x0000000100000000)
  region size 1024K, 1 young (1024K), 1 survivors (1024K)
 Metaspace       used 83633K, committed 84224K, reserved 1179648K
  class space    used 11033K, committed 11328K, reserved 1048576K
}
Event: 42.688 GC heap before
{Heap before GC invocations=30 (full 0):
 garbage-first heap   total 107520K, used 63019K [0x00000000c1800000, 0x0000000100000000)
  region size 1024K, 27 young (27648K), 1 survivors (1024K)
 Metaspace       used 83634K, committed 84224K, reserved 1179648K
  class space    used 11033K, committed 11328K, reserved 1048576K
}

Deoptimization events (20 events):
Event: 31.621 Thread 0x0000023143e77a00 DEOPT PACKING pc=0x000002316e95b0a8 sp=0x0000005c4cffe6e0
Event: 31.621 Thread 0x0000023143e77a00 DEOPT UNPACKING pc=0x000002316e0c23a3 sp=0x0000005c4cffe5b8 mode 2
Event: 31.632 Thread 0x0000023143e77a00 Uncommon trap: trap_request=0xffffffde fr.pc=0x000002316e651cc8 relative=0x0000000000000408
Event: 31.633 Thread 0x0000023143e77a00 Uncommon trap: reason=class_check action=maybe_recompile pc=0x000002316e651cc8 method=java.util.regex.Pattern$Start.match(Ljava/util/regex/Matcher;ILjava/lang/CharSequence;)Z @ 44 c2
Event: 31.633 Thread 0x0000023143e77a00 DEOPT PACKING pc=0x000002316e651cc8 sp=0x0000005c4cffe660
Event: 31.633 Thread 0x0000023143e77a00 DEOPT UNPACKING pc=0x000002316e0c23a3 sp=0x0000005c4cffe5b0 mode 2
Event: 31.901 Thread 0x0000023143e77a00 DEOPT PACKING pc=0x0000023166bf0d03 sp=0x0000005c4cffe070
Event: 31.901 Thread 0x0000023143e77a00 DEOPT UNPACKING pc=0x000002316e0c2b43 sp=0x0000005c4cffd508 mode 0
Event: 31.905 Thread 0x0000023143e77a00 DEOPT PACKING pc=0x0000023166bf0d03 sp=0x0000005c4cffe070
Event: 31.905 Thread 0x0000023143e77a00 DEOPT UNPACKING pc=0x000002316e0c2b43 sp=0x0000005c4cffd508 mode 0
Event: 31.910 Thread 0x0000023143e77a00 DEOPT PACKING pc=0x0000023166bf0d03 sp=0x0000005c4cffe070
Event: 31.910 Thread 0x0000023143e77a00 DEOPT UNPACKING pc=0x000002316e0c2b43 sp=0x0000005c4cffd508 mode 0
Event: 33.927 Thread 0x0000023143e77f10 Uncommon trap: trap_request=0xffffff45 fr.pc=0x000002316e63eec8 relative=0x00000000000003e8
Event: 33.927 Thread 0x0000023143e77f10 Uncommon trap: reason=unstable_if action=reinterpret pc=0x000002316e63eec8 method=java.util.LinkedHashMap.afterNodeAccess(Ljava/util/HashMap$Node;)V @ 14 c2
Event: 33.927 Thread 0x0000023143e77f10 DEOPT PACKING pc=0x000002316e63eec8 sp=0x0000005c4c7feb10
Event: 33.927 Thread 0x0000023143e77f10 DEOPT UNPACKING pc=0x000002316e0c23a3 sp=0x0000005c4c7fe998 mode 2
Event: 33.933 Thread 0x0000023143e7a280 Uncommon trap: trap_request=0xffffff45 fr.pc=0x000002316e6e4284 relative=0x00000000000003a4
Event: 33.933 Thread 0x0000023143e7a280 Uncommon trap: reason=unstable_if action=reinterpret pc=0x000002316e6e4284 method=java.util.LinkedHashMap.afterNodeAccess(Ljava/util/HashMap$Node;)V @ 14 c2
Event: 33.933 Thread 0x0000023143e7a280 DEOPT PACKING pc=0x000002316e6e4284 sp=0x0000005c4cdfebe0
Event: 33.933 Thread 0x0000023143e7a280 DEOPT UNPACKING pc=0x000002316e0c23a3 sp=0x0000005c4cdfeb08 mode 2

Classes unloaded (9 events):
Event: 35.184 Thread 0x000002315db670f0 Unloading class 0x0000023101af9800 'java/lang/invoke/LambdaForm$DMH+0x0000023101af9800'
Event: 35.184 Thread 0x000002315db670f0 Unloading class 0x0000023101af9400 'java/lang/invoke/LambdaForm$DMH+0x0000023101af9400'
Event: 35.184 Thread 0x000002315db670f0 Unloading class 0x0000023101af9000 'java/lang/invoke/LambdaForm$DMH+0x0000023101af9000'
Event: 35.184 Thread 0x000002315db670f0 Unloading class 0x0000023101af8400 'java/lang/invoke/LambdaForm$DMH+0x0000023101af8400'
Event: 35.184 Thread 0x000002315db670f0 Unloading class 0x0000023101af8800 'java/lang/invoke/LambdaForm$DMH+0x0000023101af8800'
Event: 35.184 Thread 0x000002315db670f0 Unloading class 0x0000023101aa9000 'java/lang/invoke/LambdaForm$DMH+0x0000023101aa9000'
Event: 35.184 Thread 0x000002315db670f0 Unloading class 0x0000023101aa8c00 'java/lang/invoke/LambdaForm$DMH+0x0000023101aa8c00'
Event: 35.184 Thread 0x000002315db670f0 Unloading class 0x0000023101aa8000 'java/lang/invoke/LambdaForm$DMH+0x0000023101aa8000'
Event: 35.184 Thread 0x000002315db670f0 Unloading class 0x0000023101aa8800 'java/lang/invoke/LambdaForm$DMH+0x0000023101aa8800'

Classes redefined (0 events):
No events

Internal exceptions (20 events):
Event: 18.416 Thread 0x000002315dab28f0 Exception <a 'java/lang/IncompatibleClassChangeError'{0x00000000c5fa32b8}: Found class java.lang.Object, but interface was expected> (0x00000000c5fa32b8) 
thrown [s\open\src\hotspot\share\interpreter\linkResolver.cpp, line 826]
Event: 22.396 Thread 0x000002315dab28f0 Exception <a 'java/lang/NoSuchMethodError'{0x00000000c4d39350}: 'void java.lang.invoke.DirectMethodHandle$Holder.invokeVirtual(java.lang.Object, java.lang.Object, java.lang.Object, java.lang.Object)'> (0x00000000c4d39350) 
thrown [s\open\src\hotspot\share\interpreter\linkResolver.cpp, line 759]
Event: 22.973 Thread 0x000002315dab28f0 Exception <a 'sun/nio/fs/WindowsException'{0x00000000c4989118}> (0x00000000c4989118) 
thrown [s\open\src\hotspot\share\prims\jni.cpp, line 516]
Event: 23.504 Thread 0x000002315dab28f0 Exception <a 'java/lang/IncompatibleClassChangeError'{0x00000000c453d010}: Found class java.lang.Object, but interface was expected> (0x00000000c453d010) 
thrown [s\open\src\hotspot\share\interpreter\linkResolver.cpp, line 826]
Event: 23.718 Thread 0x000002315dab28f0 Exception <a 'java/lang/NoSuchMethodError'{0x00000000c641c958}: 'void java.lang.invoke.DirectMethodHandle$Holder.invokeVirtual(java.lang.Object, java.lang.Object, long)'> (0x00000000c641c958) 
thrown [s\open\src\hotspot\share\interpreter\linkResolver.cpp, line 759]
Event: 23.920 Thread 0x000002315dab28f0 Exception <a 'java/lang/NoSuchMethodError'{0x00000000c5e88be8}: 'int java.lang.invoke.DirectMethodHandle$Holder.invokeStaticInit(java.lang.Object, java.lang.Object, java.lang.Object, java.lang.Object)'> (0x00000000c5e88be8) 
thrown [s\open\src\hotspot\share\interpreter\linkResolver.cpp, line 759]
Event: 24.027 Thread 0x000002315dab28f0 Exception <a 'java/lang/IncompatibleClassChangeError'{0x00000000c5d71880}: Found class java.lang.Object, but interface was expected> (0x00000000c5d71880) 
thrown [s\open\src\hotspot\share\interpreter\linkResolver.cpp, line 826]
Event: 24.097 Thread 0x000002315dab28f0 Implicit null exception at 0x000002316e775dba to 0x000002316e775fa8
Event: 25.877 Thread 0x000002315dab28f0 Exception <a 'java/lang/NoSuchMethodError'{0x00000000c545b458}: 'void java.lang.invoke.DirectMethodHandle$Holder.invokeVirtual(java.lang.Object, java.lang.Object, float)'> (0x00000000c545b458) 
thrown [s\open\src\hotspot\share\interpreter\linkResolver.cpp, line 759]
Event: 26.458 Thread 0x000002315dab28f0 Exception <a 'java/lang/NoSuchMethodError'{0x00000000c50c51b0}: 'java.lang.Object java.lang.invoke.DirectMethodHandle$Holder.newInvokeSpecial(java.lang.Object, java.lang.Object, int, java.lang.Object, java.lang.Object)'> (0x00000000c50c51b0) 
thrown [s\open\src\hotspot\share\interpreter\linkResolver.cpp, line 759]
Event: 27.841 Thread 0x000002315dab28f0 Exception <a 'java/lang/NoSuchMethodError'{0x00000000c5f0c3e0}: 'double java.lang.invoke.DirectMethodHandle$Holder.invokeStatic(java.lang.Object, java.lang.Object, java.lang.Object, long)'> (0x00000000c5f0c3e0) 
thrown [s\open\src\hotspot\share\interpreter\linkResolver.cpp, line 759]
Event: 28.005 Thread 0x000002315dab28f0 Exception <a 'java/lang/NoSuchMethodError'{0x00000000c5e96dd0}: 'void java.lang.invoke.DirectMethodHandle$Holder.invokeStaticInit(java.lang.Object)'> (0x00000000c5e96dd0) 
thrown [s\open\src\hotspot\share\interpreter\linkResolver.cpp, line 759]
Event: 28.369 Thread 0x000002315dab28f0 Implicit null exception at 0x000002316e6d37d7 to 0x000002316e6d3a28
Event: 29.898 Thread 0x0000023143e765c0 Exception <a 'java/lang/NoSuchMethodError'{0x00000000c60f33b0}: 'int java.lang.invoke.DirectMethodHandle$Holder.invokeSpecial(java.lang.Object, java.lang.Object, long, java.lang.Object)'> (0x00000000c60f33b0) 
thrown [s\open\src\hotspot\share\interpreter\linkResolver.cpp, line 759]
Event: 29.898 Thread 0x0000023143e72900 Exception <a 'java/lang/NoSuchMethodError'{0x00000000c60e0ed0}: 'int java.lang.invoke.DirectMethodHandle$Holder.invokeSpecial(java.lang.Object, java.lang.Object, long, java.lang.Object)'> (0x00000000c60e0ed0) 
thrown [s\open\src\hotspot\share\interpreter\linkResolver.cpp, line 759]
Event: 31.282 Thread 0x0000023143e72900 Exception <a 'java/lang/NoSuchMethodError'{0x00000000c5651de8}: 'void java.lang.invoke.DirectMethodHandle$Holder.invokeSpecial(java.lang.Object, java.lang.Object, long, java.lang.Object, java.lang.Object)'> (0x00000000c5651de8) 
thrown [s\open\src\hotspot\share\interpreter\linkResolver.cpp, line 759]
Event: 31.287 Thread 0x0000023143e72900 Exception <a 'java/lang/NoSuchMethodError'{0x00000000c56848f0}: 'java.lang.Object java.lang.invoke.DirectMethodHandle$Holder.invokeVirtual(java.lang.Object, java.lang.Object, int)'> (0x00000000c56848f0) 
thrown [s\open\src\hotspot\share\interpreter\linkResolver.cpp, line 759]
Event: 31.469 Thread 0x0000023143e77a00 Exception <a 'java/lang/NoSuchMethodError'{0x00000000c540d0a0}: 'java.lang.Object java.lang.invoke.DirectMethodHandle$Holder.newInvokeSpecial(java.lang.Object, int, java.lang.Object, java.lang.Object)'> (0x00000000c540d0a0) 
thrown [s\open\src\hotspot\share\interpreter\linkResolver.cpp, line 759]
Event: 31.504 Thread 0x0000023143e77a00 Exception <a 'java/lang/IncompatibleClassChangeError'{0x00000000c5456860}: Found class java.lang.Object, but interface was expected> (0x00000000c5456860) 
thrown [s\open\src\hotspot\share\interpreter\linkResolver.cpp, line 826]
Event: 31.584 Thread 0x0000023143e77a00 Implicit null exception at 0x000002316e8447da to 0x000002316e844b12

VM Operations (20 events):
Event: 35.894 Executing VM operation: G1Concurrent done
Event: 36.910 Executing VM operation: Cleanup
Event: 36.910 Executing VM operation: Cleanup done
Event: 37.699 Executing VM operation: G1CollectForAllocation
Event: 37.704 Executing VM operation: G1CollectForAllocation done
Event: 37.786 Executing VM operation: G1CollectForAllocation
Event: 37.801 Executing VM operation: G1CollectForAllocation done
Event: 38.807 Executing VM operation: Cleanup
Event: 38.808 Executing VM operation: Cleanup done
Event: 39.818 Executing VM operation: Cleanup
Event: 39.818 Executing VM operation: Cleanup done
Event: 40.825 Executing VM operation: Cleanup
Event: 40.825 Executing VM operation: Cleanup done
Event: 41.837 Executing VM operation: Cleanup
Event: 41.837 Executing VM operation: Cleanup done
Event: 41.872 Executing VM operation: G1CollectForAllocation
Event: 41.935 Executing VM operation: G1CollectForAllocation done
Event: 42.539 Executing VM operation: G1Concurrent
Event: 42.686 Executing VM operation: G1Concurrent done
Event: 42.688 Executing VM operation: G1CollectForAllocation

Events (20 events):
Event: 30.432 Thread 0x0000023143e73320 Thread added: 0x0000023143e73320
Event: 30.435 Thread 0x0000023143e75180 Thread added: 0x0000023143e75180
Event: 30.439 Thread 0x0000023143e75690 Thread added: 0x0000023143e75690
Event: 30.452 Thread 0x0000023143e75ba0 Thread added: 0x0000023143e75ba0
Event: 30.456 Thread 0x0000023143e76ad0 Thread added: 0x0000023143e76ad0
Event: 30.484 loading class java/util/concurrent/ConcurrentLinkedQueue$CLQSpliterator
Event: 30.488 loading class java/util/concurrent/ConcurrentLinkedQueue$CLQSpliterator done
Event: 30.938 loading class jdk/internal/access/foreign/MemorySegmentProxy
Event: 30.940 loading class jdk/internal/access/foreign/MemorySegmentProxy done
Event: 31.238 loading class java/util/TreeMap$KeySpliterator
Event: 31.238 loading class java/util/TreeMap$KeySpliterator done
Event: 31.489 loading class java/util/zip/CRC32C
Event: 31.492 loading class java/util/zip/CRC32C done
Event: 31.513 loading class java/util/zip/GZIPInputStream
Event: 31.515 loading class java/util/zip/GZIPInputStream done
Event: 31.580 loading class java/security/AllPermissionCollection
Event: 31.581 loading class java/security/AllPermissionCollection done
Event: 31.582 loading class jdk/internal/loader/BootLoader$PackageHelper
Event: 31.583 loading class jdk/internal/loader/BootLoader$PackageHelper done
Event: 34.989 Thread 0x000002317acdcb20 flushing nmethod 0x0000023167122190


Dynamic libraries:
0x00007ff738ab0000 - 0x00007ff738ac0000 	C:\Program Files\Java\jdk-17\bin\java.exe
0x00007ffd55710000 - 0x00007ffd55908000 	C:\Windows\SYSTEM32\ntdll.dll
0x00007ffd551c0000 - 0x00007ffd55282000 	C:\Windows\System32\KERNEL32.DLL
0x00007ffd53370000 - 0x00007ffd5366e000 	C:\Windows\System32\KERNELBASE.dll
0x00007ffd53150000 - 0x00007ffd53250000 	C:\Windows\System32\ucrtbase.dll
0x00007ffd1f0b0000 - 0x00007ffd1f0cb000 	C:\Program Files\Java\jdk-17\bin\VCRUNTIME140.dll
0x00007ffd238f0000 - 0x00007ffd23909000 	C:\Program Files\Java\jdk-17\bin\jli.dll
0x00007ffd55100000 - 0x00007ffd551b2000 	C:\Windows\System32\ADVAPI32.dll
0x00007ffd55290000 - 0x00007ffd5532e000 	C:\Windows\System32\msvcrt.dll
0x00007ffd54490000 - 0x00007ffd54530000 	C:\Windows\System32\sechost.dll
0x00007ffd553f0000 - 0x00007ffd55513000 	C:\Windows\System32\RPCRT4.dll
0x00007ffd52ed0000 - 0x00007ffd52ef7000 	C:\Windows\System32\bcrypt.dll
0x00007ffd54d00000 - 0x00007ffd54e9d000 	C:\Windows\System32\USER32.dll
0x00007ffd53700000 - 0x00007ffd53722000 	C:\Windows\System32\win32u.dll
0x00007ffd553c0000 - 0x00007ffd553eb000 	C:\Windows\System32\GDI32.dll
0x00007ffd52db0000 - 0x00007ffd52ec7000 	C:\Windows\System32\gdi32full.dll
0x00007ffd53060000 - 0x00007ffd530fd000 	C:\Windows\System32\msvcp_win.dll
0x00007ffd52170000 - 0x00007ffd5240a000 	C:\Windows\WinSxS\amd64_microsoft.windows.common-controls_6595b64144ccf1df_6.0.19041.4355_none_60b8b9eb71f62e16\COMCTL32.dll
0x00007ffd4fdb0000 - 0x00007ffd4fdba000 	C:\Windows\SYSTEM32\VERSION.dll
0x00007ffd54cd0000 - 0x00007ffd54cff000 	C:\Windows\System32\IMM32.DLL
0x00007ffd435f0000 - 0x00007ffd435fc000 	C:\Program Files\Java\jdk-17\bin\vcruntime140_1.dll
0x00007ffd1b7e0000 - 0x00007ffd1b86e000 	C:\Program Files\Java\jdk-17\bin\msvcp140.dll
0x00007ffcc9af0000 - 0x00007ffcca6d0000 	C:\Program Files\Java\jdk-17\bin\server\jvm.dll
0x00007ffd54810000 - 0x00007ffd54818000 	C:\Windows\System32\PSAPI.DLL
0x00007ffd50de0000 - 0x00007ffd50de9000 	C:\Windows\SYSTEM32\WSOCK32.dll
0x00007ffd55330000 - 0x00007ffd5539b000 	C:\Windows\System32\WS2_32.dll
0x00007ffd43f90000 - 0x00007ffd43fb7000 	C:\Windows\SYSTEM32\WINMM.dll
0x00007ffd50f20000 - 0x00007ffd50f32000 	C:\Windows\SYSTEM32\kernel.appcore.dll
0x00007ffd43550000 - 0x00007ffd4355a000 	C:\Program Files\Java\jdk-17\bin\jimage.dll
0x00007ffd52710000 - 0x00007ffd528f4000 	C:\Windows\SYSTEM32\DBGHELP.DLL
0x00007ffd526d0000 - 0x00007ffd52704000 	C:\Windows\SYSTEM32\dbgcore.DLL
0x00007ffd53670000 - 0x00007ffd536f2000 	C:\Windows\System32\bcryptPrimitives.dll
0x00007ffd50990000 - 0x00007ffd5099e000 	C:\Program Files\Java\jdk-17\bin\instrument.dll
0x00007ffd1b7b0000 - 0x00007ffd1b7d5000 	C:\Program Files\Java\jdk-17\bin\java.dll
0x00007ffd1b6d0000 - 0x00007ffd1b7a7000 	C:\Program Files\Java\jdk-17\bin\jsvml.dll
0x00007ffd53730000 - 0x00007ffd53e9f000 	C:\Windows\System32\SHELL32.dll
0x00007ffd4fe20000 - 0x00007ffd505c4000 	C:\Windows\SYSTEM32\windows.storage.dll
0x00007ffd54970000 - 0x00007ffd54cc3000 	C:\Windows\System32\combase.dll
0x00007ffd520d0000 - 0x00007ffd520fe000 	C:\Windows\SYSTEM32\Wldp.dll
0x00007ffd55520000 - 0x00007ffd555ed000 	C:\Windows\System32\OLEAUT32.dll
0x00007ffd54ea0000 - 0x00007ffd54f4d000 	C:\Windows\System32\SHCORE.dll
0x00007ffd54830000 - 0x00007ffd54885000 	C:\Windows\System32\shlwapi.dll
0x00007ffd52ce0000 - 0x00007ffd52d04000 	C:\Windows\SYSTEM32\profapi.dll
0x00007ffd1b690000 - 0x00007ffd1b6a8000 	C:\Program Files\Java\jdk-17\bin\zip.dll
0x00007ffd1c580000 - 0x00007ffd1c599000 	C:\Program Files\Java\jdk-17\bin\net.dll
0x00007ffd43880000 - 0x00007ffd4398d000 	C:\Windows\SYSTEM32\WINHTTP.dll
0x00007ffd51f70000 - 0x00007ffd51fda000 	C:\Windows\system32\mswsock.dll
0x00007ffd1b6b0000 - 0x00007ffd1b6c6000 	C:\Program Files\Java\jdk-17\bin\nio.dll
0x00007ffd41d60000 - 0x00007ffd41d7a000 	C:\Program Files\JetBrains\IntelliJ IDEA Community Edition 2024.2.2\bin\breakgen64.dll
0x00007ffd43290000 - 0x00007ffd4329a000 	C:\Program Files\Java\jdk-17\bin\management.dll
0x00007ffd43260000 - 0x00007ffd4326b000 	C:\Program Files\Java\jdk-17\bin\management_ext.dll
0x00007ffd23f00000 - 0x00007ffd23f17000 	C:\Windows\system32\napinsp.dll
0x00007ffd23ee0000 - 0x00007ffd23efb000 	C:\Windows\system32\pnrpnsp.dll
0x00007ffd239c0000 - 0x00007ffd239d5000 	C:\Windows\system32\wshbth.dll
0x00007ffd4c260000 - 0x00007ffd4c27d000 	C:\Windows\system32\NLAapi.dll
0x00007ffd51ab0000 - 0x00007ffd51aeb000 	C:\Windows\SYSTEM32\IPHLPAPI.DLL
0x00007ffd51af0000 - 0x00007ffd51bba000 	C:\Windows\SYSTEM32\DNSAPI.dll
0x00007ffd545c0000 - 0x00007ffd545c8000 	C:\Windows\System32\NSI.dll
0x00007ffd23910000 - 0x00007ffd23922000 	C:\Windows\System32\winrnr.dll
0x00007ffd41200000 - 0x00007ffd4120a000 	C:\Windows\System32\rasadhlp.dll
0x00007ffd41c80000 - 0x00007ffd41d00000 	C:\Windows\System32\fwpuclnt.dll
0x00007ffd41bf0000 - 0x00007ffd41bfe000 	C:\Program Files\Java\jdk-17\bin\sunmscapi.dll
0x00007ffd52f00000 - 0x00007ffd5305c000 	C:\Windows\System32\CRYPT32.dll
0x00007ffd52140000 - 0x00007ffd52167000 	C:\Windows\SYSTEM32\ncrypt.dll
0x00007ffd52100000 - 0x00007ffd5213b000 	C:\Windows\SYSTEM32\NTASN1.dll
0x00007ffd52ab0000 - 0x00007ffd52ac8000 	C:\Windows\SYSTEM32\CRYPTSP.dll
0x00007ffd51730000 - 0x00007ffd51764000 	C:\Windows\system32\rsaenh.dll
0x00007ffd52ca0000 - 0x00007ffd52cce000 	C:\Windows\SYSTEM32\USERENV.dll
0x00007ffd52090000 - 0x00007ffd5209c000 	C:\Windows\SYSTEM32\CRYPTBASE.dll
0x00007ffd449c0000 - 0x00007ffd449d7000 	C:\Windows\SYSTEM32\dhcpcsvc6.DLL
0x00007ffd48a60000 - 0x00007ffd48a7d000 	C:\Windows\SYSTEM32\dhcpcsvc.DLL
0x00007ffd3ed70000 - 0x00007ffd3ed80000 	C:\Program Files\Java\jdk-17\bin\verify.dll
0x00007ffd16390000 - 0x00007ffd16397000 	C:\Windows\system32\wshunix.dll

dbghelp: loaded successfully - version: 4.0.5 - missing functions: none
symbol engine: initialized successfully - sym options: 0x614 - pdb path: .;C:\Program Files\Java\jdk-17\bin;C:\Windows\SYSTEM32;C:\Windows\WinSxS\amd64_microsoft.windows.common-controls_6595b64144ccf1df_6.0.19041.4355_none_60b8b9eb71f62e16;C:\Program Files\Java\jdk-17\bin\server;C:\Program Files\JetBrains\IntelliJ IDEA Community Edition 2024.2.2\bin

VM Arguments:
jvm_args: -javaagent:C:\Program Files\JetBrains\IntelliJ IDEA Community Edition 2024.2.2\lib\idea_rt.jar=50865:C:\Program Files\JetBrains\IntelliJ IDEA Community Edition 2024.2.2\bin -Dfile.encoding=UTF-8 
java_command: co.vinni.cqrs.CqrsQueryApplication
java_class_path (initial): C:\Users\ASUS\Downloads\cqrs_patern-master_h2\cqrs_patern-master_h2\cqrs_query\target\classes;C:\Users\ASUS\.m2\repository\org\springframework\boot\spring-boot-starter-data-jpa\3.3.5\spring-boot-starter-data-jpa-3.3.5.jar;C:\Users\ASUS\.m2\repository\org\springframework\boot\spring-boot-starter-aop\3.3.5\spring-boot-starter-aop-3.3.5.jar;C:\Users\ASUS\.m2\repository\org\springframework\spring-aop\6.1.14\spring-aop-6.1.14.jar;C:\Users\ASUS\.m2\repository\org\aspectj\aspectjweaver\1.9.22.1\aspectjweaver-1.9.22.1.jar;C:\Users\ASUS\.m2\repository\org\springframework\boot\spring-boot-starter-jdbc\3.3.5\spring-boot-starter-jdbc-3.3.5.jar;C:\Users\ASUS\.m2\repository\com\zaxxer\HikariCP\5.1.0\HikariCP-5.1.0.jar;C:\Users\ASUS\.m2\repository\org\springframework\spring-jdbc\6.1.14\spring-jdbc-6.1.14.jar;C:\Users\ASUS\.m2\repository\org\hibernate\orm\hibernate-core\6.5.3.Final\hibernate-core-6.5.3.Final.jar;C:\Users\ASUS\.m2\repository\jakarta\persistence\jakarta.persistence-api\3.1.0\jakarta.persistence-api-3.1.0.jar;C:\Users\ASUS\.m2\repository\jakarta\transaction\jakarta.transaction-api\2.0.1\jakarta.transaction-api-2.0.1.jar;C:\Users\ASUS\.m2\repository\org\jboss\logging\jboss-logging\3.5.3.Final\jboss-logging-3.5.3.Final.jar;C:\Users\ASUS\.m2\repository\org\hibernate\common\hibernate-commons-annotations\6.0.6.Final\hibernate-commons-annotations-6.0.6.Final.jar;C:\Users\ASUS\.m2\repository\io\smallrye\jandex\3.1.2\jandex-3.1.2.jar;C:\Users\ASUS\.m2\repository\com\fasterxml\classmate\1.7.0\classmate-1.7.0.jar;C:\Users\ASUS\.m2\repository\net\bytebuddy\byte-buddy\1.14.19\byte-buddy-1.14.19.jar;C:\Users\ASUS\.m2\repository\org\glassfish\jaxb\jaxb-runtime\4.0.5\jaxb-runtime-4.0.5.jar;C:\Users\ASUS\.m2\repository\org\glassfish\jaxb\jaxb-core\4.0.5\jaxb-core-4.0.5.jar;C:\Users\ASUS\.m2\repository\org\eclipse\angus\angus-activation\2.0.2\angus-activation-2.0.2.jar;C:\Users\ASUS\.m2\repository\org\glassfish\jaxb\txw2\4.0.5\txw2-4.0.5.jar;C:\Users\ASUS\
Launcher Type: SUN_STANDARD

[Global flags]
     intx CICompilerCount                          = 3                                         {product} {ergonomic}
     uint ConcGCThreads                            = 1                                         {product} {ergonomic}
     uint G1ConcRefinementThreads                  = 4                                         {product} {ergonomic}
   size_t G1HeapRegionSize                         = 1048576                                   {product} {ergonomic}
    uintx GCDrainStackTargetSize                   = 64                                        {product} {ergonomic}
   size_t InitialHeapSize                          = 67108864                                  {product} {ergonomic}
   size_t MarkStackSize                            = 4194304                                   {product} {ergonomic}
   size_t MaxHeapSize                              = 1048576000                                {product} {ergonomic}
   size_t MaxNewSize                               = 629145600                                 {product} {ergonomic}
   size_t MinHeapDeltaBytes                        = 1048576                                   {product} {ergonomic}
   size_t MinHeapSize                              = 8388608                                   {product} {ergonomic}
    uintx NonNMethodCodeHeapSize                   = 5832780                                {pd product} {ergonomic}
    uintx NonProfiledCodeHeapSize                  = 122912730                              {pd product} {ergonomic}
    uintx ProfiledCodeHeapSize                     = 122912730                              {pd product} {ergonomic}
    uintx ReservedCodeCacheSize                    = 251658240                              {pd product} {ergonomic}
     bool SegmentedCodeCache                       = true                                      {product} {ergonomic}
   size_t SoftMaxHeapSize                          = 1048576000                             {manageable} {ergonomic}
     bool UseCompressedClassPointers               = true                           {product lp64_product} {ergonomic}
     bool UseCompressedOops                        = true                           {product lp64_product} {ergonomic}
     bool UseG1GC                                  = true                                      {product} {ergonomic}
     bool UseLargePagesIndividualAllocation        = false                                  {pd product} {ergonomic}

Logging:
Log output configuration:
 #0: stdout all=warning uptime,level,tags
 #1: stderr all=off uptime,level,tags

Environment Variables:
PATH=C:\Program Files\Broadcom\Broadcom 802.11 Network Adapter;;C:\Program Files\Common Files\Oracle\Java\javapath;C:\Program Files (x86)\Common Files\Oracle\Java\javapath;C:\Users\ASUS\Downloads\Oracle\bin;C:\Program Files (x86)\Intel\iCLS Client\;C:\Program Files\Intel\iCLS Client\;C:\Windows\system32;C:\Windows;C:\Windows\System32\Wbem;C:\Windows\System32\WindowsPowerShell\v1.0\;C:\Windows\System32\OpenSSH\;C:\Program Files (x86)\Intel\Intel(R) Management Engine Components\DAL;C:\Program Files\Intel\Intel(R) Management Engine Components\DAL;C:\Program Files (x86)\Intel\Intel(R) Management Engine Components\IPT;C:\Program Files\Intel\Intel(R) Management Engine Components\IPT;C:\Program Files\Microsoft SQL Server\130\Tools\Binn\;C:\Program Files\Microsoft SQL Server\Client SDK\ODBC\170\Tools\Binn\;C:\Program Files\Microsoft SQL Server\Client SDK\ODBC\130\Tools\Binn\;C:\Program Files (x86)\Microsoft SQL Server\140\Tools\Binn\;C:\Program Files\Microsoft SQL Server\140\Tools\Binn\;C:\Program Files\Microsoft SQL Server\140\DTS\Binn\;C:\Program Files (x86)\Microsoft SQL Server\160\DTS\Binn\;C:\Program Files\Azure Data Studio\bin;C:\Users\ASUS\AppData\Roaming\nvm;C:\Program Files\nodejs;C:\Program Files\Git\cmd;C:\Program Files\nodejs\;C:\Program Files\Docker\Docker\resources\bin;C:\Users\ASUS\AppData\Local\Microsoft\WindowsApps;C:\Program Files\Azure Data Studio\bin;C:\Users\ASUS\AppData\Local\Programs\Microsoft VS Code\bin;C:\Users\ASUS\AppData\Local\GitHubDesktop\bin;C:\Users\ASUS\AppData\Roaming\nvm;C:\Program Files\nodejs;C:\Users\ASUS\AppData\Roaming\npm;C:\workspace\apache-maven-3.9.9-bin\apache-maven-3.9.9\bin;
USERNAME=ASUS
OS=Windows_NT
PROCESSOR_IDENTIFIER=Intel64 Family 6 Model 61 Stepping 4, GenuineIntel



---------------  S Y S T E M  ---------------

OS:
 Windows 10 , 64 bit Build 19041 (10.0.19041.4957)
OS uptime: 0 days 10:41 hours
Hyper-V role detected

CPU: total 4 (initial active 4) (2 cores per cpu, 2 threads per core) family 6 model 61 stepping 4 microcode 0x2d, cx8, cmov, fxsr, ht, mmx, 3dnowpref, sse, sse2, sse3, ssse3, sse4.1, sse4.2, popcnt, lzcnt, tsc, tscinvbit, avx, avx2, aes, erms, clmul, bmi1, bmi2, adx, fma, vzeroupper, clflush, hv

Memory: 4k page, system-wide physical 3998M (265M free)
TotalPageFile size 16286M (AvailPageFile size 94M)
current process WorkingSet (physical memory assigned to process): 214M, peak: 217M
current process commit charge ("private bytes"): 324M, peak: 429M

vm_info: Java HotSpot(TM) 64-Bit Server VM (17.0.11+7-LTS-207) for windows-amd64 JRE (17.0.11+7-LTS-207), built on Mar 11 2024 19:01:50 by "mach5one" with MS VC++ 17.6 (VS2022)

END.
