#
# There is insufficient memory for the Java Runtime Environment to continue.
# Native memory allocation (malloc) failed to allocate 799296 bytes for Chunk::new
# Possible reasons:
#   The system is out of physical RAM or swap space
#   The process is running with CompressedOops enabled, and the Java Heap may be blocking the growth of the native heap
# Possible solutions:
#   Reduce memory load on the system
#   Increase physical memory or swap space
#   Check if swap backing store is full
#   Decrease Java heap size (-Xmx/-Xms)
#   Decrease number of Java threads
#   Decrease Java thread stack sizes (-Xss)
#   Set larger code cache with -XX:ReservedCodeCacheSize=
#   JVM is running with Unscaled Compressed Oops mode in which the Java heap is
#     placed in the first 4GB address space. The Java Heap base address is the
#     maximum limit for the native heap growth. Please use -XX:HeapBaseMinAddress
#     to set the Java Heap base and to place the Java Heap above 4GB virtual address.
# This output file may be truncated or incomplete.
#
#  Out of Memory Error (arena.cpp:189), pid=1092, tid=10944
#
# JRE version: Java(TM) SE Runtime Environment (17.0.11+7) (build 17.0.11+7-LTS-207)
# Java VM: Java HotSpot(TM) 64-Bit Server VM (17.0.11+7-LTS-207, mixed mode, sharing, tiered, compressed oops, compressed class ptrs, g1 gc, windows-amd64)
# No core dump will be written. Minidumps are not enabled by default on client versions of Windows
#

---------------  S U M M A R Y ------------

Command Line: -javaagent:C:\Program Files\JetBrains\IntelliJ IDEA Community Edition 2024.2.2\lib\idea_rt.jar=54917:C:\Program Files\JetBrains\IntelliJ IDEA Community Edition 2024.2.2\bin -Dfile.encoding=UTF-8 co.vinni.cqrs.CqrsCommandApplication

Host: Intel(R) Core(TM) i7-5500U CPU @ 2.40GHz, 4 cores, 3G,  Windows 10 , 64 bit Build 19041 (10.0.19041.4957)
Time: Sat Nov  9 15:53:27 2024 Hora est. Pacífico, Sudamérica elapsed time: 1028.570171 seconds (0d 0h 17m 8s)

---------------  T H R E A D  ---------------

Current thread (0x000001de74495b50):  JavaThread "C2 CompilerThread0" daemon [_thread_in_native, id=10944, stack(0x000000319b100000,0x000000319b200000)]


Current CompileTask:
C2:1028570 7191       4       org.springframework.core.annotation.AnnotationsScanner::getDeclaredAnnotations (166 bytes)

Stack: [0x000000319b100000,0x000000319b200000]
Native frames: (J=compiled Java code, j=interpreted, Vv=VM code, C=native code)
V  [jvm.dll+0x679cca]
V  [jvm.dll+0x7da13d]
V  [jvm.dll+0x7dba83]
V  [jvm.dll+0x7dc0f3]
V  [jvm.dll+0x2449af]
V  [jvm.dll+0xab83b]
V  [jvm.dll+0xabe1c]
V  [jvm.dll+0x2a9e6f]
V  [jvm.dll+0x5818d9]
V  [jvm.dll+0x21ed62]
V  [jvm.dll+0x217bd7]
V  [jvm.dll+0x215505]
V  [jvm.dll+0x1a2040]
V  [jvm.dll+0x225a2b]
V  [jvm.dll+0x223bcb]
V  [jvm.dll+0x7903ec]
V  [jvm.dll+0x78a85a]
V  [jvm.dll+0x678bb5]
C  [ucrtbase.dll+0x21bb2]
C  [KERNEL32.DLL+0x17374]
C  [ntdll.dll+0x4cc91]


---------------  P R O C E S S  ---------------

Threads class SMR info:
_java_thread_list=0x000001de791b5fd0, length=33, elements={
0x000001de592fe2e0, 0x000001de592ff680, 0x000001de74491320, 0x000001de74493d00,
0x000001de744945d0, 0x000001de74494ea0, 0x000001de74495b50, 0x000001de74498cc0,
0x000001de7449e220, 0x000001de7456e360, 0x000001de74a8e7f0, 0x000001de7494a8d0,
0x000001de7afff010, 0x000001de7a37aa40, 0x000001de7a272a60, 0x000001de7affcf50,
0x000001de7affb0f0, 0x000001de7affc020, 0x000001de7affd460, 0x000001de7affc530,
0x000001de7affe390, 0x000001de7affabe0, 0x000001de7c7a3f10, 0x000001de7c7a2fe0,
0x000001de7c7a34f0, 0x000001de7c7a71b0, 0x000001de7c7a80e0, 0x000001de7c7a1180,
0x000001de7c7a76c0, 0x000001de7c7a6790, 0x000001de7c7a4420, 0x000001de7c7a3a00,
0x000001de7c7a1ba0
}

Java Threads: ( => current thread )
  0x000001de592fe2e0 JavaThread "Reference Handler" daemon [_thread_blocked, id=12504, stack(0x000000319ab00000,0x000000319ac00000)]
  0x000001de592ff680 JavaThread "Finalizer" daemon [_thread_blocked, id=3480, stack(0x000000319ac00000,0x000000319ad00000)]
  0x000001de74491320 JavaThread "Signal Dispatcher" daemon [_thread_blocked, id=3400, stack(0x000000319ad00000,0x000000319ae00000)]
  0x000001de74493d00 JavaThread "Attach Listener" daemon [_thread_blocked, id=13836, stack(0x000000319ae00000,0x000000319af00000)]
  0x000001de744945d0 JavaThread "Service Thread" daemon [_thread_blocked, id=60, stack(0x000000319af00000,0x000000319b000000)]
  0x000001de74494ea0 JavaThread "Monitor Deflation Thread" daemon [_thread_blocked, id=10628, stack(0x000000319b000000,0x000000319b100000)]
=>0x000001de74495b50 JavaThread "C2 CompilerThread0" daemon [_thread_in_native, id=10944, stack(0x000000319b100000,0x000000319b200000)]
  0x000001de74498cc0 JavaThread "C1 CompilerThread0" daemon [_thread_blocked, id=5948, stack(0x000000319b200000,0x000000319b300000)]
  0x000001de7449e220 JavaThread "Sweeper thread" daemon [_thread_blocked, id=12836, stack(0x000000319b300000,0x000000319b400000)]
  0x000001de7456e360 JavaThread "Common-Cleaner" daemon [_thread_blocked, id=3348, stack(0x000000319b400000,0x000000319b500000)]
  0x000001de74a8e7f0 JavaThread "Monitor Ctrl-Break" daemon [_thread_in_native, id=6552, stack(0x000000319b500000,0x000000319b600000)]
  0x000001de7494a8d0 JavaThread "Notification Thread" daemon [_thread_blocked, id=3412, stack(0x000000319b600000,0x000000319b700000)]
  0x000001de7afff010 JavaThread "Catalina-utility-1" [_thread_blocked, id=5532, stack(0x000000319bc00000,0x000000319bd00000)]
  0x000001de7a37aa40 JavaThread "Catalina-utility-2" [_thread_blocked, id=11552, stack(0x000000319bd00000,0x000000319be00000)]
  0x000001de7a272a60 JavaThread "container-0" [_thread_blocked, id=2232, stack(0x000000319be00000,0x000000319bf00000)]
  0x000001de7affcf50 JavaThread "PostgreSQL-JDBC-Cleaner" daemon [_thread_blocked, id=6200, stack(0x000000319c000000,0x000000319c100000)]
  0x000001de7affb0f0 JavaThread "HikariPool-1 housekeeper" daemon [_thread_blocked, id=3032, stack(0x000000319c100000,0x000000319c200000)]
  0x000001de7affc020 JavaThread "http-nio-8620-exec-1" daemon [_thread_blocked, id=12160, stack(0x000000319c300000,0x000000319c400000)]
  0x000001de7affd460 JavaThread "http-nio-8620-exec-2" daemon [_thread_blocked, id=3424, stack(0x000000319c400000,0x000000319c500000)]
  0x000001de7affc530 JavaThread "http-nio-8620-exec-3" daemon [_thread_blocked, id=8396, stack(0x000000319c500000,0x000000319c600000)]
  0x000001de7affe390 JavaThread "http-nio-8620-exec-4" daemon [_thread_blocked, id=14940, stack(0x000000319c600000,0x000000319c700000)]
  0x000001de7affabe0 JavaThread "http-nio-8620-exec-5" daemon [_thread_blocked, id=1544, stack(0x000000319c700000,0x000000319c800000)]
  0x000001de7c7a3f10 JavaThread "http-nio-8620-exec-6" daemon [_thread_blocked, id=1628, stack(0x000000319c800000,0x000000319c900000)]
  0x000001de7c7a2fe0 JavaThread "http-nio-8620-exec-7" daemon [_thread_blocked, id=3952, stack(0x000000319c900000,0x000000319ca00000)]
  0x000001de7c7a34f0 JavaThread "http-nio-8620-exec-8" daemon [_thread_blocked, id=1836, stack(0x000000319ca00000,0x000000319cb00000)]
  0x000001de7c7a71b0 JavaThread "http-nio-8620-exec-9" daemon [_thread_blocked, id=3392, stack(0x000000319cb00000,0x000000319cc00000)]
  0x000001de7c7a80e0 JavaThread "http-nio-8620-exec-10" daemon [_thread_blocked, id=6168, stack(0x000000319cc00000,0x000000319cd00000)]
  0x000001de7c7a1180 JavaThread "http-nio-8620-Poller" daemon [_thread_in_native, id=3112, stack(0x000000319cd00000,0x000000319ce00000)]
  0x000001de7c7a76c0 JavaThread "http-nio-8620-Acceptor" daemon [_thread_in_native, id=13916, stack(0x000000319ce00000,0x000000319cf00000)]
  0x000001de7c7a6790 JavaThread "DestroyJavaVM" [_thread_blocked, id=9920, stack(0x000000319a400000,0x000000319a500000)]
  0x000001de7c7a4420 JavaThread "kafka-producer-network-thread | cqrs_command-producer-1" daemon [_thread_blocked, id=8420, stack(0x000000319a100000,0x000000319a200000)]
  0x000001de7c7a3a00 JavaThread "SIGINT handler" daemon [_thread_blocked, id=15180, stack(0x000000319a300000,0x000000319a400000)]
  0x000001de7c7a1ba0 JavaThread "SpringApplicationShutdownHook" [_thread_in_vm, id=13036, stack(0x000000319bf00000,0x000000319c000000)]

Other Threads:
  0x000001de592f6750 VMThread "VM Thread" [stack: 0x000000319aa00000,0x000000319ab00000] [id=13980]
  0x000001de74a8ecd0 WatcherThread [stack: 0x000000319b700000,0x000000319b800000] [id=5960]
  0x000001de5927db60 GCTaskThread "GC Thread#0" [stack: 0x000000319a500000,0x000000319a600000] [id=15356]
  0x000001de791f1990 GCTaskThread "GC Thread#1" [stack: 0x000000319b800000,0x000000319b900000] [id=9280]
  0x000001de7951cb60 GCTaskThread "GC Thread#2" [stack: 0x000000319b900000,0x000000319ba00000] [id=6780]
  0x000001de7951ce20 GCTaskThread "GC Thread#3" [stack: 0x000000319ba00000,0x000000319bb00000] [id=12932]
  0x000001de592876d0 ConcurrentGCThread "G1 Main Marker" [stack: 0x000000319a600000,0x000000319a700000] [id=2588]
  0x000001de59287ff0 ConcurrentGCThread "G1 Conc#0" [stack: 0x000000319a700000,0x000000319a800000] [id=8932]
  0x000001de592d66f0 ConcurrentGCThread "G1 Refine#0" [stack: 0x000000319a800000,0x000000319a900000] [id=4172]
  0x000001de79df7bc0 ConcurrentGCThread "G1 Refine#1" [stack: 0x000000319bb00000,0x000000319bc00000] [id=8044]
  0x000001de592d7030 ConcurrentGCThread "G1 Service" [stack: 0x000000319a900000,0x000000319aa00000] [id=10348]

Threads with active compile tasks:
C2 CompilerThread0  1028775 7191       4       org.springframework.core.annotation.AnnotationsScanner::getDeclaredAnnotations (166 bytes)

VM state: not at safepoint (normal execution)

VM Mutex/Monitor currently owned by a thread: None

Heap address: 0x00000000c1800000, size: 1000 MB, Compressed Oops mode: 32-bit

CDS archive(s) mapped at: [0x000001de00000000-0x000001de00bd0000-0x000001de00bd0000), size 12386304, SharedBaseAddress: 0x000001de00000000, ArchiveRelocationMode: 1.
Compressed class space mapped at: 0x000001de01000000-0x000001de41000000, reserved size: 1073741824
Narrow klass base: 0x000001de00000000, Narrow klass shift: 0, Narrow klass range: 0x100000000

GC Precious Log:
 CPUs: 4 total, 4 available
 Memory: 3998M
 Large Page Support: Disabled
 NUMA Support: Disabled
 Compressed Oops: Enabled (32-bit)
 Heap Region Size: 1M
 Heap Min Capacity: 8M
 Heap Initial Capacity: 64M
 Heap Max Capacity: 1000M
 Pre-touch: Disabled
 Parallel Workers: 4
 Concurrent Workers: 1
 Concurrent Refinement Workers: 4
 Periodic GC: Disabled

Heap:
 garbage-first heap   total 67584K, used 45871K [0x00000000c1800000, 0x0000000100000000)
  region size 1024K, 14 young (14336K), 1 survivors (1024K)
 Metaspace       used 77834K, committed 78464K, reserved 1179648K
  class space    used 10178K, committed 10496K, reserved 1048576K

Heap Regions: E=young(eden), S=young(survivor), O=old, HS=humongous(starts), HC=humongous(continues), CS=collection set, F=free, OA=open archive, CA=closed archive, TAMS=top-at-mark-start (previous, next)
|   0|0x00000000c1800000, 0x00000000c1900000, 0x00000000c1900000|100%|HS|  |TAMS 0x00000000c1900000, 0x00000000c1800000| Complete 
|   1|0x00000000c1900000, 0x00000000c1a00000, 0x00000000c1a00000|100%| O|  |TAMS 0x00000000c1a00000, 0x00000000c1900000| Untracked 
|   2|0x00000000c1a00000, 0x00000000c1b00000, 0x00000000c1b00000|100%| O|  |TAMS 0x00000000c1b00000, 0x00000000c1a00000| Untracked 
|   3|0x00000000c1b00000, 0x00000000c1c00000, 0x00000000c1c00000|100%| O|  |TAMS 0x00000000c1c00000, 0x00000000c1b00000| Untracked 
|   4|0x00000000c1c00000, 0x00000000c1d00000, 0x00000000c1d00000|100%| O|  |TAMS 0x00000000c1d00000, 0x00000000c1c00000| Untracked 
|   5|0x00000000c1d00000, 0x00000000c1e00000, 0x00000000c1e00000|100%| O|  |TAMS 0x00000000c1e00000, 0x00000000c1d00000| Untracked 
|   6|0x00000000c1e00000, 0x00000000c1f00000, 0x00000000c1f00000|100%| O|  |TAMS 0x00000000c1f00000, 0x00000000c1e00000| Untracked 
|   7|0x00000000c1f00000, 0x00000000c1f00000, 0x00000000c2000000|  0%| F|  |TAMS 0x00000000c1f00000, 0x00000000c1f00000| Untracked 
|   8|0x00000000c2000000, 0x00000000c2100000, 0x00000000c2100000|100%| O|  |TAMS 0x00000000c2100000, 0x00000000c2000000| Untracked 
|   9|0x00000000c2100000, 0x00000000c2200000, 0x00000000c2200000|100%| O|  |TAMS 0x00000000c2200000, 0x00000000c2100000| Untracked 
|  10|0x00000000c2200000, 0x00000000c2300000, 0x00000000c2300000|100%| O|  |TAMS 0x00000000c2300000, 0x00000000c2200000| Untracked 
|  11|0x00000000c2300000, 0x00000000c2400000, 0x00000000c2400000|100%| O|  |TAMS 0x00000000c2400000, 0x00000000c2300000| Untracked 
|  12|0x00000000c2400000, 0x00000000c2500000, 0x00000000c2500000|100%| O|  |TAMS 0x00000000c2500000, 0x00000000c2400000| Untracked 
|  13|0x00000000c2500000, 0x00000000c2600000, 0x00000000c2600000|100%| O|  |TAMS 0x00000000c2600000, 0x00000000c2500000| Untracked 
|  14|0x00000000c2600000, 0x00000000c2700000, 0x00000000c2700000|100%| O|  |TAMS 0x00000000c2700000, 0x00000000c2600000| Untracked 
|  15|0x00000000c2700000, 0x00000000c2800000, 0x00000000c2800000|100%| O|  |TAMS 0x00000000c2800000, 0x00000000c2700000| Untracked 
|  16|0x00000000c2800000, 0x00000000c2900000, 0x00000000c2900000|100%| O|  |TAMS 0x00000000c2900000, 0x00000000c2800000| Untracked 
|  17|0x00000000c2900000, 0x00000000c2a00000, 0x00000000c2a00000|100%| O|  |TAMS 0x00000000c2a00000, 0x00000000c2900000| Untracked 
|  18|0x00000000c2a00000, 0x00000000c2b00000, 0x00000000c2b00000|100%| O|  |TAMS 0x00000000c2b00000, 0x00000000c2a00000| Untracked 
|  19|0x00000000c2b00000, 0x00000000c2c00000, 0x00000000c2c00000|100%| O|  |TAMS 0x00000000c2c00000, 0x00000000c2b00000| Untracked 
|  20|0x00000000c2c00000, 0x00000000c2d00000, 0x00000000c2d00000|100%| O|  |TAMS 0x00000000c2d00000, 0x00000000c2c00000| Untracked 
|  21|0x00000000c2d00000, 0x00000000c2e00000, 0x00000000c2e00000|100%| O|  |TAMS 0x00000000c2e00000, 0x00000000c2d00000| Untracked 
|  22|0x00000000c2e00000, 0x00000000c2f00000, 0x00000000c2f00000|100%| O|  |TAMS 0x00000000c2f00000, 0x00000000c2e00000| Untracked 
|  23|0x00000000c2f00000, 0x00000000c3000000, 0x00000000c3000000|100%| O|  |TAMS 0x00000000c3000000, 0x00000000c2f00000| Untracked 
|  24|0x00000000c3000000, 0x00000000c3100000, 0x00000000c3100000|100%| O|  |TAMS 0x00000000c3100000, 0x00000000c3000000| Untracked 
|  25|0x00000000c3100000, 0x00000000c3200000, 0x00000000c3200000|100%| O|  |TAMS 0x00000000c3200000, 0x00000000c3100000| Untracked 
|  26|0x00000000c3200000, 0x00000000c3300000, 0x00000000c3300000|100%| O|  |TAMS 0x00000000c3300000, 0x00000000c3200000| Untracked 
|  27|0x00000000c3300000, 0x00000000c3400000, 0x00000000c3400000|100%| O|  |TAMS 0x00000000c3400000, 0x00000000c3300000| Untracked 
|  28|0x00000000c3400000, 0x00000000c3500000, 0x00000000c3500000|100%| O|  |TAMS 0x00000000c3500000, 0x00000000c3400000| Untracked 
|  29|0x00000000c3500000, 0x00000000c3600000, 0x00000000c3600000|100%| O|  |TAMS 0x00000000c359e000, 0x00000000c3500000| Untracked 
|  30|0x00000000c3600000, 0x00000000c3700000, 0x00000000c3700000|100%| O|  |TAMS 0x00000000c3600000, 0x00000000c3600000| Untracked 
|  31|0x00000000c3700000, 0x00000000c3800000, 0x00000000c3800000|100%| O|  |TAMS 0x00000000c3700000, 0x00000000c3700000| Untracked 
|  32|0x00000000c3800000, 0x00000000c3900000, 0x00000000c3900000|100%| O|  |TAMS 0x00000000c3800000, 0x00000000c3800000| Untracked 
|  33|0x00000000c3900000, 0x00000000c397cc00, 0x00000000c3a00000| 48%| O|  |TAMS 0x00000000c3900000, 0x00000000c3900000| Untracked 
|  34|0x00000000c3a00000, 0x00000000c3a00000, 0x00000000c3b00000|  0%| F|  |TAMS 0x00000000c3a00000, 0x00000000c3a00000| Untracked 
|  35|0x00000000c3b00000, 0x00000000c3b00000, 0x00000000c3c00000|  0%| F|  |TAMS 0x00000000c3b00000, 0x00000000c3b00000| Untracked 
|  36|0x00000000c3c00000, 0x00000000c3c00000, 0x00000000c3d00000|  0%| F|  |TAMS 0x00000000c3c00000, 0x00000000c3c00000| Untracked 
|  37|0x00000000c3d00000, 0x00000000c3d00000, 0x00000000c3e00000|  0%| F|  |TAMS 0x00000000c3d00000, 0x00000000c3d00000| Untracked 
|  38|0x00000000c3e00000, 0x00000000c3e00000, 0x00000000c3f00000|  0%| F|  |TAMS 0x00000000c3e00000, 0x00000000c3e00000| Untracked 
|  39|0x00000000c3f00000, 0x00000000c3f00000, 0x00000000c4000000|  0%| F|  |TAMS 0x00000000c3f00000, 0x00000000c3f00000| Untracked 
|  40|0x00000000c4000000, 0x00000000c4000000, 0x00000000c4100000|  0%| F|  |TAMS 0x00000000c4000000, 0x00000000c4000000| Untracked 
|  41|0x00000000c4100000, 0x00000000c4100000, 0x00000000c4200000|  0%| F|  |TAMS 0x00000000c4100000, 0x00000000c4100000| Untracked 
|  42|0x00000000c4200000, 0x00000000c4200000, 0x00000000c4300000|  0%| F|  |TAMS 0x00000000c4200000, 0x00000000c4200000| Untracked 
|  43|0x00000000c4300000, 0x00000000c4300000, 0x00000000c4400000|  0%| F|  |TAMS 0x00000000c4300000, 0x00000000c4300000| Untracked 
|  44|0x00000000c4400000, 0x00000000c4400000, 0x00000000c4500000|  0%| F|  |TAMS 0x00000000c4400000, 0x00000000c4400000| Untracked 
|  45|0x00000000c4500000, 0x00000000c4500000, 0x00000000c4600000|  0%| F|  |TAMS 0x00000000c4500000, 0x00000000c4500000| Untracked 
|  46|0x00000000c4600000, 0x00000000c4600000, 0x00000000c4700000|  0%| F|  |TAMS 0x00000000c4600000, 0x00000000c4600000| Untracked 
|  47|0x00000000c4700000, 0x00000000c4700000, 0x00000000c4800000|  0%| F|  |TAMS 0x00000000c4700000, 0x00000000c4700000| Untracked 
|  48|0x00000000c4800000, 0x00000000c4800000, 0x00000000c4900000|  0%| F|  |TAMS 0x00000000c4800000, 0x00000000c4800000| Untracked 
|  49|0x00000000c4900000, 0x00000000c4900000, 0x00000000c4a00000|  0%| F|  |TAMS 0x00000000c4900000, 0x00000000c4900000| Untracked 
|  50|0x00000000c4a00000, 0x00000000c4a00000, 0x00000000c4b00000|  0%| F|  |TAMS 0x00000000c4a00000, 0x00000000c4a00000| Untracked 
|  51|0x00000000c4b00000, 0x00000000c4b00000, 0x00000000c4c00000|  0%| F|  |TAMS 0x00000000c4b00000, 0x00000000c4b00000| Untracked 
|  52|0x00000000c4c00000, 0x00000000c4ccc268, 0x00000000c4d00000| 79%| E|  |TAMS 0x00000000c4c00000, 0x00000000c4c00000| Complete 
|  53|0x00000000c4d00000, 0x00000000c4e00000, 0x00000000c4e00000|100%| E|CS|TAMS 0x00000000c4d00000, 0x00000000c4d00000| Complete 
|  54|0x00000000c4e00000, 0x00000000c4f00000, 0x00000000c4f00000|100%| E|CS|TAMS 0x00000000c4e00000, 0x00000000c4e00000| Complete 
|  55|0x00000000c4f00000, 0x00000000c5000000, 0x00000000c5000000|100%| E|CS|TAMS 0x00000000c4f00000, 0x00000000c4f00000| Complete 
|  56|0x00000000c5000000, 0x00000000c5100000, 0x00000000c5100000|100%| E|CS|TAMS 0x00000000c5000000, 0x00000000c5000000| Complete 
|  57|0x00000000c5100000, 0x00000000c5200000, 0x00000000c5200000|100%| E|CS|TAMS 0x00000000c5100000, 0x00000000c5100000| Complete 
|  58|0x00000000c5200000, 0x00000000c5300000, 0x00000000c5300000|100%| E|CS|TAMS 0x00000000c5200000, 0x00000000c5200000| Complete 
|  59|0x00000000c5300000, 0x00000000c5400000, 0x00000000c5400000|100%| E|CS|TAMS 0x00000000c5300000, 0x00000000c5300000| Complete 
|  60|0x00000000c5400000, 0x00000000c5500000, 0x00000000c5500000|100%| E|CS|TAMS 0x00000000c5400000, 0x00000000c5400000| Complete 
|  61|0x00000000c5500000, 0x00000000c5600000, 0x00000000c5600000|100%| E|CS|TAMS 0x00000000c5500000, 0x00000000c5500000| Complete 
|  62|0x00000000c5600000, 0x00000000c5700000, 0x00000000c5700000|100%| E|CS|TAMS 0x00000000c5600000, 0x00000000c5600000| Complete 
|  63|0x00000000c5700000, 0x00000000c5800000, 0x00000000c5800000|100%| E|CS|TAMS 0x00000000c5700000, 0x00000000c5700000| Complete 
|  64|0x00000000c5800000, 0x00000000c584f0e0, 0x00000000c5900000| 30%| S|CS|TAMS 0x00000000c5800000, 0x00000000c5800000| Complete 
|  65|0x00000000c5900000, 0x00000000c5a00000, 0x00000000c5a00000|100%| E|CS|TAMS 0x00000000c5900000, 0x00000000c5900000| Complete 

Card table byte_map: [0x000001de6fd00000,0x000001de6ff00000] _byte_map_base: 0x000001de6f6f4000

Marking Bits (Prev, Next): (CMBitMap*) 0x000001de5927f0a0, (CMBitMap*) 0x000001de5927f0e0
 Prev Bits: [0x000001de70100000, 0x000001de710a0000)
 Next Bits: [0x000001de710a0000, 0x000001de72040000)

Polling page: 0x000001de571e0000

Metaspace:

Usage:
  Non-class:     66.07 MB used.
      Class:      9.94 MB used.
       Both:     76.01 MB used.

Virtual space:
  Non-class space:      128.00 MB reserved,      66.38 MB ( 52%) committed,  2 nodes.
      Class space:        1.00 GB reserved,      10.25 MB (  1%) committed,  1 nodes.
             Both:        1.12 GB reserved,      76.62 MB (  7%) committed. 

Chunk freelists:
   Non-Class:  13.64 MB
       Class:  5.81 MB
        Both:  19.45 MB

MaxMetaspaceSize: unlimited
CompressedClassSpaceSize: 1.00 GB
Initial GC threshold: 21.00 MB
Current GC threshold: 123.12 MB
CDS: on
MetaspaceReclaimPolicy: balanced
 - commit_granule_bytes: 65536.
 - commit_granule_words: 8192.
 - virtual_space_node_default_size: 8388608.
 - enlarge_chunks_in_place: 1.
 - new_chunks_are_fully_committed: 0.
 - uncommit_free_chunks: 1.
 - use_allocation_guard: 0.
 - handle_deallocations: 1.


Internal statistics:

num_allocs_failed_limit: 9.
num_arena_births: 828.
num_arena_deaths: 0.
num_vsnodes_births: 3.
num_vsnodes_deaths: 0.
num_space_committed: 1226.
num_space_uncommitted: 0.
num_chunks_returned_to_freelist: 9.
num_chunks_taken_from_freelist: 3649.
num_chunk_merges: 6.
num_chunk_splits: 2654.
num_chunks_enlarged: 2112.
num_inconsistent_stats: 0.

CodeHeap 'non-profiled nmethods': size=120000Kb used=3581Kb max_used=3581Kb free=116418Kb
 bounds [0x000001de685d0000, 0x000001de68950000, 0x000001de6fb00000]
CodeHeap 'profiled nmethods': size=120000Kb used=11851Kb max_used=11851Kb free=108148Kb
 bounds [0x000001de60b00000, 0x000001de616a0000, 0x000001de68030000]
CodeHeap 'non-nmethods': size=5760Kb used=1417Kb max_used=1464Kb free=4343Kb
 bounds [0x000001de68030000, 0x000001de682a0000, 0x000001de685d0000]
 total_blobs=7102 nmethods=6332 adapters=682
 compilation: enabled
              stopped_count=0, restarted_count=0
 full_count=0

Compilation events (20 events):
Event: 1024.066 Thread 0x000001de74498cc0 nmethod 7181 0x000001de6168bf10 code [0x000001de6168c1e0, 0x000001de6168d378]
Event: 1024.066 Thread 0x000001de74498cc0 7182   !   3       sun.nio.ch.SocketChannelImpl::getRemoteAddress (23 bytes)
Event: 1024.067 Thread 0x000001de74498cc0 nmethod 7182 0x000001de6168da90 code [0x000001de6168dc60, 0x000001de6168e088]
Event: 1024.067 Thread 0x000001de74498cc0 7183       3       org.apache.kafka.common.network.PlaintextTransportLayer::finishConnect (34 bytes)
Event: 1024.069 Thread 0x000001de74498cc0 nmethod 7183 0x000001de6168e290 code [0x000001de6168e480, 0x000001de6168e908]
Event: 1024.069 Thread 0x000001de74498cc0 7184   !   3       sun.nio.ch.SocketChannelImpl::beginFinishConnect (57 bytes)
Event: 1024.071 Thread 0x000001de74498cc0 nmethod 7184 0x000001de6168eb90 code [0x000001de6168eda0, 0x000001de6168f3c8]
Event: 1024.071 Thread 0x000001de74498cc0 7185   !   3       sun.nio.ch.SocketChannelImpl::endFinishConnect (75 bytes)
Event: 1024.079 Thread 0x000001de74498cc0 nmethod 7185 0x000001de6168f710 code [0x000001de6168f920, 0x000001de6168ff68]
Event: 1024.994 Thread 0x000001de74495b50 7186   !   4       org.apache.kafka.clients.producer.internals.Sender::maybeSendAndPollTransactionalRequest (450 bytes)
Event: 1026.182 Thread 0x000001de74495b50 nmethod 7186 0x000001de6893dd10 code [0x000001de6893e660, 0x000001de68948c50]
Event: 1026.345 Thread 0x000001de74495b50 7187       4       java.util.stream.Collectors$$Lambda$60/0x000001de01067070::get (8 bytes)
Event: 1026.346 Thread 0x000001de74495b50 nmethod 7187 0x000001de6894f010 code [0x000001de6894f1a0, 0x000001de6894f278]
Event: 1027.056 Thread 0x000001de74498cc0 7188   !   3       java.util.logging.LogManager$LoggerContext::findLogger (113 bytes)
Event: 1027.096 Thread 0x000001de74498cc0 nmethod 7188 0x000001de61690210 code [0x000001de616904a0, 0x000001de616914c8]
Event: 1027.687 Thread 0x000001de74498cc0 7190       3       org.apache.kafka.clients.NetworkClient$InFlightRequest::timeElapsedSinceSendMs (11 bytes)
Event: 1027.688 Thread 0x000001de74495b50 7189       4       org.apache.logging.log4j.core.layout.PatternLayout$NoFormatPatternSerializer::toSerializable (40 bytes)
Event: 1027.688 Thread 0x000001de74498cc0 nmethod 7190 0x000001de61691a10 code [0x000001de61691ba0, 0x000001de61691d78]
Event: 1027.704 Thread 0x000001de74495b50 nmethod 7189 0x000001de6894f310 code [0x000001de6894f4a0, 0x000001de6894f5b8]
Event: 1027.927 Thread 0x000001de74495b50 7191       4       org.springframework.core.annotation.AnnotationsScanner::getDeclaredAnnotations (166 bytes)

GC Heap History (20 events):
Event: 12.802 GC heap before
{Heap before GC invocations=15 (full 0):
 garbage-first heap   total 54272K, used 39686K [0x00000000c1800000, 0x0000000100000000)
  region size 1024K, 21 young (21504K), 3 survivors (3072K)
 Metaspace       used 50178K, committed 50688K, reserved 1114112K
  class space    used 6575K, committed 6848K, reserved 1048576K
}
Event: 12.812 GC heap after
{Heap after GC invocations=16 (full 0):
 garbage-first heap   total 54272K, used 23385K [0x00000000c1800000, 0x0000000100000000)
  region size 1024K, 3 young (3072K), 3 survivors (3072K)
 Metaspace       used 50178K, committed 50688K, reserved 1114112K
  class space    used 6575K, committed 6848K, reserved 1048576K
}
Event: 13.791 GC heap before
{Heap before GC invocations=16 (full 0):
 garbage-first heap   total 54272K, used 40793K [0x00000000c1800000, 0x0000000100000000)
  region size 1024K, 21 young (21504K), 3 survivors (3072K)
 Metaspace       used 55530K, committed 56000K, reserved 1114112K
  class space    used 7497K, committed 7744K, reserved 1048576K
}
Event: 13.799 GC heap after
{Heap after GC invocations=17 (full 0):
 garbage-first heap   total 54272K, used 24319K [0x00000000c1800000, 0x0000000100000000)
  region size 1024K, 3 young (3072K), 3 survivors (3072K)
 Metaspace       used 55530K, committed 56000K, reserved 1114112K
  class space    used 7497K, committed 7744K, reserved 1048576K
}
Event: 14.459 GC heap before
{Heap before GC invocations=17 (full 0):
 garbage-first heap   total 54272K, used 40703K [0x00000000c1800000, 0x0000000100000000)
  region size 1024K, 20 young (20480K), 3 survivors (3072K)
 Metaspace       used 59252K, committed 59840K, reserved 1114112K
  class space    used 8088K, committed 8384K, reserved 1048576K
}
Event: 14.465 GC heap after
{Heap after GC invocations=18 (full 0):
 garbage-first heap   total 54272K, used 24996K [0x00000000c1800000, 0x0000000100000000)
  region size 1024K, 2 young (2048K), 2 survivors (2048K)
 Metaspace       used 59252K, committed 59840K, reserved 1114112K
  class space    used 8088K, committed 8384K, reserved 1048576K
}
Event: 15.412 GC heap before
{Heap before GC invocations=18 (full 0):
 garbage-first heap   total 54272K, used 41380K [0x00000000c1800000, 0x0000000100000000)
  region size 1024K, 19 young (19456K), 2 survivors (2048K)
 Metaspace       used 62177K, committed 62720K, reserved 1114112K
  class space    used 8456K, committed 8704K, reserved 1048576K
}
Event: 15.419 GC heap after
{Heap after GC invocations=19 (full 0):
 garbage-first heap   total 54272K, used 26596K [0x00000000c1800000, 0x0000000100000000)
  region size 1024K, 3 young (3072K), 3 survivors (3072K)
 Metaspace       used 62177K, committed 62720K, reserved 1114112K
  class space    used 8456K, committed 8704K, reserved 1048576K
}
Event: 16.069 GC heap before
{Heap before GC invocations=20 (full 0):
 garbage-first heap   total 54272K, used 42980K [0x00000000c1800000, 0x0000000100000000)
  region size 1024K, 19 young (19456K), 3 survivors (3072K)
 Metaspace       used 63487K, committed 64064K, reserved 1114112K
  class space    used 8673K, committed 8960K, reserved 1048576K
}
Event: 16.086 GC heap after
{Heap after GC invocations=21 (full 0):
 garbage-first heap   total 54272K, used 28595K [0x00000000c1800000, 0x0000000100000000)
  region size 1024K, 2 young (2048K), 2 survivors (2048K)
 Metaspace       used 63487K, committed 64064K, reserved 1114112K
  class space    used 8673K, committed 8960K, reserved 1048576K
}
Event: 16.517 GC heap before
{Heap before GC invocations=21 (full 0):
 garbage-first heap   total 54272K, used 41907K [0x00000000c1800000, 0x0000000100000000)
  region size 1024K, 16 young (16384K), 2 survivors (2048K)
 Metaspace       used 64921K, committed 65536K, reserved 1114112K
  class space    used 8875K, committed 9152K, reserved 1048576K
}
Event: 16.524 GC heap after
{Heap after GC invocations=22 (full 0):
 garbage-first heap   total 54272K, used 29929K [0x00000000c1800000, 0x0000000100000000)
  region size 1024K, 2 young (2048K), 2 survivors (2048K)
 Metaspace       used 64921K, committed 65536K, reserved 1114112K
  class space    used 8875K, committed 9152K, reserved 1048576K
}
Event: 86.994 GC heap before
{Heap before GC invocations=23 (full 0):
 garbage-first heap   total 56320K, used 42217K [0x00000000c1800000, 0x0000000100000000)
  region size 1024K, 15 young (15360K), 2 survivors (2048K)
 Metaspace       used 68075K, committed 68672K, reserved 1114112K
  class space    used 9293K, committed 9600K, reserved 1048576K
}
Event: 87.046 GC heap after
{Heap after GC invocations=24 (full 0):
 garbage-first heap   total 67584K, used 31324K [0x00000000c1800000, 0x0000000100000000)
  region size 1024K, 2 young (2048K), 2 survivors (2048K)
 Metaspace       used 68075K, committed 68672K, reserved 1114112K
  class space    used 9293K, committed 9600K, reserved 1048576K
}
Event: 529.904 GC heap before
{Heap before GC invocations=24 (full 0):
 garbage-first heap   total 67584K, used 51804K [0x00000000c1800000, 0x0000000100000000)
  region size 1024K, 23 young (23552K), 2 survivors (2048K)
 Metaspace       used 73314K, committed 73984K, reserved 1114112K
  class space    used 9867K, committed 10176K, reserved 1048576K
}
Event: 530.034 GC heap after
{Heap after GC invocations=25 (full 0):
 garbage-first heap   total 67584K, used 32692K [0x00000000c1800000, 0x0000000100000000)
  region size 1024K, 3 young (3072K), 3 survivors (3072K)
 Metaspace       used 73314K, committed 73984K, reserved 1114112K
  class space    used 9867K, committed 10176K, reserved 1048576K
}
Event: 751.509 GC heap before
{Heap before GC invocations=26 (full 0):
 garbage-first heap   total 67584K, used 53172K [0x00000000c1800000, 0x0000000100000000)
  region size 1024K, 24 young (24576K), 3 survivors (3072K)
 Metaspace       used 77158K, committed 77760K, reserved 1179648K
  class space    used 10111K, committed 10432K, reserved 1048576K
}
Event: 751.826 GC heap after
{Heap after GC invocations=27 (full 0):
 garbage-first heap   total 67584K, used 33477K [0x00000000c1800000, 0x0000000100000000)
  region size 1024K, 3 young (3072K), 3 survivors (3072K)
 Metaspace       used 77158K, committed 77760K, reserved 1179648K
  class space    used 10111K, committed 10432K, reserved 1048576K
}
Event: 775.713 GC heap before
{Heap before GC invocations=27 (full 0):
 garbage-first heap   total 67584K, used 34501K [0x00000000c1800000, 0x0000000100000000)
  region size 1024K, 4 young (4096K), 3 survivors (3072K)
 Metaspace       used 77196K, committed 77824K, reserved 1179648K
  class space    used 10111K, committed 10432K, reserved 1048576K
}
Event: 775.895 GC heap after
{Heap after GC invocations=28 (full 0):
 garbage-first heap   total 67584K, used 33583K [0x00000000c1800000, 0x0000000100000000)
  region size 1024K, 1 young (1024K), 1 survivors (1024K)
 Metaspace       used 77196K, committed 77824K, reserved 1179648K
  class space    used 10111K, committed 10432K, reserved 1048576K
}

Deoptimization events (20 events):
Event: 942.831 Thread 0x000001de7c7a4420 Uncommon trap: trap_request=0xffffff45 fr.pc=0x000001de688feffc relative=0x00000000000004bc
Event: 942.831 Thread 0x000001de7c7a4420 Uncommon trap: reason=unstable_if action=reinterpret pc=0x000001de688feffc method=org.apache.kafka.clients.ClusterConnectionStates.isPreparingConnection(Ljava/lang/String;)Z @ 35 c2
Event: 942.831 Thread 0x000001de7c7a4420 DEOPT PACKING pc=0x000001de688feffc sp=0x000000319a1fef50
Event: 942.831 Thread 0x000001de7c7a4420 DEOPT UNPACKING pc=0x000001de680823a3 sp=0x000000319a1fef00 mode 2
Event: 942.831 Thread 0x000001de7c7a4420 Uncommon trap: trap_request=0xffffff45 fr.pc=0x000001de68914874 relative=0x0000000000001514
Event: 942.831 Thread 0x000001de7c7a4420 Uncommon trap: reason=unstable_if action=reinterpret pc=0x000001de68914874 method=sun.nio.ch.WEPollSelectorImpl.processUpdateQueue()V @ 149 c2
Event: 942.831 Thread 0x000001de7c7a4420 DEOPT PACKING pc=0x000001de68914874 sp=0x000000319a1fede0
Event: 942.831 Thread 0x000001de7c7a4420 DEOPT UNPACKING pc=0x000001de680823a3 sp=0x000000319a1fed40 mode 2
Event: 942.864 Thread 0x000001de7c7a4420 Uncommon trap: trap_request=0xffffff45 fr.pc=0x000001de688f2fc8 relative=0x0000000000000da8
Event: 942.864 Thread 0x000001de7c7a4420 Uncommon trap: reason=unstable_if action=reinterpret pc=0x000001de688f2fc8 method=org.apache.kafka.common.metrics.Sensor.recordInternal(DJZ)V @ 127 c2
Event: 942.864 Thread 0x000001de7c7a4420 DEOPT PACKING pc=0x000001de688f2fc8 sp=0x000000319a1feb90
Event: 942.864 Thread 0x000001de7c7a4420 DEOPT UNPACKING pc=0x000001de680823a3 sp=0x000000319a1feb98 mode 2
Event: 942.865 Thread 0x000001de7c7a4420 Uncommon trap: trap_request=0xffffff45 fr.pc=0x000001de688dc12c relative=0x000000000000010c
Event: 942.865 Thread 0x000001de7c7a4420 Uncommon trap: reason=unstable_if action=reinterpret pc=0x000001de688dc12c method=org.apache.kafka.common.metrics.stats.SampledStat.current(J)Lorg/apache/kafka/common/metrics/stats/SampledStat$Sample; @ 9 c2
Event: 942.865 Thread 0x000001de7c7a4420 DEOPT PACKING pc=0x000001de688dc12c sp=0x000000319a1fea80
Event: 942.865 Thread 0x000001de7c7a4420 DEOPT UNPACKING pc=0x000001de680823a3 sp=0x000000319a1fea08 mode 2
Event: 947.711 Thread 0x000001de7c7a4420 Uncommon trap: trap_request=0xffffff45 fr.pc=0x000001de688e2624 relative=0x0000000000000204
Event: 947.711 Thread 0x000001de7c7a4420 Uncommon trap: reason=unstable_if action=reinterpret pc=0x000001de688e2624 method=java.util.HashMap$KeySpliterator.forEachRemaining(Ljava/util/function/Consumer;)V @ 159 c2
Event: 947.711 Thread 0x000001de7c7a4420 DEOPT PACKING pc=0x000001de688e2624 sp=0x000000319a1fed90
Event: 947.712 Thread 0x000001de7c7a4420 DEOPT UNPACKING pc=0x000001de680823a3 sp=0x000000319a1fed30 mode 2

Classes unloaded (0 events):
No events

Classes redefined (0 events):
No events

Internal exceptions (20 events):
Event: 922.672 Thread 0x000001de7c7a4420 Exception <a 'java/net/ConnectException'{0x00000000c53a2bc0}: Connection refused: no further information> (0x00000000c53a2bc0) 
thrown [s\open\src\hotspot\share\prims\jni.cpp, line 535]
Event: 923.590 Thread 0x000001de7c7a4420 Exception <a 'java/net/ConnectException'{0x00000000c53abcd8}: Connection refused: no further information> (0x00000000c53abcd8) 
thrown [s\open\src\hotspot\share\prims\jni.cpp, line 535]
Event: 924.455 Thread 0x000001de7c7a4420 Exception <a 'java/net/ConnectException'{0x00000000c53b4720}: Connection refused: no further information> (0x00000000c53b4720) 
thrown [s\open\src\hotspot\share\prims\jni.cpp, line 535]
Event: 925.327 Thread 0x000001de7c7a4420 Exception <a 'java/net/ConnectException'{0x00000000c53bd390}: Connection refused: no further information> (0x00000000c53bd390) 
thrown [s\open\src\hotspot\share\prims\jni.cpp, line 535]
Event: 926.133 Thread 0x000001de7c7a4420 Exception <a 'java/net/ConnectException'{0x00000000c53c5788}: Connection refused: no further information> (0x00000000c53c5788) 
thrown [s\open\src\hotspot\share\prims\jni.cpp, line 535]
Event: 927.163 Thread 0x000001de7c7a4420 Exception <a 'java/net/ConnectException'{0x00000000c53cf670}: Connection refused: no further information> (0x00000000c53cf670) 
thrown [s\open\src\hotspot\share\prims\jni.cpp, line 535]
Event: 928.172 Thread 0x000001de7c7a4420 Exception <a 'java/net/ConnectException'{0x00000000c53d9410}: Connection refused: no further information> (0x00000000c53d9410) 
thrown [s\open\src\hotspot\share\prims\jni.cpp, line 535]
Event: 929.165 Thread 0x000001de7c7a4420 Exception <a 'java/net/ConnectException'{0x00000000c53e2ab8}: Connection refused: no further information> (0x00000000c53e2ab8) 
thrown [s\open\src\hotspot\share\prims\jni.cpp, line 535]
Event: 930.175 Thread 0x000001de7c7a4420 Exception <a 'java/net/ConnectException'{0x00000000c53ec788}: Connection refused: no further information> (0x00000000c53ec788) 
thrown [s\open\src\hotspot\share\prims\jni.cpp, line 535]
Event: 931.043 Thread 0x000001de7c7a4420 Exception <a 'java/net/ConnectException'{0x00000000c53f51a8}: Connection refused: no further information> (0x00000000c53f51a8) 
thrown [s\open\src\hotspot\share\prims\jni.cpp, line 535]
Event: 932.064 Thread 0x000001de7c7a4420 Exception <a 'java/net/ConnectException'{0x00000000c53ff190}: Connection refused: no further information> (0x00000000c53ff190) 
thrown [s\open\src\hotspot\share\prims\jni.cpp, line 535]
Event: 933.115 Thread 0x000001de7c7a4420 Exception <a 'java/net/ConnectException'{0x00000000c52093c8}: Connection refused: no further information> (0x00000000c52093c8) 
thrown [s\open\src\hotspot\share\prims\jni.cpp, line 535]
Event: 934.178 Thread 0x000001de7c7a4420 Exception <a 'java/net/ConnectException'{0x00000000c5213098}: Connection refused: no further information> (0x00000000c5213098) 
thrown [s\open\src\hotspot\share\prims\jni.cpp, line 535]
Event: 935.048 Thread 0x000001de7c7a4420 Exception <a 'java/net/ConnectException'{0x00000000c521bab8}: Connection refused: no further information> (0x00000000c521bab8) 
thrown [s\open\src\hotspot\share\prims\jni.cpp, line 535]
Event: 936.065 Thread 0x000001de7c7a4420 Exception <a 'java/net/ConnectException'{0x00000000c5225778}: Connection refused: no further information> (0x00000000c5225778) 
thrown [s\open\src\hotspot\share\prims\jni.cpp, line 535]
Event: 937.110 Thread 0x000001de7c7a4420 Exception <a 'java/net/ConnectException'{0x00000000c522f448}: Connection refused: no further information> (0x00000000c522f448) 
thrown [s\open\src\hotspot\share\prims\jni.cpp, line 535]
Event: 938.156 Thread 0x000001de7c7a4420 Exception <a 'java/net/ConnectException'{0x00000000c52392b8}: Connection refused: no further information> (0x00000000c52392b8) 
thrown [s\open\src\hotspot\share\prims\jni.cpp, line 535]
Event: 939.018 Thread 0x000001de7c7a4420 Exception <a 'java/net/ConnectException'{0x00000000c5241ff8}: Connection refused: no further information> (0x00000000c5241ff8) 
thrown [s\open\src\hotspot\share\prims\jni.cpp, line 535]
Event: 940.050 Thread 0x000001de7c7a4420 Exception <a 'java/net/ConnectException'{0x00000000c524b760}: Connection refused: no further information> (0x00000000c524b760) 
thrown [s\open\src\hotspot\share\prims\jni.cpp, line 535]
Event: 942.847 Thread 0x000001de7c7a4420 Exception <a 'java/lang/NoSuchMethodError'{0x00000000c50795e8}: 'java.lang.Object java.lang.invoke.DirectMethodHandle$Holder.newInvokeSpecial(java.lang.Object, long)'> (0x00000000c50795e8) 
thrown [s\open\src\hotspot\share\interpreter\linkResolver.cpp, line 759]

VM Operations (20 events):
Event: 948.976 Executing VM operation: Cleanup
Event: 948.976 Executing VM operation: Cleanup done
Event: 949.981 Executing VM operation: Cleanup
Event: 949.982 Executing VM operation: Cleanup done
Event: 953.009 Executing VM operation: Cleanup
Event: 953.009 Executing VM operation: Cleanup done
Event: 961.913 Executing VM operation: HandshakeAllThreads
Event: 961.913 Executing VM operation: HandshakeAllThreads done
Event: 976.027 Executing VM operation: Cleanup
Event: 976.028 Executing VM operation: Cleanup done
Event: 982.080 Executing VM operation: Cleanup
Event: 982.080 Executing VM operation: Cleanup done
Event: 1011.341 Executing VM operation: Cleanup
Event: 1011.341 Executing VM operation: Cleanup done
Event: 1013.357 Executing VM operation: Cleanup
Event: 1013.357 Executing VM operation: Cleanup done
Event: 1026.489 Executing VM operation: Cleanup
Event: 1027.249 Executing VM operation: Cleanup done
Event: 1028.257 Executing VM operation: Cleanup
Event: 1028.259 Executing VM operation: Cleanup done

Events (20 events):
Event: 942.546 Thread 0x000001de7449e220 flushing nmethod 0x000001de60d96410
Event: 942.561 Thread 0x000001de7449e220 flushing nmethod 0x000001de60e0f790
Event: 942.562 Thread 0x000001de7449e220 flushing nmethod 0x000001de60e10790
Event: 942.567 Thread 0x000001de7449e220 flushing nmethod 0x000001de60e34f10
Event: 942.854 loading class sun/nio/ch/IOVecWrapper
Event: 942.855 loading class sun/nio/ch/IOVecWrapper done
Event: 942.856 loading class sun/nio/ch/AllocatedNativeObject
Event: 942.856 loading class sun/nio/ch/NativeObject
Event: 942.857 loading class sun/nio/ch/NativeObject done
Event: 942.857 loading class sun/nio/ch/AllocatedNativeObject done
Event: 942.857 loading class sun/nio/ch/IOVecWrapper$Deallocator
Event: 942.857 loading class sun/nio/ch/IOVecWrapper$Deallocator done
Event: 942.922 loading class java/util/ArrayDeque$DescendingIterator
Event: 942.924 loading class java/util/ArrayDeque$DescendingIterator done
Event: 1026.415 loading class jdk/internal/misc/Signal$1
Event: 1026.432 loading class jdk/internal/misc/Signal$1 done
Event: 1026.435 Thread 0x000001de7c7a3a00 Thread added: 0x000001de7c7a3a00
Event: 1026.472 Thread 0x000001de7c7a1ba0 Thread added: 0x000001de7c7a1ba0
Event: 1026.475 Thread 0x000001de7c7a1690 Thread added: 0x000001de7c7a1690
Event: 1027.056 Thread 0x000001de7c7a1690 Thread exited: 0x000001de7c7a1690


Dynamic libraries:
0x00007ff738ab0000 - 0x00007ff738ac0000 	C:\Program Files\Java\jdk-17\bin\java.exe
0x00007ffd55710000 - 0x00007ffd55908000 	C:\Windows\SYSTEM32\ntdll.dll
0x00007ffd551c0000 - 0x00007ffd55282000 	C:\Windows\System32\KERNEL32.DLL
0x00007ffd53370000 - 0x00007ffd5366e000 	C:\Windows\System32\KERNELBASE.dll
0x00007ffd53150000 - 0x00007ffd53250000 	C:\Windows\System32\ucrtbase.dll
0x00007ffd1f0b0000 - 0x00007ffd1f0cb000 	C:\Program Files\Java\jdk-17\bin\VCRUNTIME140.dll
0x00007ffd238f0000 - 0x00007ffd23909000 	C:\Program Files\Java\jdk-17\bin\jli.dll
0x00007ffd55100000 - 0x00007ffd551b2000 	C:\Windows\System32\ADVAPI32.dll
0x00007ffd55290000 - 0x00007ffd5532e000 	C:\Windows\System32\msvcrt.dll
0x00007ffd54490000 - 0x00007ffd54530000 	C:\Windows\System32\sechost.dll
0x00007ffd553f0000 - 0x00007ffd55513000 	C:\Windows\System32\RPCRT4.dll
0x00007ffd52ed0000 - 0x00007ffd52ef7000 	C:\Windows\System32\bcrypt.dll
0x00007ffd54d00000 - 0x00007ffd54e9d000 	C:\Windows\System32\USER32.dll
0x00007ffd53700000 - 0x00007ffd53722000 	C:\Windows\System32\win32u.dll
0x00007ffd553c0000 - 0x00007ffd553eb000 	C:\Windows\System32\GDI32.dll
0x00007ffd52db0000 - 0x00007ffd52ec7000 	C:\Windows\System32\gdi32full.dll
0x00007ffd53060000 - 0x00007ffd530fd000 	C:\Windows\System32\msvcp_win.dll
0x00007ffd52170000 - 0x00007ffd5240a000 	C:\Windows\WinSxS\amd64_microsoft.windows.common-controls_6595b64144ccf1df_6.0.19041.4355_none_60b8b9eb71f62e16\COMCTL32.dll
0x00007ffd4fdb0000 - 0x00007ffd4fdba000 	C:\Windows\SYSTEM32\VERSION.dll
0x00007ffd54cd0000 - 0x00007ffd54cff000 	C:\Windows\System32\IMM32.DLL
0x00007ffd435f0000 - 0x00007ffd435fc000 	C:\Program Files\Java\jdk-17\bin\vcruntime140_1.dll
0x00007ffd1b7e0000 - 0x00007ffd1b86e000 	C:\Program Files\Java\jdk-17\bin\msvcp140.dll
0x00007ffcc9af0000 - 0x00007ffcca6d0000 	C:\Program Files\Java\jdk-17\bin\server\jvm.dll
0x00007ffd54810000 - 0x00007ffd54818000 	C:\Windows\System32\PSAPI.DLL
0x00007ffd43f90000 - 0x00007ffd43fb7000 	C:\Windows\SYSTEM32\WINMM.dll
0x00007ffd50de0000 - 0x00007ffd50de9000 	C:\Windows\SYSTEM32\WSOCK32.dll
0x00007ffd55330000 - 0x00007ffd5539b000 	C:\Windows\System32\WS2_32.dll
0x00007ffd50f20000 - 0x00007ffd50f32000 	C:\Windows\SYSTEM32\kernel.appcore.dll
0x00007ffd43550000 - 0x00007ffd4355a000 	C:\Program Files\Java\jdk-17\bin\jimage.dll
0x00007ffd52710000 - 0x00007ffd528f4000 	C:\Windows\SYSTEM32\DBGHELP.DLL
0x00007ffd526d0000 - 0x00007ffd52704000 	C:\Windows\SYSTEM32\dbgcore.DLL
0x00007ffd53670000 - 0x00007ffd536f2000 	C:\Windows\System32\bcryptPrimitives.dll
0x00007ffd50830000 - 0x00007ffd5083e000 	C:\Program Files\Java\jdk-17\bin\instrument.dll
0x00007ffd1b7b0000 - 0x00007ffd1b7d5000 	C:\Program Files\Java\jdk-17\bin\java.dll
0x00007ffd1b6d0000 - 0x00007ffd1b7a7000 	C:\Program Files\Java\jdk-17\bin\jsvml.dll
0x00007ffd53730000 - 0x00007ffd53e9f000 	C:\Windows\System32\SHELL32.dll
0x00007ffd4fe20000 - 0x00007ffd505c4000 	C:\Windows\SYSTEM32\windows.storage.dll
0x00007ffd54970000 - 0x00007ffd54cc3000 	C:\Windows\System32\combase.dll
0x00007ffd520d0000 - 0x00007ffd520fe000 	C:\Windows\SYSTEM32\Wldp.dll
0x00007ffd55520000 - 0x00007ffd555ed000 	C:\Windows\System32\OLEAUT32.dll
0x00007ffd54ea0000 - 0x00007ffd54f4d000 	C:\Windows\System32\SHCORE.dll
0x00007ffd54830000 - 0x00007ffd54885000 	C:\Windows\System32\shlwapi.dll
0x00007ffd52ce0000 - 0x00007ffd52d04000 	C:\Windows\SYSTEM32\profapi.dll
0x00007ffd1b690000 - 0x00007ffd1b6a8000 	C:\Program Files\Java\jdk-17\bin\zip.dll
0x00007ffd1c580000 - 0x00007ffd1c599000 	C:\Program Files\Java\jdk-17\bin\net.dll
0x00007ffd43880000 - 0x00007ffd4398d000 	C:\Windows\SYSTEM32\WINHTTP.dll
0x00007ffd51f70000 - 0x00007ffd51fda000 	C:\Windows\system32\mswsock.dll
0x00007ffd1b6b0000 - 0x00007ffd1b6c6000 	C:\Program Files\Java\jdk-17\bin\nio.dll
0x00007ffd1b670000 - 0x00007ffd1b68a000 	C:\Program Files\JetBrains\IntelliJ IDEA Community Edition 2024.2.2\bin\breakgen64.dll
0x00007ffd43290000 - 0x00007ffd4329a000 	C:\Program Files\Java\jdk-17\bin\management.dll
0x00007ffd43260000 - 0x00007ffd4326b000 	C:\Program Files\Java\jdk-17\bin\management_ext.dll
0x00007ffd23f00000 - 0x00007ffd23f17000 	C:\Windows\system32\napinsp.dll
0x00007ffd23ee0000 - 0x00007ffd23efb000 	C:\Windows\system32\pnrpnsp.dll
0x00007ffd239c0000 - 0x00007ffd239d5000 	C:\Windows\system32\wshbth.dll
0x00007ffd4c260000 - 0x00007ffd4c27d000 	C:\Windows\system32\NLAapi.dll
0x00007ffd51ab0000 - 0x00007ffd51aeb000 	C:\Windows\SYSTEM32\IPHLPAPI.DLL
0x00007ffd51af0000 - 0x00007ffd51bba000 	C:\Windows\SYSTEM32\DNSAPI.dll
0x00007ffd545c0000 - 0x00007ffd545c8000 	C:\Windows\System32\NSI.dll
0x00007ffd23910000 - 0x00007ffd23922000 	C:\Windows\System32\winrnr.dll
0x00007ffd41200000 - 0x00007ffd4120a000 	C:\Windows\System32\rasadhlp.dll
0x00007ffd41c80000 - 0x00007ffd41d00000 	C:\Windows\System32\fwpuclnt.dll
0x00007ffd41bf0000 - 0x00007ffd41bfe000 	C:\Program Files\Java\jdk-17\bin\sunmscapi.dll
0x00007ffd52f00000 - 0x00007ffd5305c000 	C:\Windows\System32\CRYPT32.dll
0x00007ffd52140000 - 0x00007ffd52167000 	C:\Windows\SYSTEM32\ncrypt.dll
0x00007ffd52100000 - 0x00007ffd5213b000 	C:\Windows\SYSTEM32\NTASN1.dll
0x00007ffd52ab0000 - 0x00007ffd52ac8000 	C:\Windows\SYSTEM32\CRYPTSP.dll
0x00007ffd51730000 - 0x00007ffd51764000 	C:\Windows\system32\rsaenh.dll
0x00007ffd52ca0000 - 0x00007ffd52cce000 	C:\Windows\SYSTEM32\USERENV.dll
0x00007ffd52090000 - 0x00007ffd5209c000 	C:\Windows\SYSTEM32\CRYPTBASE.dll
0x00007ffd449c0000 - 0x00007ffd449d7000 	C:\Windows\SYSTEM32\dhcpcsvc6.DLL
0x00007ffd48a60000 - 0x00007ffd48a7d000 	C:\Windows\SYSTEM32\dhcpcsvc.DLL
0x00007ffd3ed70000 - 0x00007ffd3ed80000 	C:\Program Files\Java\jdk-17\bin\verify.dll
0x00007ffd16390000 - 0x00007ffd16397000 	C:\Windows\system32\wshunix.dll

dbghelp: loaded successfully - version: 4.0.5 - missing functions: none
symbol engine: initialized successfully - sym options: 0x614 - pdb path: .;C:\Program Files\Java\jdk-17\bin;C:\Windows\SYSTEM32;C:\Windows\WinSxS\amd64_microsoft.windows.common-controls_6595b64144ccf1df_6.0.19041.4355_none_60b8b9eb71f62e16;C:\Program Files\Java\jdk-17\bin\server;C:\Program Files\JetBrains\IntelliJ IDEA Community Edition 2024.2.2\bin

VM Arguments:
jvm_args: -javaagent:C:\Program Files\JetBrains\IntelliJ IDEA Community Edition 2024.2.2\lib\idea_rt.jar=54917:C:\Program Files\JetBrains\IntelliJ IDEA Community Edition 2024.2.2\bin -Dfile.encoding=UTF-8 
java_command: co.vinni.cqrs.CqrsCommandApplication
java_class_path (initial): C:\Users\ASUS\Downloads\cqrs_patern-master_h2\cqrs_patern-master_h2\cqrs_command\target\classes;C:\Users\ASUS\.m2\repository\org\springframework\boot\spring-boot-starter-data-jpa\3.3.5\spring-boot-starter-data-jpa-3.3.5.jar;C:\Users\ASUS\.m2\repository\org\springframework\boot\spring-boot-starter-aop\3.3.5\spring-boot-starter-aop-3.3.5.jar;C:\Users\ASUS\.m2\repository\org\springframework\spring-aop\6.1.14\spring-aop-6.1.14.jar;C:\Users\ASUS\.m2\repository\org\aspectj\aspectjweaver\1.9.22.1\aspectjweaver-1.9.22.1.jar;C:\Users\ASUS\.m2\repository\org\springframework\boot\spring-boot-starter-jdbc\3.3.5\spring-boot-starter-jdbc-3.3.5.jar;C:\Users\ASUS\.m2\repository\com\zaxxer\HikariCP\5.1.0\HikariCP-5.1.0.jar;C:\Users\ASUS\.m2\repository\org\springframework\spring-jdbc\6.1.14\spring-jdbc-6.1.14.jar;C:\Users\ASUS\.m2\repository\org\hibernate\orm\hibernate-core\6.5.3.Final\hibernate-core-6.5.3.Final.jar;C:\Users\ASUS\.m2\repository\jakarta\persistence\jakarta.persistence-api\3.1.0\jakarta.persistence-api-3.1.0.jar;C:\Users\ASUS\.m2\repository\jakarta\transaction\jakarta.transaction-api\2.0.1\jakarta.transaction-api-2.0.1.jar;C:\Users\ASUS\.m2\repository\org\jboss\logging\jboss-logging\3.5.3.Final\jboss-logging-3.5.3.Final.jar;C:\Users\ASUS\.m2\repository\org\hibernate\common\hibernate-commons-annotations\6.0.6.Final\hibernate-commons-annotations-6.0.6.Final.jar;C:\Users\ASUS\.m2\repository\io\smallrye\jandex\3.1.2\jandex-3.1.2.jar;C:\Users\ASUS\.m2\repository\com\fasterxml\classmate\1.7.0\classmate-1.7.0.jar;C:\Users\ASUS\.m2\repository\net\bytebuddy\byte-buddy\1.14.19\byte-buddy-1.14.19.jar;C:\Users\ASUS\.m2\repository\org\glassfish\jaxb\jaxb-runtime\4.0.5\jaxb-runtime-4.0.5.jar;C:\Users\ASUS\.m2\repository\org\glassfish\jaxb\jaxb-core\4.0.5\jaxb-core-4.0.5.jar;C:\Users\ASUS\.m2\repository\org\eclipse\angus\angus-activation\2.0.2\angus-activation-2.0.2.jar;C:\Users\ASUS\.m2\repository\org\glassfish\jaxb\txw2\4.0.5\txw2-4.0.5.jar;C:\Users\ASU
Launcher Type: SUN_STANDARD

[Global flags]
     intx CICompilerCount                          = 3                                         {product} {ergonomic}
     uint ConcGCThreads                            = 1                                         {product} {ergonomic}
     uint G1ConcRefinementThreads                  = 4                                         {product} {ergonomic}
   size_t G1HeapRegionSize                         = 1048576                                   {product} {ergonomic}
    uintx GCDrainStackTargetSize                   = 64                                        {product} {ergonomic}
   size_t InitialHeapSize                          = 67108864                                  {product} {ergonomic}
   size_t MarkStackSize                            = 4194304                                   {product} {ergonomic}
   size_t MaxHeapSize                              = 1048576000                                {product} {ergonomic}
   size_t MaxNewSize                               = 629145600                                 {product} {ergonomic}
   size_t MinHeapDeltaBytes                        = 1048576                                   {product} {ergonomic}
   size_t MinHeapSize                              = 8388608                                   {product} {ergonomic}
    uintx NonNMethodCodeHeapSize                   = 5832780                                {pd product} {ergonomic}
    uintx NonProfiledCodeHeapSize                  = 122912730                              {pd product} {ergonomic}
    uintx ProfiledCodeHeapSize                     = 122912730                              {pd product} {ergonomic}
    uintx ReservedCodeCacheSize                    = 251658240                              {pd product} {ergonomic}
     bool SegmentedCodeCache                       = true                                      {product} {ergonomic}
   size_t SoftMaxHeapSize                          = 1048576000                             {manageable} {ergonomic}
     bool UseCompressedClassPointers               = true                           {product lp64_product} {ergonomic}
     bool UseCompressedOops                        = true                           {product lp64_product} {ergonomic}
     bool UseG1GC                                  = true                                      {product} {ergonomic}
     bool UseLargePagesIndividualAllocation        = false                                  {pd product} {ergonomic}

Logging:
Log output configuration:
 #0: stdout all=warning uptime,level,tags
 #1: stderr all=off uptime,level,tags

Environment Variables:
PATH=C:\Program Files\Broadcom\Broadcom 802.11 Network Adapter;;C:\Program Files\Common Files\Oracle\Java\javapath;C:\Program Files (x86)\Common Files\Oracle\Java\javapath;C:\Users\ASUS\Downloads\Oracle\bin;C:\Program Files (x86)\Intel\iCLS Client\;C:\Program Files\Intel\iCLS Client\;C:\Windows\system32;C:\Windows;C:\Windows\System32\Wbem;C:\Windows\System32\WindowsPowerShell\v1.0\;C:\Windows\System32\OpenSSH\;C:\Program Files (x86)\Intel\Intel(R) Management Engine Components\DAL;C:\Program Files\Intel\Intel(R) Management Engine Components\DAL;C:\Program Files (x86)\Intel\Intel(R) Management Engine Components\IPT;C:\Program Files\Intel\Intel(R) Management Engine Components\IPT;C:\Program Files\Microsoft SQL Server\130\Tools\Binn\;C:\Program Files\Microsoft SQL Server\Client SDK\ODBC\170\Tools\Binn\;C:\Program Files\Microsoft SQL Server\Client SDK\ODBC\130\Tools\Binn\;C:\Program Files (x86)\Microsoft SQL Server\140\Tools\Binn\;C:\Program Files\Microsoft SQL Server\140\Tools\Binn\;C:\Program Files\Microsoft SQL Server\140\DTS\Binn\;C:\Program Files (x86)\Microsoft SQL Server\160\DTS\Binn\;C:\Program Files\Azure Data Studio\bin;C:\Users\ASUS\AppData\Roaming\nvm;C:\Program Files\nodejs;C:\Program Files\Git\cmd;C:\Program Files\nodejs\;C:\Program Files\Docker\Docker\resources\bin;C:\Users\ASUS\AppData\Local\Microsoft\WindowsApps;C:\Program Files\Azure Data Studio\bin;C:\Users\ASUS\AppData\Local\Programs\Microsoft VS Code\bin;C:\Users\ASUS\AppData\Local\GitHubDesktop\bin;C:\Users\ASUS\AppData\Roaming\nvm;C:\Program Files\nodejs;C:\Users\ASUS\AppData\Roaming\npm;C:\workspace\apache-maven-3.9.9-bin\apache-maven-3.9.9\bin;
USERNAME=ASUS
OS=Windows_NT
PROCESSOR_IDENTIFIER=Intel64 Family 6 Model 61 Stepping 4, GenuineIntel



---------------  S Y S T E M  ---------------

OS:
 Windows 10 , 64 bit Build 19041 (10.0.19041.4957)
OS uptime: 0 days 6:41 hours
Hyper-V role detected

CPU: total 4 (initial active 4) (2 cores per cpu, 2 threads per core) family 6 model 61 stepping 4 microcode 0x2d, cx8, cmov, fxsr, ht, mmx, 3dnowpref, sse, sse2, sse3, ssse3, sse4.1, sse4.2, popcnt, lzcnt, tsc, tscinvbit, avx, avx2, aes, erms, clmul, bmi1, bmi2, adx, fma, vzeroupper, clflush, hv

Memory: 4k page, system-wide physical 3998M (71M free)
TotalPageFile size 16286M (AvailPageFile size 1M)
current process WorkingSet (physical memory assigned to process): 60M, peak: 211M
current process commit charge ("private bytes"): 273M, peak: 290M

vm_info: Java HotSpot(TM) 64-Bit Server VM (17.0.11+7-LTS-207) for windows-amd64 JRE (17.0.11+7-LTS-207), built on Mar 11 2024 19:01:50 by "mach5one" with MS VC++ 17.6 (VS2022)

END.
